{"/home/travis/build/npmtest/node-npmtest-socket.io-stream/test.js":{"path":"/home/travis/build/npmtest/node-npmtest-socket.io-stream/test.js","s":{"1":2,"2":2,"3":2,"4":2,"5":2,"6":2,"7":2,"8":1,"9":2,"10":2,"11":1,"12":1,"13":1,"14":1,"15":2,"16":2,"17":2,"18":2,"19":1,"20":1,"21":2,"22":2,"23":2,"24":1,"25":1,"26":1,"27":1,"28":1,"29":1,"30":1,"31":1,"32":1,"33":1,"34":1,"35":1,"36":1,"37":1,"38":1,"39":2,"40":2,"41":1,"42":2,"43":2,"44":1,"45":2,"46":2,"47":1,"48":2,"49":2,"50":1,"51":1,"52":1,"53":1,"54":1},"b":{"1":[2,1,1,1],"2":[1,1,1,1],"3":[1,1],"4":[1,1],"5":[1,1],"6":[1,1],"7":[1,1],"8":[1,1],"9":[1,1],"10":[1,1,1],"11":[1,1],"12":[1,1],"13":[1,1],"14":[1,1],"15":[1,1],"16":[1,1],"17":[1,1]},"f":{"1":2,"2":2,"3":2,"4":2,"5":2,"6":1,"7":1,"8":1,"9":2,"10":2,"11":2,"12":2,"13":1},"fnMap":{"1":{"name":"(anonymous_1)","line":12,"loc":{"start":{"line":12,"column":1},"end":{"line":12,"column":13}}},"2":{"name":"(anonymous_2)","line":19,"loc":{"start":{"line":19,"column":5},"end":{"line":19,"column":17}}},"3":{"name":"(anonymous_3)","line":23,"loc":{"start":{"line":23,"column":24},"end":{"line":23,"column":36}}},"4":{"name":"(anonymous_4)","line":61,"loc":{"start":{"line":61,"column":5},"end":{"line":61,"column":17}}},"5":{"name":"(anonymous_5)","line":82,"loc":{"start":{"line":82,"column":5},"end":{"line":82,"column":17}}},"6":{"name":"(anonymous_6)","line":91,"loc":{"start":{"line":91,"column":77},"end":{"line":94,"column":10}}},"7":{"name":"(anonymous_7)","line":112,"loc":{"start":{"line":112,"column":83},"end":{"line":115,"column":10}},"skip":true},"8":{"name":"(anonymous_8)","line":123,"loc":{"start":{"line":123,"column":77},"end":{"line":126,"column":10}},"skip":true},"9":{"name":"(anonymous_9)","line":139,"loc":{"start":{"line":139,"column":12},"end":{"line":139,"column":40}},"skip":true},"10":{"name":"(anonymous_10)","line":147,"loc":{"start":{"line":147,"column":77},"end":{"line":150,"column":10}},"skip":true},"11":{"name":"(anonymous_11)","line":158,"loc":{"start":{"line":158,"column":83},"end":{"line":161,"column":10}},"skip":true},"12":{"name":"(anonymous_12)","line":169,"loc":{"start":{"line":169,"column":79},"end":{"line":172,"column":10}},"skip":true},"13":{"name":"(anonymous_13)","line":180,"loc":{"start":{"line":180,"column":75},"end":{"line":183,"column":10}},"skip":true}},"statementMap":{"1":{"start":{"line":12,"column":0},"end":{"line":195,"column":5}},"2":{"start":{"line":14,"column":4},"end":{"line":14,"column":14}},"3":{"start":{"line":19,"column":4},"end":{"line":56,"column":9}},"4":{"start":{"line":21,"column":8},"end":{"line":21,"column":19}},"5":{"start":{"line":23,"column":8},"end":{"line":35,"column":13}},"6":{"start":{"line":24,"column":12},"end":{"line":34,"column":13}},"7":{"start":{"line":25,"column":16},"end":{"line":28,"column":30}},"8":{"start":{"line":30,"column":16},"end":{"line":33,"column":27}},"9":{"start":{"line":37,"column":8},"end":{"line":39,"column":21}},"10":{"start":{"line":40,"column":8},"end":{"line":53,"column":9}},"11":{"start":{"line":43,"column":12},"end":{"line":46,"column":14}},"12":{"start":{"line":47,"column":12},"end":{"line":47,"column":18}},"13":{"start":{"line":50,"column":12},"end":{"line":51,"column":46}},"14":{"start":{"line":52,"column":12},"end":{"line":52,"column":18}},"15":{"start":{"line":55,"column":8},"end":{"line":55,"column":35}},"16":{"start":{"line":61,"column":4},"end":{"line":63,"column":9}},"17":{"start":{"line":62,"column":8},"end":{"line":62,"column":15}},"18":{"start":{"line":64,"column":4},"end":{"line":77,"column":5}},"19":{"start":{"line":70,"column":8},"end":{"line":70,"column":14}},"20":{"start":{"line":76,"column":8},"end":{"line":76,"column":14}},"21":{"start":{"line":82,"column":4},"end":{"line":84,"column":9}},"22":{"start":{"line":83,"column":8},"end":{"line":83,"column":15}},"23":{"start":{"line":85,"column":4},"end":{"line":194,"column":5}},"24":{"start":{"line":91,"column":8},"end":{"line":99,"column":10}},"25":{"start":{"line":98,"column":12},"end":{"line":98,"column":35}},"26":{"start":{"line":102,"column":8},"end":{"line":104,"column":63}},"27":{"start":{"line":105,"column":8},"end":{"line":105,"column":14}},"28":{"start":{"line":112,"column":8},"end":{"line":121,"column":10},"skip":true},"29":{"start":{"line":119,"column":12},"end":{"line":119,"column":55},"skip":true},"30":{"start":{"line":120,"column":12},"end":{"line":120,"column":48},"skip":true},"31":{"start":{"line":123,"column":8},"end":{"line":136,"column":10},"skip":true},"32":{"start":{"line":130,"column":12},"end":{"line":130,"column":76},"skip":true},"33":{"start":{"line":131,"column":12},"end":{"line":131,"column":73},"skip":true},"34":{"start":{"line":132,"column":12},"end":{"line":132,"column":74},"skip":true},"35":{"start":{"line":133,"column":12},"end":{"line":133,"column":79},"skip":true},"36":{"start":{"line":134,"column":12},"end":{"line":134,"column":25},"skip":true},"37":{"start":{"line":135,"column":12},"end":{"line":135,"column":45},"skip":true},"38":{"start":{"line":138,"column":8},"end":{"line":145,"column":14},"skip":true},"39":{"start":{"line":143,"column":16},"end":{"line":143,"column":29},"skip":true},"40":{"start":{"line":144,"column":16},"end":{"line":144,"column":55},"skip":true},"41":{"start":{"line":147,"column":8},"end":{"line":156,"column":10},"skip":true},"42":{"start":{"line":154,"column":12},"end":{"line":154,"column":25},"skip":true},"43":{"start":{"line":155,"column":12},"end":{"line":155,"column":45},"skip":true},"44":{"start":{"line":158,"column":8},"end":{"line":167,"column":10},"skip":true},"45":{"start":{"line":165,"column":12},"end":{"line":165,"column":25},"skip":true},"46":{"start":{"line":166,"column":12},"end":{"line":166,"column":48},"skip":true},"47":{"start":{"line":169,"column":8},"end":{"line":178,"column":10},"skip":true},"48":{"start":{"line":176,"column":12},"end":{"line":176,"column":25},"skip":true},"49":{"start":{"line":177,"column":12},"end":{"line":177,"column":46},"skip":true},"50":{"start":{"line":180,"column":8},"end":{"line":189,"column":10},"skip":true},"51":{"start":{"line":187,"column":12},"end":{"line":187,"column":94},"skip":true},"52":{"start":{"line":188,"column":12},"end":{"line":188,"column":48},"skip":true},"53":{"start":{"line":192,"column":8},"end":{"line":192,"column":35},"skip":true},"54":{"start":{"line":193,"column":8},"end":{"line":193,"column":14},"skip":true}},"branchMap":{"1":{"line":25,"type":"binary-expr","locations":[{"start":{"line":25,"column":23},"end":{"line":25,"column":62}},{"start":{"line":26,"column":20},"end":{"line":26,"column":70}},{"start":{"line":27,"column":20},"end":{"line":27,"column":71}},{"start":{"line":28,"column":20},"end":{"line":28,"column":29}}]},"2":{"line":30,"type":"binary-expr","locations":[{"start":{"line":30,"column":23},"end":{"line":30,"column":37}},{"start":{"line":31,"column":20},"end":{"line":31,"column":61}},{"start":{"line":32,"column":20},"end":{"line":32,"column":70}},{"start":{"line":33,"column":20},"end":{"line":33,"column":26}}]},"3":{"line":37,"type":"cond-expr","locations":[{"start":{"line":38,"column":14},"end":{"line":38,"column":20}},{"start":{"line":39,"column":14},"end":{"line":39,"column":20}}]},"4":{"line":40,"type":"switch","locations":[{"start":{"line":42,"column":8},"end":{"line":47,"column":18}},{"start":{"line":49,"column":8},"end":{"line":52,"column":18}}]},"5":{"line":44,"type":"binary-expr","locations":[{"start":{"line":44,"column":16},"end":{"line":44,"column":44}},{"start":{"line":44,"column":48},"end":{"line":44,"column":66}}]},"6":{"line":50,"type":"binary-expr","locations":[{"start":{"line":50,"column":21},"end":{"line":50,"column":49}},{"start":{"line":50,"column":53},"end":{"line":50,"column":72}}]},"7":{"line":64,"type":"switch","locations":[{"start":{"line":69,"column":4},"end":{"line":70,"column":14}},{"start":{"line":75,"column":4},"end":{"line":76,"column":14}}]},"8":{"line":85,"type":"switch","locations":[{"start":{"line":90,"column":4},"end":{"line":105,"column":14}},{"start":{"line":111,"column":4},"end":{"line":193,"column":14},"skip":true}]},"9":{"line":91,"type":"binary-expr","locations":[{"start":{"line":91,"column":42},"end":{"line":91,"column":73}},{"start":{"line":91,"column":77},"end":{"line":99,"column":9}}]},"10":{"line":102,"type":"binary-expr","locations":[{"start":{"line":102,"column":18},"end":{"line":102,"column":32}},{"start":{"line":103,"column":12},"end":{"line":103,"column":53}},{"start":{"line":104,"column":12},"end":{"line":104,"column":61}}]},"11":{"line":112,"type":"binary-expr","locations":[{"start":{"line":112,"column":45},"end":{"line":112,"column":79},"skip":true},{"start":{"line":112,"column":83},"end":{"line":121,"column":9},"skip":true}]},"12":{"line":123,"type":"binary-expr","locations":[{"start":{"line":123,"column":42},"end":{"line":123,"column":73},"skip":true},{"start":{"line":123,"column":77},"end":{"line":136,"column":9},"skip":true}]},"13":{"line":138,"type":"binary-expr","locations":[{"start":{"line":138,"column":48},"end":{"line":138,"column":85},"skip":true},{"start":{"line":139,"column":12},"end":{"line":145,"column":13},"skip":true}]},"14":{"line":147,"type":"binary-expr","locations":[{"start":{"line":147,"column":42},"end":{"line":147,"column":73},"skip":true},{"start":{"line":147,"column":77},"end":{"line":156,"column":9},"skip":true}]},"15":{"line":158,"type":"binary-expr","locations":[{"start":{"line":158,"column":45},"end":{"line":158,"column":79},"skip":true},{"start":{"line":158,"column":83},"end":{"line":167,"column":9},"skip":true}]},"16":{"line":169,"type":"binary-expr","locations":[{"start":{"line":169,"column":43},"end":{"line":169,"column":75},"skip":true},{"start":{"line":169,"column":79},"end":{"line":178,"column":9},"skip":true}]},"17":{"line":180,"type":"binary-expr","locations":[{"start":{"line":180,"column":41},"end":{"line":180,"column":71},"skip":true},{"start":{"line":180,"column":75},"end":{"line":189,"column":9},"skip":true}]}},"code":["/* istanbul instrument in package npmtest_socket_io_stream */","/*jslint","    bitwise: true,","    browser: true,","    maxerr: 8,","    maxlen: 96,","    node: true,","    nomen: true,","    regexp: true,","    stupid: true","*/","(function () {","    'use strict';","    var local;","","","","    // run shared js-env code - pre-init","    (function () {","        // init local","        local = {};","        // init modeJs","        local.modeJs = (function () {","            try {","                return typeof navigator.userAgent === 'string' &&","                    typeof document.querySelector('body') === 'object' &&","                    typeof XMLHttpRequest.prototype.open === 'function' &&","                    'browser';","            } catch (errorCaughtBrowser) {","                return module.exports &&","                    typeof process.versions.node === 'string' &&","                    typeof require('http').createServer === 'function' &&","                    'node';","            }","        }());","        // init global","        local.global = local.modeJs === 'browser'","            ? window","            : global;","        switch (local.modeJs) {","        // re-init local from window.local","        case 'browser':","            local = local.global.utility2.objectSetDefault(","                local.global.utility2_rollup || local.global.local,","                local.global.utility2","            );","            break;","        // re-init local from example.js","        case 'node':","            local = (local.global.utility2_rollup || require('utility2'))","                .requireExampleJsFromReadme();","            break;","        }","        // export local","        local.global.local = local;","    }());","","","","    // run shared js-env code - function","    (function () {","        return;","    }());","    switch (local.modeJs) {","","","","    // run browser js-env code - function","    case 'browser':","        break;","","","","    // run node js-env code - function","    case 'node':","        break;","    }","","","","    // run shared js-env code - post-init","    (function () {","        return;","    }());","    switch (local.modeJs) {","","","","    // run browser js-env code - post-init","    case 'browser':","        local.testCase_browser_nullCase = local.testCase_browser_nullCase || function (","            options,","            onError","        ) {","        /*","         * this function will test browsers's null-case handling-behavior-behavior","         */","            onError(null, options);","        };","","        // run tests","        local.nop(local.modeTest &&","            document.querySelector('#testRunButton1') &&","            document.querySelector('#testRunButton1').click());","        break;","","","","    // run node js-env code - post-init","    /* istanbul ignore next */","    case 'node':","        local.testCase_buildApidoc_default = local.testCase_buildApidoc_default || function (","            options,","            onError","        ) {","        /*","         * this function will test buildApidoc's default handling-behavior-behavior","         */","            options = { modulePathList: module.paths };","            local.buildApidoc(options, onError);","        };","","        local.testCase_buildApp_default = local.testCase_buildApp_default || function (","            options,","            onError","        ) {","        /*","         * this function will test buildApp's default handling-behavior-behavior","         */","            local.testCase_buildReadme_default(options, local.onErrorThrow);","            local.testCase_buildLib_default(options, local.onErrorThrow);","            local.testCase_buildTest_default(options, local.onErrorThrow);","            local.testCase_buildCustomOrg_default(options, local.onErrorThrow);","            options = [];","            local.buildApp(options, onError);","        };","","        local.testCase_buildCustomOrg_default = local.testCase_buildCustomOrg_default ||","            function (options, onError) {","            /*","             * this function will test buildCustomOrg's default handling-behavior","             */","                options = {};","                local.buildCustomOrg(options, onError);","            };","","        local.testCase_buildLib_default = local.testCase_buildLib_default || function (","            options,","            onError","        ) {","        /*","         * this function will test buildLib's default handling-behavior","         */","            options = {};","            local.buildLib(options, onError);","        };","","        local.testCase_buildReadme_default = local.testCase_buildReadme_default || function (","            options,","            onError","        ) {","        /*","         * this function will test buildReadme's default handling-behavior-behavior","         */","            options = {};","            local.buildReadme(options, onError);","        };","","        local.testCase_buildTest_default = local.testCase_buildTest_default || function (","            options,","            onError","        ) {","        /*","         * this function will test buildTest's default handling-behavior","         */","            options = {};","            local.buildTest(options, onError);","        };","","        local.testCase_webpage_default = local.testCase_webpage_default || function (","            options,","            onError","        ) {","        /*","         * this function will test webpage's default handling-behavior","         */","            options = { modeCoverageMerge: true, url: local.serverLocalHost + '?modeTest=1' };","            local.browserTest(options, onError);","        };","","        // run test-server","        local.testRunServer(local);","        break;","    }","}());",""],"l":{"12":2,"14":2,"19":2,"21":2,"23":2,"24":2,"25":2,"30":1,"37":2,"40":2,"43":1,"47":1,"50":1,"52":1,"55":2,"61":2,"62":2,"64":2,"70":1,"76":1,"82":2,"83":2,"85":2,"91":1,"98":1,"102":1,"105":1,"112":1,"119":1,"120":1,"123":1,"130":1,"131":1,"132":1,"133":1,"134":1,"135":1,"138":1,"143":2,"144":2,"147":1,"154":2,"155":2,"158":1,"165":2,"166":2,"169":1,"176":2,"177":2,"180":1,"187":1,"188":1,"192":1,"193":1}},"/home/travis/build/npmtest/node-npmtest-socket.io-stream/lib.npmtest_socket.io_stream.js":{"path":"/home/travis/build/npmtest/node-npmtest-socket.io-stream/lib.npmtest_socket.io_stream.js","s":{"1":2,"2":2,"3":2,"4":2,"5":2,"6":2,"7":2,"8":1,"9":2,"10":2,"11":2,"12":2,"13":1,"14":1,"15":1,"16":1},"b":{"1":[2,1,1,1],"2":[1,1,1,1],"3":[1,1],"4":[2,2],"5":[1,1]},"f":{"1":2,"2":2,"3":2},"fnMap":{"1":{"name":"(anonymous_1)","line":12,"loc":{"start":{"line":12,"column":1},"end":{"line":12,"column":13}}},"2":{"name":"(anonymous_2)","line":19,"loc":{"start":{"line":19,"column":5},"end":{"line":19,"column":17}}},"3":{"name":"(anonymous_3)","line":23,"loc":{"start":{"line":23,"column":24},"end":{"line":23,"column":36}}}},"statementMap":{"1":{"start":{"line":12,"column":0},"end":{"line":53,"column":5}},"2":{"start":{"line":14,"column":4},"end":{"line":14,"column":14}},"3":{"start":{"line":19,"column":4},"end":{"line":52,"column":9}},"4":{"start":{"line":21,"column":8},"end":{"line":21,"column":19}},"5":{"start":{"line":23,"column":8},"end":{"line":35,"column":13}},"6":{"start":{"line":24,"column":12},"end":{"line":34,"column":13}},"7":{"start":{"line":25,"column":16},"end":{"line":28,"column":30}},"8":{"start":{"line":30,"column":16},"end":{"line":33,"column":27}},"9":{"start":{"line":37,"column":8},"end":{"line":39,"column":21}},"10":{"start":{"line":41,"column":8},"end":{"line":41,"column":54}},"11":{"start":{"line":43,"column":8},"end":{"line":43,"column":61}},"12":{"start":{"line":45,"column":8},"end":{"line":51,"column":9}},"13":{"start":{"line":46,"column":12},"end":{"line":46,"column":67}},"14":{"start":{"line":48,"column":12},"end":{"line":48,"column":35}},"15":{"start":{"line":49,"column":12},"end":{"line":49,"column":49}},"16":{"start":{"line":50,"column":12},"end":{"line":50,"column":43}}},"branchMap":{"1":{"line":25,"type":"binary-expr","locations":[{"start":{"line":25,"column":23},"end":{"line":25,"column":62}},{"start":{"line":26,"column":20},"end":{"line":26,"column":70}},{"start":{"line":27,"column":20},"end":{"line":27,"column":71}},{"start":{"line":28,"column":20},"end":{"line":28,"column":29}}]},"2":{"line":30,"type":"binary-expr","locations":[{"start":{"line":30,"column":23},"end":{"line":30,"column":37}},{"start":{"line":31,"column":20},"end":{"line":31,"column":61}},{"start":{"line":32,"column":20},"end":{"line":32,"column":70}},{"start":{"line":33,"column":20},"end":{"line":33,"column":26}}]},"3":{"line":37,"type":"cond-expr","locations":[{"start":{"line":38,"column":14},"end":{"line":38,"column":20}},{"start":{"line":39,"column":14},"end":{"line":39,"column":20}}]},"4":{"line":41,"type":"binary-expr","locations":[{"start":{"line":41,"column":16},"end":{"line":41,"column":44}},{"start":{"line":41,"column":48},"end":{"line":41,"column":53}}]},"5":{"line":45,"type":"if","locations":[{"start":{"line":45,"column":8},"end":{"line":45,"column":8}},{"start":{"line":45,"column":8},"end":{"line":45,"column":8}}]}},"code":["/* istanbul instrument in package npmtest_socket_io_stream */","/*jslint","    bitwise: true,","    browser: true,","    maxerr: 8,","    maxlen: 96,","    node: true,","    nomen: true,","    regexp: true,","    stupid: true","*/","(function () {","    'use strict';","    var local;","","","","    // run shared js-env code - pre-init","    (function () {","        // init local","        local = {};","        // init modeJs","        local.modeJs = (function () {","            try {","                return typeof navigator.userAgent === 'string' &&","                    typeof document.querySelector('body') === 'object' &&","                    typeof XMLHttpRequest.prototype.open === 'function' &&","                    'browser';","            } catch (errorCaughtBrowser) {","                return module.exports &&","                    typeof process.versions.node === 'string' &&","                    typeof require('http').createServer === 'function' &&","                    'node';","            }","        }());","        // init global","        local.global = local.modeJs === 'browser'","            ? window","            : global;","        // init utility2_rollup","        local = local.global.utility2_rollup || local;","        // init lib","        local.local = local.npmtest_socket_io_stream = local;","        // init exports","        if (local.modeJs === 'browser') {","            local.global.utility2_npmtest_socket_io_stream = local;","        } else {","            module.exports = local;","            module.exports.__dirname = __dirname;","            module.exports.module = module;","        }","    }());","}());",""],"l":{"12":2,"14":2,"19":2,"21":2,"23":2,"24":2,"25":2,"30":1,"37":2,"41":2,"43":2,"45":2,"46":1,"48":1,"49":1,"50":1}},"/home/travis/build/npmtest/node-npmtest-socket.io-stream/example.js":{"path":"/home/travis/build/npmtest/node-npmtest-socket.io-stream/example.js","s":{"1":2,"2":2,"3":2,"4":2,"5":2,"6":2,"7":2,"8":1,"9":2,"10":2,"11":2,"12":2,"13":1,"14":2,"15":2,"16":2,"17":2,"18":2,"19":0,"20":2,"21":1,"22":1,"23":1,"24":1,"25":1,"26":0,"27":0,"28":1,"29":1,"30":2,"31":0,"32":0,"33":0,"34":1,"35":2,"36":2,"37":3,"38":3,"39":3,"40":3,"41":0,"42":3,"43":3,"44":3,"45":1,"46":3,"47":1,"48":1,"49":1,"50":1,"51":1,"52":1,"53":1,"54":1,"55":1,"56":1,"57":0,"58":1,"59":6,"60":6,"61":1,"62":2,"63":0,"64":2,"65":1,"66":1,"67":0,"68":0,"69":0,"70":0,"71":0,"72":0,"73":0,"74":0,"75":0,"76":0,"77":0,"78":0,"79":0,"80":0,"81":0,"82":0,"83":0},"b":{"1":[2,1,1,1],"2":[1,1,1,1],"3":[1,1],"4":[2,2],"5":[1,1],"6":[1,1],"7":[2,0],"8":[2,1,1,1,1,1],"9":[0,2,0],"10":[1,1],"11":[2,1,1],"12":[1,0],"13":[0,2],"14":[2,0,0,0,0,0,0],"15":[0,3],"16":[3,0],"17":[1,1],"18":[0,1],"19":[1,2,0,2],"20":[1,0],"21":[1,1],"22":[0,0],"23":[0,0],"24":[0,0],"25":[0,0],"26":[0,0],"27":[0,0],"28":[0,0]},"f":{"1":2,"2":2,"3":2,"4":2,"5":2,"6":2,"7":3,"8":3,"9":3,"10":1,"11":6,"12":0},"fnMap":{"1":{"name":"(anonymous_1)","line":26,"loc":{"start":{"line":26,"column":1},"end":{"line":26,"column":13}}},"2":{"name":"(anonymous_2)","line":33,"loc":{"start":{"line":33,"column":5},"end":{"line":33,"column":17}}},"3":{"name":"(anonymous_3)","line":37,"loc":{"start":{"line":37,"column":24},"end":{"line":37,"column":36}}},"4":{"name":"(anonymous_4)","line":69,"loc":{"start":{"line":69,"column":31},"end":{"line":69,"column":48}},"skip":true},"5":{"name":"(anonymous_5)","line":78,"loc":{"start":{"line":78,"column":26},"end":{"line":78,"column":45}},"skip":true},"6":{"name":"(anonymous_6)","line":123,"loc":{"start":{"line":123,"column":33},"end":{"line":123,"column":48}},"skip":true},"7":{"name":"(anonymous_7)","line":125,"loc":{"start":{"line":125,"column":27},"end":{"line":125,"column":39}},"skip":true},"8":{"name":"(anonymous_8)","line":133,"loc":{"start":{"line":133,"column":59},"end":{"line":133,"column":74}},"skip":true},"9":{"name":"(anonymous_9)","line":143,"loc":{"start":{"line":143,"column":45},"end":{"line":143,"column":62}},"skip":true},"10":{"name":"(anonymous_10)","line":144,"loc":{"start":{"line":144,"column":73},"end":{"line":144,"column":92}},"skip":true},"11":{"name":"(anonymous_11)","line":272,"loc":{"start":{"line":272,"column":51},"end":{"line":272,"column":77}},"skip":true},"12":{"name":"(anonymous_12)","line":315,"loc":{"start":{"line":315,"column":32},"end":{"line":315,"column":61}},"skip":true}},"statementMap":{"1":{"start":{"line":26,"column":0},"end":{"line":326,"column":5}},"2":{"start":{"line":28,"column":4},"end":{"line":28,"column":14}},"3":{"start":{"line":33,"column":4},"end":{"line":60,"column":9}},"4":{"start":{"line":35,"column":8},"end":{"line":35,"column":19}},"5":{"start":{"line":37,"column":8},"end":{"line":49,"column":13}},"6":{"start":{"line":38,"column":12},"end":{"line":48,"column":13}},"7":{"start":{"line":39,"column":16},"end":{"line":42,"column":30}},"8":{"start":{"line":44,"column":16},"end":{"line":47,"column":27}},"9":{"start":{"line":51,"column":8},"end":{"line":53,"column":21}},"10":{"start":{"line":55,"column":8},"end":{"line":57,"column":45}},"11":{"start":{"line":59,"column":8},"end":{"line":59,"column":35}},"12":{"start":{"line":61,"column":4},"end":{"line":325,"column":5}},"13":{"start":{"line":69,"column":8},"end":{"line":121,"column":10},"skip":true},"14":{"start":{"line":70,"column":12},"end":{"line":88,"column":13},"skip":true},"15":{"start":{"line":76,"column":16},"end":{"line":87,"column":19},"skip":true},"16":{"start":{"line":79,"column":20},"end":{"line":86,"column":21},"skip":true},"17":{"start":{"line":82,"column":24},"end":{"line":82,"column":43},"skip":true},"18":{"start":{"line":83,"column":24},"end":{"line":83,"column":30},"skip":true},"19":{"start":{"line":85,"column":24},"end":{"line":85,"column":49},"skip":true},"20":{"start":{"line":89,"column":12},"end":{"line":107,"column":13},"skip":true},"21":{"start":{"line":92,"column":16},"end":{"line":102,"column":17},"skip":true},"22":{"start":{"line":93,"column":20},"end":{"line":93,"column":86},"skip":true},"23":{"start":{"line":94,"column":20},"end":{"line":95,"column":45},"skip":true},"24":{"start":{"line":96,"column":20},"end":{"line":96,"column":42},"skip":true},"25":{"start":{"line":97,"column":20},"end":{"line":97,"column":48},"skip":true},"26":{"start":{"line":100,"column":20},"end":{"line":100,"column":85},"skip":true},"27":{"start":{"line":101,"column":20},"end":{"line":101,"column":96},"skip":true},"28":{"start":{"line":103,"column":16},"end":{"line":103,"column":22},"skip":true},"29":{"start":{"line":106,"column":16},"end":{"line":106,"column":22},"skip":true},"30":{"start":{"line":108,"column":12},"end":{"line":120,"column":13},"skip":true},"31":{"start":{"line":114,"column":16},"end":{"line":119,"column":17},"skip":true},"32":{"start":{"line":116,"column":20},"end":{"line":116,"column":78},"skip":true},"33":{"start":{"line":118,"column":20},"end":{"line":118,"column":47},"skip":true},"34":{"start":{"line":123,"column":8},"end":{"line":141,"column":11},"skip":true},"35":{"start":{"line":124,"column":12},"end":{"line":124,"column":54},"skip":true},"36":{"start":{"line":125,"column":12},"end":{"line":140,"column":14},"skip":true},"37":{"start":{"line":126,"column":16},"end":{"line":126,"column":28},"skip":true},"38":{"start":{"line":127,"column":16},"end":{"line":127,"column":69},"skip":true},"39":{"start":{"line":128,"column":16},"end":{"line":128,"column":75},"skip":true},"40":{"start":{"line":129,"column":16},"end":{"line":131,"column":17},"skip":true},"41":{"start":{"line":130,"column":20},"end":{"line":130,"column":27},"skip":true},"42":{"start":{"line":133,"column":16},"end":{"line":137,"column":36},"skip":true},"43":{"start":{"line":134,"column":20},"end":{"line":136,"column":55},"skip":true},"44":{"start":{"line":139,"column":16},"end":{"line":139,"column":57},"skip":true},"45":{"start":{"line":143,"column":8},"end":{"line":147,"column":11},"skip":true},"46":{"start":{"line":144,"column":12},"end":{"line":146,"column":15},"skip":true},"47":{"start":{"line":145,"column":16},"end":{"line":145,"column":70},"skip":true},"48":{"start":{"line":149,"column":8},"end":{"line":149,"column":31},"skip":true},"49":{"start":{"line":150,"column":8},"end":{"line":150,"column":14},"skip":true},"50":{"start":{"line":158,"column":8},"end":{"line":158,"column":31},"skip":true},"51":{"start":{"line":160,"column":8},"end":{"line":160,"column":33},"skip":true},"52":{"start":{"line":161,"column":8},"end":{"line":161,"column":37},"skip":true},"53":{"start":{"line":162,"column":8},"end":{"line":162,"column":35},"skip":true},"54":{"start":{"line":164,"column":8},"end":{"line":164,"column":50},"skip":true},"55":{"start":{"line":166,"column":8},"end":{"line":256,"column":2},"skip":true},"56":{"start":{"line":258,"column":8},"end":{"line":286,"column":9},"skip":true},"57":{"start":{"line":259,"column":12},"end":{"line":269,"column":14},"skip":true},"58":{"start":{"line":271,"column":12},"end":{"line":285,"column":19},"skip":true},"59":{"start":{"line":274,"column":20},"end":{"line":274,"column":35},"skip":true},"60":{"start":{"line":275,"column":20},"end":{"line":284,"column":21},"skip":true},"61":{"start":{"line":277,"column":24},"end":{"line":277,"column":64},"skip":true},"62":{"start":{"line":279,"column":24},"end":{"line":279,"column":40},"skip":true},"63":{"start":{"line":281,"column":24},"end":{"line":281,"column":40},"skip":true},"64":{"start":{"line":283,"column":24},"end":{"line":283,"column":39},"skip":true},"65":{"start":{"line":288,"column":8},"end":{"line":290,"column":9},"skip":true},"66":{"start":{"line":289,"column":12},"end":{"line":289,"column":18},"skip":true},"67":{"start":{"line":291,"column":8},"end":{"line":293,"column":54},"skip":true},"68":{"start":{"line":296,"column":8},"end":{"line":301,"column":37},"skip":true},"69":{"start":{"line":303,"column":8},"end":{"line":303,"column":82},"skip":true},"70":{"start":{"line":306,"column":8},"end":{"line":308,"column":9},"skip":true},"71":{"start":{"line":307,"column":12},"end":{"line":307,"column":82},"skip":true},"72":{"start":{"line":310,"column":8},"end":{"line":312,"column":9},"skip":true},"73":{"start":{"line":311,"column":12},"end":{"line":311,"column":18},"skip":true},"74":{"start":{"line":313,"column":8},"end":{"line":313,"column":54},"skip":true},"75":{"start":{"line":314,"column":8},"end":{"line":314,"column":69},"skip":true},"76":{"start":{"line":315,"column":8},"end":{"line":323,"column":36},"skip":true},"77":{"start":{"line":316,"column":12},"end":{"line":316,"column":61},"skip":true},"78":{"start":{"line":317,"column":12},"end":{"line":320,"column":13},"skip":true},"79":{"start":{"line":318,"column":16},"end":{"line":318,"column":75},"skip":true},"80":{"start":{"line":319,"column":16},"end":{"line":319,"column":23},"skip":true},"81":{"start":{"line":321,"column":12},"end":{"line":321,"column":38},"skip":true},"82":{"start":{"line":322,"column":12},"end":{"line":322,"column":27},"skip":true},"83":{"start":{"line":324,"column":8},"end":{"line":324,"column":14},"skip":true}},"branchMap":{"1":{"line":39,"type":"binary-expr","locations":[{"start":{"line":39,"column":23},"end":{"line":39,"column":62}},{"start":{"line":40,"column":20},"end":{"line":40,"column":70}},{"start":{"line":41,"column":20},"end":{"line":41,"column":71}},{"start":{"line":42,"column":20},"end":{"line":42,"column":29}}]},"2":{"line":44,"type":"binary-expr","locations":[{"start":{"line":44,"column":23},"end":{"line":44,"column":37}},{"start":{"line":45,"column":20},"end":{"line":45,"column":61}},{"start":{"line":46,"column":20},"end":{"line":46,"column":70}},{"start":{"line":47,"column":20},"end":{"line":47,"column":26}}]},"3":{"line":51,"type":"cond-expr","locations":[{"start":{"line":52,"column":14},"end":{"line":52,"column":20}},{"start":{"line":53,"column":14},"end":{"line":53,"column":20}}]},"4":{"line":55,"type":"binary-expr","locations":[{"start":{"line":55,"column":16},"end":{"line":55,"column":44}},{"start":{"line":55,"column":49},"end":{"line":57,"column":43}}]},"5":{"line":55,"type":"cond-expr","locations":[{"start":{"line":56,"column":14},"end":{"line":56,"column":60}},{"start":{"line":57,"column":14},"end":{"line":57,"column":43}}]},"6":{"line":61,"type":"switch","locations":[{"start":{"line":68,"column":4},"end":{"line":150,"column":14},"skip":true},{"start":{"line":156,"column":4},"end":{"line":324,"column":14},"skip":true}]},"7":{"line":70,"type":"if","locations":[{"start":{"line":70,"column":12},"end":{"line":70,"column":12},"skip":true},{"start":{"line":70,"column":12},"end":{"line":70,"column":12},"skip":true}]},"8":{"line":70,"type":"binary-expr","locations":[{"start":{"line":70,"column":16},"end":{"line":70,"column":22},"skip":true},{"start":{"line":70,"column":27},"end":{"line":70,"column":32},"skip":true},{"start":{"line":71,"column":20},"end":{"line":71,"column":39},"skip":true},{"start":{"line":72,"column":20},"end":{"line":72,"column":49},"skip":true},{"start":{"line":73,"column":20},"end":{"line":73,"column":58},"skip":true},{"start":{"line":74,"column":20},"end":{"line":74,"column":69},"skip":true}]},"9":{"line":79,"type":"switch","locations":[{"start":{"line":80,"column":20},"end":{"line":80,"column":33},"skip":true},{"start":{"line":81,"column":20},"end":{"line":83,"column":30},"skip":true},{"start":{"line":84,"column":20},"end":{"line":85,"column":49},"skip":true}]},"10":{"line":89,"type":"switch","locations":[{"start":{"line":90,"column":12},"end":{"line":103,"column":22},"skip":true},{"start":{"line":105,"column":12},"end":{"line":106,"column":22},"skip":true}]},"11":{"line":89,"type":"binary-expr","locations":[{"start":{"line":89,"column":20},"end":{"line":89,"column":25},"skip":true},{"start":{"line":89,"column":29},"end":{"line":89,"column":48},"skip":true},{"start":{"line":89,"column":52},"end":{"line":89,"column":74},"skip":true}]},"12":{"line":92,"type":"if","locations":[{"start":{"line":92,"column":16},"end":{"line":92,"column":16},"skip":true},{"start":{"line":92,"column":16},"end":{"line":92,"column":16},"skip":true}]},"13":{"line":108,"type":"if","locations":[{"start":{"line":108,"column":12},"end":{"line":108,"column":12},"skip":true},{"start":{"line":108,"column":12},"end":{"line":108,"column":12},"skip":true}]},"14":{"line":108,"type":"binary-expr","locations":[{"start":{"line":108,"column":16},"end":{"line":108,"column":61},"skip":true},{"start":{"line":108,"column":66},"end":{"line":108,"column":72},"skip":true},{"start":{"line":108,"column":77},"end":{"line":108,"column":82},"skip":true},{"start":{"line":109,"column":20},"end":{"line":109,"column":39},"skip":true},{"start":{"line":110,"column":20},"end":{"line":110,"column":49},"skip":true},{"start":{"line":111,"column":20},"end":{"line":111,"column":58},"skip":true},{"start":{"line":112,"column":20},"end":{"line":112,"column":68},"skip":true}]},"15":{"line":129,"type":"if","locations":[{"start":{"line":129,"column":16},"end":{"line":129,"column":16},"skip":true},{"start":{"line":129,"column":16},"end":{"line":129,"column":16},"skip":true}]},"16":{"line":134,"type":"cond-expr","locations":[{"start":{"line":135,"column":26},"end":{"line":135,"column":29},"skip":true},{"start":{"line":136,"column":26},"end":{"line":136,"column":54},"skip":true}]},"17":{"line":164,"type":"binary-expr","locations":[{"start":{"line":164,"column":27},"end":{"line":164,"column":43},"skip":true},{"start":{"line":164,"column":47},"end":{"line":164,"column":49},"skip":true}]},"18":{"line":258,"type":"if","locations":[{"start":{"line":258,"column":8},"end":{"line":258,"column":8},"skip":true},{"start":{"line":258,"column":8},"end":{"line":258,"column":8},"skip":true}]},"19":{"line":275,"type":"switch","locations":[{"start":{"line":276,"column":20},"end":{"line":277,"column":64},"skip":true},{"start":{"line":278,"column":20},"end":{"line":279,"column":40},"skip":true},{"start":{"line":280,"column":20},"end":{"line":281,"column":40},"skip":true},{"start":{"line":282,"column":20},"end":{"line":283,"column":39},"skip":true}]},"20":{"line":288,"type":"if","locations":[{"start":{"line":288,"column":8},"end":{"line":288,"column":8},"skip":true},{"start":{"line":288,"column":8},"end":{"line":288,"column":8},"skip":true}]},"21":{"line":288,"type":"binary-expr","locations":[{"start":{"line":288,"column":12},"end":{"line":288,"column":40},"skip":true},{"start":{"line":288,"column":44},"end":{"line":288,"column":67},"skip":true}]},"22":{"line":292,"type":"binary-expr","locations":[{"start":{"line":292,"column":12},"end":{"line":292,"column":50},"skip":true},{"start":{"line":293,"column":12},"end":{"line":293,"column":53},"skip":true}]},"23":{"line":297,"type":"binary-expr","locations":[{"start":{"line":297,"column":12},"end":{"line":297,"column":74},"skip":true},{"start":{"line":298,"column":12},"end":{"line":301,"column":36},"skip":true}]},"24":{"line":303,"type":"binary-expr","locations":[{"start":{"line":303,"column":43},"end":{"line":303,"column":75},"skip":true},{"start":{"line":303,"column":79},"end":{"line":303,"column":81},"skip":true}]},"25":{"line":306,"type":"if","locations":[{"start":{"line":306,"column":8},"end":{"line":306,"column":8},"skip":true},{"start":{"line":306,"column":8},"end":{"line":306,"column":8},"skip":true}]},"26":{"line":310,"type":"if","locations":[{"start":{"line":310,"column":8},"end":{"line":310,"column":8},"skip":true},{"start":{"line":310,"column":8},"end":{"line":310,"column":8},"skip":true}]},"27":{"line":313,"type":"binary-expr","locations":[{"start":{"line":313,"column":27},"end":{"line":313,"column":43},"skip":true},{"start":{"line":313,"column":47},"end":{"line":313,"column":53},"skip":true}]},"28":{"line":317,"type":"if","locations":[{"start":{"line":317,"column":12},"end":{"line":317,"column":12},"skip":true},{"start":{"line":317,"column":12},"end":{"line":317,"column":12},"skip":true}]}},"code":["/*","example.js","","quickstart example","","instruction","    1. save this script as example.js","    2. run the shell command:","        $ npm install npmtest-socket.io-stream && PORT=8081 node example.js","    3. play with the browser-demo on http://127.0.0.1:8081","*/","","","","/* istanbul instrument in package npmtest_socket_io_stream */","/*jslint","    bitwise: true,","    browser: true,","    maxerr: 8,","    maxlen: 96,","    node: true,","    nomen: true,","    regexp: true,","    stupid: true","*/","(function () {","    'use strict';","    var local;","","","","    // run shared js-env code - pre-init","    (function () {","        // init local","        local = {};","        // init modeJs","        local.modeJs = (function () {","            try {","                return typeof navigator.userAgent === 'string' &&","                    typeof document.querySelector('body') === 'object' &&","                    typeof XMLHttpRequest.prototype.open === 'function' &&","                    'browser';","            } catch (errorCaughtBrowser) {","                return module.exports &&","                    typeof process.versions.node === 'string' &&","                    typeof require('http').createServer === 'function' &&","                    'node';","            }","        }());","        // init global","        local.global = local.modeJs === 'browser'","            ? window","            : global;","        // init utility2_rollup","        local = local.global.utility2_rollup || (local.modeJs === 'browser'","            ? local.global.utility2_npmtest_socket_io_stream","            : global.utility2_moduleExports);","        // export local","        local.global.local = local;","    }());","    switch (local.modeJs) {","","","","    // post-init","    // run browser js-env code - post-init","    /* istanbul ignore next */","    case 'browser':","        local.testRunBrowser = function (event) {","            if (!event || (event &&","                    event.currentTarget &&","                    event.currentTarget.className &&","                    event.currentTarget.className.includes &&","                    event.currentTarget.className.includes('onreset'))) {","                // reset output","                Array.from(","                    document.querySelectorAll('body > .resettable')","                ).forEach(function (element) {","                    switch (element.tagName) {","                    case 'INPUT':","                    case 'TEXTAREA':","                        element.value = '';","                        break;","                    default:","                        element.textContent = '';","                    }","                });","            }","            switch (event && event.currentTarget && event.currentTarget.id) {","            case 'testRunButton1':","                // show tests","                if (document.querySelector('#testReportDiv1').style.display === 'none') {","                    document.querySelector('#testReportDiv1').style.display = 'block';","                    document.querySelector('#testRunButton1').textContent =","                        'hide internal test';","                    local.modeTest = true;","                    local.testRunDefault(local);","                // hide tests","                } else {","                    document.querySelector('#testReportDiv1').style.display = 'none';","                    document.querySelector('#testRunButton1').textContent = 'run internal test';","                }","                break;","            // custom-case","            default:","                break;","            }","            if (document.querySelector('#inputTextareaEval1') && (!event || (event &&","                    event.currentTarget &&","                    event.currentTarget.className &&","                    event.currentTarget.className.includes &&","                    event.currentTarget.className.includes('oneval')))) {","                // try to eval input-code","                try {","                    /*jslint evil: true*/","                    eval(document.querySelector('#inputTextareaEval1').value);","                } catch (errorCaught) {","                    console.error(errorCaught);","                }","            }","        };","        // log stderr and stdout to #outputTextareaStdout1","        ['error', 'log'].forEach(function (key) {","            console[key + '_original'] = console[key];","            console[key] = function () {","                var element;","                console[key + '_original'].apply(console, arguments);","                element = document.querySelector('#outputTextareaStdout1');","                if (!element) {","                    return;","                }","                // append text to #outputTextareaStdout1","                element.value += Array.from(arguments).map(function (arg) {","                    return typeof arg === 'string'","                        ? arg","                        : JSON.stringify(arg, null, 4);","                }).join(' ') + '\\n';","                // scroll textarea to bottom","                element.scrollTop = element.scrollHeight;","            };","        });","        // init event-handling","        ['change', 'click', 'keyup'].forEach(function (event) {","            Array.from(document.querySelectorAll('.on' + event)).forEach(function (element) {","                element.addEventListener(event, local.testRunBrowser);","            });","        });","        // run tests","        local.testRunBrowser();","        break;","","","","    // run node js-env code - post-init","    /* istanbul ignore next */","    case 'node':","        // export local","        module.exports = local;","        // require modules","        local.fs = require('fs');","        local.http = require('http');","        local.url = require('url');","        // init assets","        local.assetsDict = local.assetsDict || {};","        /* jslint-ignore-begin */","        local.assetsDict['/assets.index.template.html'] = '\\","<!doctype html>\\n\\","<html lang=\"en\">\\n\\","<head>\\n\\","<meta charset=\"UTF-8\">\\n\\","<meta name=\"viewport\" content=\"width=device-width, initial-scale=1\">\\n\\","<title>{{env.npm_package_name}} (v{{env.npm_package_version}})</title>\\n\\","<style>\\n\\","/*csslint\\n\\","    box-sizing: false,\\n\\","    universal-selector: false\\n\\","*/\\n\\","* {\\n\\","    box-sizing: border-box;\\n\\","}\\n\\","body {\\n\\","    background: #dde;\\n\\","    font-family: Arial, Helvetica, sans-serif;\\n\\","    margin: 2rem;\\n\\","}\\n\\","body > * {\\n\\","    margin-bottom: 1rem;\\n\\","}\\n\\",".utility2FooterDiv {\\n\\","    margin-top: 20px;\\n\\","    text-align: center;\\n\\","}\\n\\","</style>\\n\\","<style>\\n\\","/*csslint\\n\\","*/\\n\\","textarea {\\n\\","    font-family: monospace;\\n\\","    height: 10rem;\\n\\","    width: 100%;\\n\\","}\\n\\","textarea[readonly] {\\n\\","    background: #ddd;\\n\\","}\\n\\","</style>\\n\\","</head>\\n\\","<body>\\n\\","<!-- utility2-comment\\n\\","<div id=\"ajaxProgressDiv1\" style=\"background: #d00; height: 2px; left: 0; margin: 0; padding: 0; position: fixed; top: 0; transition: background 0.5s, width 1.5s; width: 25%;\"></div>\\n\\","utility2-comment -->\\n\\","<h1>\\n\\","<!-- utility2-comment\\n\\","    <a\\n\\","        {{#if env.npm_package_homepage}}\\n\\","        href=\"{{env.npm_package_homepage}}\"\\n\\","        {{/if env.npm_package_homepage}}\\n\\","        target=\"_blank\"\\n\\","    >\\n\\","utility2-comment -->\\n\\","        {{env.npm_package_name}} (v{{env.npm_package_version}})\\n\\","<!-- utility2-comment\\n\\","    </a>\\n\\","utility2-comment -->\\n\\","</h1>\\n\\","<h3>{{env.npm_package_description}}</h3>\\n\\","<!-- utility2-comment\\n\\","<h4><a download href=\"assets.app.js\">download standalone app</a></h4>\\n\\","<button class=\"onclick onreset\" id=\"testRunButton1\">run internal test</button><br>\\n\\","<div id=\"testReportDiv1\" style=\"display: none;\"></div>\\n\\","utility2-comment -->\\n\\","\\n\\","\\n\\","\\n\\","<label>stderr and stdout</label>\\n\\","<textarea class=\"resettable\" id=\"outputTextareaStdout1\" readonly></textarea>\\n\\","<!-- utility2-comment\\n\\","{{#if isRollup}}\\n\\","<script src=\"assets.app.js\"></script>\\n\\","{{#unless isRollup}}\\n\\","utility2-comment -->\\n\\","<script src=\"assets.utility2.rollup.js\"></script>\\n\\","<script src=\"jsonp.utility2._stateInit?callback=window.utility2._stateInit\"></script>\\n\\","<script src=\"assets.npmtest_socket_io_stream.rollup.js\"></script>\\n\\","<script src=\"assets.example.js\"></script>\\n\\","<script src=\"assets.test.js\"></script>\\n\\","<!-- utility2-comment\\n\\","{{/if isRollup}}\\n\\","utility2-comment -->\\n\\","<div class=\"utility2FooterDiv\">\\n\\","    [ this app was created with\\n\\","    <a href=\"https://github.com/kaizhu256/node-utility2\" target=\"_blank\">utility2</a>\\n\\","    ]\\n\\","</div>\\n\\","</body>\\n\\","</html>\\n\\","';","        /* jslint-ignore-end */","        if (local.templateRender) {","            local.assetsDict['/'] = local.templateRender(","                local.assetsDict['/assets.index.template.html'],","                {","                    env: local.objectSetDefault(local.env, {","                        npm_package_description: 'the greatest app in the world!',","                        npm_package_name: 'my-app',","                        npm_package_nameAlias: 'my_app',","                        npm_package_version: '0.0.1'","                    })","                }","            );","        } else {","            local.assetsDict['/'] = local.assetsDict['/assets.index.template.html']","                .replace((/\\{\\{env\\.(\\w+?)\\}\\}/g), function (match0, match1) {","                    // jslint-hack","                    String(match0);","                    switch (match1) {","                    case 'npm_package_description':","                        return 'the greatest app in the world!';","                    case 'npm_package_name':","                        return 'my-app';","                    case 'npm_package_nameAlias':","                        return 'my_app';","                    case 'npm_package_version':","                        return '0.0.1';","                    }","                });","        }","        // run the cli","        if (local.global.utility2_rollup || module !== require.main) {","            break;","        }","        local.assetsDict['/assets.example.js'] =","            local.assetsDict['/assets.example.js'] ||","            local.fs.readFileSync(__filename, 'utf8');","        // bug-workaround - long $npm_package_buildCustomOrg","        /* jslint-ignore-begin */","        local.assetsDict['/assets.npmtest_socket_io_stream.rollup.js'] =","            local.assetsDict['/assets.npmtest_socket_io_stream.rollup.js'] ||","            local.fs.readFileSync(","                local.npmtest_socket_io_stream.__dirname + '/lib.npmtest_socket_io_stream.js',","                'utf8'","            ).replace((/^#!/), '//');","        /* jslint-ignore-end */","        local.assetsDict['/favicon.ico'] = local.assetsDict['/favicon.ico'] || '';","        // if $npm_config_timeout_exit exists,","        // then exit this process after $npm_config_timeout_exit ms","        if (Number(process.env.npm_config_timeout_exit)) {","            setTimeout(process.exit, Number(process.env.npm_config_timeout_exit));","        }","        // start server","        if (local.global.utility2_serverHttp1) {","            break;","        }","        process.env.PORT = process.env.PORT || '8081';","        console.error('server starting on port ' + process.env.PORT);","        local.http.createServer(function (request, response) {","            request.urlParsed = local.url.parse(request.url);","            if (local.assetsDict[request.urlParsed.pathname] !== undefined) {","                response.end(local.assetsDict[request.urlParsed.pathname]);","                return;","            }","            response.statusCode = 404;","            response.end();","        }).listen(process.env.PORT);","        break;","    }","}());",""],"l":{"26":2,"28":2,"33":2,"35":2,"37":2,"38":2,"39":2,"44":1,"51":2,"55":2,"59":2,"61":2,"69":1,"70":2,"76":2,"79":2,"82":2,"83":2,"85":1,"89":2,"92":1,"93":1,"94":1,"96":1,"97":1,"100":1,"101":1,"103":1,"106":1,"108":2,"114":1,"116":1,"118":1,"123":1,"124":2,"125":2,"126":3,"127":3,"128":3,"129":3,"130":1,"133":3,"134":3,"139":3,"143":1,"144":3,"145":1,"149":1,"150":1,"158":1,"160":1,"161":1,"162":1,"164":1,"166":1,"258":1,"259":1,"271":1,"274":6,"275":6,"277":1,"279":2,"281":1,"283":2,"288":1,"289":1,"291":1,"296":1,"303":1,"306":1,"307":1,"310":1,"311":1,"313":1,"314":1,"315":1,"316":1,"317":1,"318":1,"319":1,"321":1,"322":1,"324":1}},"/home/travis/build/npmtest/node-npmtest-socket.io-stream/node_modules/socket.io-stream/index.js":{"path":"/home/travis/build/npmtest/node-npmtest-socket.io-stream/node_modules/socket.io-stream/index.js","s":{"1":1},"b":{},"f":{},"fnMap":{},"statementMap":{"1":{"start":{"line":2,"column":0},"end":{"line":2,"column":34}}},"branchMap":{},"code":["","module.exports = require('./lib');","",""],"l":{"2":1}},"/home/travis/build/npmtest/node-npmtest-socket.io-stream/node_modules/socket.io-stream/lib/index.js":{"path":"/home/travis/build/npmtest/node-npmtest-socket.io-stream/node_modules/socket.io-stream/lib/index.js","s":{"1":1,"2":1,"3":1,"4":1,"5":1,"6":1,"7":1,"8":1,"9":1,"10":0,"11":0,"12":0,"13":0,"14":0,"15":0,"16":1,"17":0,"18":1,"19":0},"b":{"1":[0,0],"2":[0,0],"3":[0,0]},"f":{"1":0,"2":0,"3":0},"fnMap":{"1":{"name":"lookup","line":44,"loc":{"start":{"line":44,"column":0},"end":{"line":44,"column":30}}},"2":{"name":"(anonymous_2)","line":63,"loc":{"start":{"line":63,"column":23},"end":{"line":63,"column":41}}},"3":{"name":"(anonymous_3)","line":75,"loc":{"start":{"line":75,"column":31},"end":{"line":75,"column":55}}}},"statementMap":{"1":{"start":{"line":1,"column":0},"end":{"line":1,"column":33}},"2":{"start":{"line":2,"column":0},"end":{"line":2,"column":37}},"3":{"start":{"line":3,"column":0},"end":{"line":3,"column":51}},"4":{"start":{"line":6,"column":0},"end":{"line":6,"column":34}},"5":{"start":{"line":13,"column":0},"end":{"line":13,"column":24}},"6":{"start":{"line":20,"column":0},"end":{"line":20,"column":24}},"7":{"start":{"line":27,"column":0},"end":{"line":27,"column":28}},"8":{"start":{"line":34,"column":0},"end":{"line":34,"column":28}},"9":{"start":{"line":44,"column":0},"end":{"line":54,"column":1}},"10":{"start":{"line":45,"column":2},"end":{"line":45,"column":26}},"11":{"start":{"line":46,"column":2},"end":{"line":48,"column":3}},"12":{"start":{"line":47,"column":4},"end":{"line":47,"column":46}},"13":{"start":{"line":50,"column":2},"end":{"line":52,"column":3}},"14":{"start":{"line":51,"column":4},"end":{"line":51,"column":49}},"15":{"start":{"line":53,"column":2},"end":{"line":53,"column":27}},"16":{"start":{"line":63,"column":0},"end":{"line":65,"column":2}},"17":{"start":{"line":64,"column":2},"end":{"line":64,"column":31}},"18":{"start":{"line":75,"column":0},"end":{"line":77,"column":2}},"19":{"start":{"line":76,"column":2},"end":{"line":76,"column":43}}},"branchMap":{"1":{"line":45,"type":"binary-expr","locations":[{"start":{"line":45,"column":12},"end":{"line":45,"column":19}},{"start":{"line":45,"column":23},"end":{"line":45,"column":25}}]},"2":{"line":46,"type":"if","locations":[{"start":{"line":46,"column":2},"end":{"line":46,"column":2}},{"start":{"line":46,"column":2},"end":{"line":46,"column":2}}]},"3":{"line":50,"type":"if","locations":[{"start":{"line":50,"column":2},"end":{"line":50,"column":2}},{"start":{"line":50,"column":2},"end":{"line":50,"column":2}}]}},"code":["var Socket = require('./socket');","var IOStream = require('./iostream');","var BlobReadStream = require('./blob-read-stream');","","","exports = module.exports = lookup;","","/**"," * Expose Node Buffer for browser."," *"," * @api public"," */","exports.Buffer = Buffer;","","/**"," * Expose Socket constructor."," *"," * @api public"," */","exports.Socket = Socket;","","/**"," * Expose IOStream constructor."," *"," * @api public"," */","exports.IOStream = IOStream;","","/**"," * Forces base 64 encoding when emitting. Must be set to true for Socket.IO v0.9 or lower."," *"," * @api public"," */","exports.forceBase64 = false;","","/**"," * Look up an existing Socket."," *"," * @param {socket.io#Socket} socket.io"," * @param {Object} options"," * @return {Socket} Socket instance"," * @api public"," */","function lookup(sio, options) {","  options = options || {};","  if (null == options.forceBase64) {","    options.forceBase64 = exports.forceBase64;","  }","","  if (!sio._streamSocket) {","    sio._streamSocket = new Socket(sio, options);","  }","  return sio._streamSocket;","}","","/**"," * Creates a new duplex stream."," *"," * @param {Object} options"," * @return {IOStream} duplex stream"," * @api public"," */","exports.createStream = function(options) {","  return new IOStream(options);","};","","/**"," * Creates a new readable stream for Blob/File on browser."," *"," * @param {Blob} blob"," * @param {Object} options"," * @return {BlobReadStream} stream"," * @api public"," */","exports.createBlobReadStream = function(blob, options) {","  return new BlobReadStream(blob, options);","};",""],"l":{"1":1,"2":1,"3":1,"6":1,"13":1,"20":1,"27":1,"34":1,"44":1,"45":0,"46":0,"47":0,"50":0,"51":0,"53":0,"63":1,"64":0,"75":1,"76":0}},"/home/travis/build/npmtest/node-npmtest-socket.io-stream/node_modules/socket.io-stream/lib/socket.js":{"path":"/home/travis/build/npmtest/node-npmtest-socket.io-stream/node_modules/socket.io-stream/lib/socket.js","s":{"1":1,"2":1,"3":1,"4":1,"5":1,"6":1,"7":1,"8":1,"9":1,"10":1,"11":1,"12":1,"13":1,"14":1,"15":0,"16":0,"17":0,"18":0,"19":0,"20":0,"21":0,"22":0,"23":0,"24":0,"25":0,"26":0,"27":0,"28":0,"29":0,"30":0,"31":0,"32":0,"33":0,"34":1,"35":1,"36":0,"37":0,"38":0,"39":0,"40":1,"41":0,"42":0,"43":0,"44":0,"45":1,"46":0,"47":0,"48":0,"49":0,"50":0,"51":0,"52":0,"53":0,"54":0,"55":0,"56":0,"57":0,"58":1,"59":0,"60":1,"61":0,"62":0,"63":0,"64":0,"65":0,"66":0,"67":0,"68":0,"69":0,"70":1,"71":0,"72":1,"73":0,"74":1,"75":0,"76":0,"77":1,"78":0,"79":0,"80":0,"81":0,"82":0,"83":0,"84":0,"85":0,"86":0,"87":0,"88":0,"89":0,"90":0,"91":1,"92":0,"93":0,"94":0,"95":0,"96":0,"97":1,"98":0,"99":0,"100":0,"101":0,"102":0,"103":0,"104":0,"105":0,"106":1,"107":0,"108":0,"109":0,"110":0,"111":0,"112":0,"113":1,"114":0,"115":0,"116":0,"117":0,"118":0,"119":0,"120":0,"121":0,"122":1,"123":0,"124":0,"125":0,"126":0,"127":0,"128":0,"129":1,"130":0,"131":0,"132":0,"133":0,"134":0,"135":0,"136":0,"137":1,"138":0,"139":0,"140":0,"141":0,"142":0,"143":0,"144":1,"145":0},"b":{"1":[0,0],"2":[0,0],"3":[0,0],"4":[0,0],"5":[0,0],"6":[0,0],"7":[0,0],"8":[0,0],"9":[0,0],"10":[0,0],"11":[0,0],"12":[0,0],"13":[0,0],"14":[0,0],"15":[0,0],"16":[0,0],"17":[0,0],"18":[0,0],"19":[0,0],"20":[0,0],"21":[0,0],"22":[0,0]},"f":{"1":0,"2":0,"3":0,"4":0,"5":0,"6":0,"7":0,"8":0,"9":0,"10":0,"11":0,"12":0,"13":0,"14":0,"15":0,"16":0,"17":0,"18":0,"19":0,"20":0},"fnMap":{"1":{"name":"Socket","line":35,"loc":{"start":{"line":35,"column":0},"end":{"line":35,"column":30}}},"2":{"name":"(anonymous_2)","line":76,"loc":{"start":{"line":76,"column":24},"end":{"line":76,"column":39}}},"3":{"name":"(anonymous_3)","line":84,"loc":{"start":{"line":84,"column":22},"end":{"line":84,"column":47}}},"4":{"name":"(anonymous_4)","line":99,"loc":{"start":{"line":99,"column":27},"end":{"line":99,"column":42}}},"5":{"name":"(anonymous_5)","line":106,"loc":{"start":{"line":106,"column":28},"end":{"line":106,"column":39}}},"6":{"name":"(anonymous_6)","line":123,"loc":{"start":{"line":123,"column":25},"end":{"line":123,"column":44}}},"7":{"name":"(anonymous_7)","line":132,"loc":{"start":{"line":132,"column":26},"end":{"line":132,"column":66}}},"8":{"name":"(anonymous_8)","line":149,"loc":{"start":{"line":149,"column":24},"end":{"line":149,"column":37}}},"9":{"name":"(anonymous_9)","line":153,"loc":{"start":{"line":153,"column":26},"end":{"line":153,"column":44}}},"10":{"name":"(anonymous_10)","line":165,"loc":{"start":{"line":165,"column":29},"end":{"line":165,"column":54}}},"11":{"name":"onstream","line":170,"loc":{"start":{"line":170,"column":2},"end":{"line":170,"column":22}}},"12":{"name":"(anonymous_12)","line":176,"loc":{"start":{"line":176,"column":30},"end":{"line":176,"column":41}}},"13":{"name":"(anonymous_13)","line":193,"loc":{"start":{"line":193,"column":27},"end":{"line":193,"column":46}}},"14":{"name":"(anonymous_14)","line":204,"loc":{"start":{"line":204,"column":28},"end":{"line":204,"column":68}}},"15":{"name":"(anonymous_15)","line":220,"loc":{"start":{"line":220,"column":26},"end":{"line":220,"column":39}}},"16":{"name":"(anonymous_16)","line":232,"loc":{"start":{"line":232,"column":28},"end":{"line":232,"column":50}}},"17":{"name":"(anonymous_17)","line":246,"loc":{"start":{"line":246,"column":33},"end":{"line":246,"column":44}}},"18":{"name":"(anonymous_18)","line":259,"loc":{"start":{"line":259,"column":29},"end":{"line":259,"column":46}}},"19":{"name":"(anonymous_19)","line":273,"loc":{"start":{"line":273,"column":29},"end":{"line":273,"column":46}}},"20":{"name":"(anonymous_20)","line":284,"loc":{"start":{"line":284,"column":27},"end":{"line":284,"column":40}}}},"statementMap":{"1":{"start":{"line":1,"column":0},"end":{"line":1,"column":27}},"2":{"start":{"line":2,"column":0},"end":{"line":2,"column":50}},"3":{"start":{"line":3,"column":0},"end":{"line":3,"column":37}},"4":{"start":{"line":4,"column":0},"end":{"line":4,"column":37}},"5":{"start":{"line":5,"column":0},"end":{"line":5,"column":33}},"6":{"start":{"line":6,"column":0},"end":{"line":6,"column":56}},"7":{"start":{"line":7,"column":0},"end":{"line":7,"column":39}},"8":{"start":{"line":8,"column":0},"end":{"line":8,"column":35}},"9":{"start":{"line":9,"column":0},"end":{"line":9,"column":34}},"10":{"start":{"line":12,"column":0},"end":{"line":12,"column":34}},"11":{"start":{"line":19,"column":0},"end":{"line":19,"column":26}},"12":{"start":{"line":21,"column":0},"end":{"line":25,"column":2}},"13":{"start":{"line":27,"column":0},"end":{"line":27,"column":36}},"14":{"start":{"line":35,"column":0},"end":{"line":61,"column":1}},"15":{"start":{"line":36,"column":2},"end":{"line":38,"column":3}},"16":{"start":{"line":37,"column":4},"end":{"line":37,"column":36}},"17":{"start":{"line":40,"column":2},"end":{"line":40,"column":26}},"18":{"start":{"line":42,"column":2},"end":{"line":42,"column":26}},"19":{"start":{"line":44,"column":2},"end":{"line":44,"column":17}},"20":{"start":{"line":45,"column":2},"end":{"line":45,"column":43}},"21":{"start":{"line":46,"column":2},"end":{"line":46,"column":20}},"22":{"start":{"line":47,"column":2},"end":{"line":47,"column":38}},"23":{"start":{"line":48,"column":2},"end":{"line":48,"column":38}},"24":{"start":{"line":50,"column":2},"end":{"line":50,"column":32}},"25":{"start":{"line":51,"column":2},"end":{"line":51,"column":38}},"26":{"start":{"line":52,"column":2},"end":{"line":52,"column":53}},"27":{"start":{"line":53,"column":2},"end":{"line":53,"column":55}},"28":{"start":{"line":54,"column":2},"end":{"line":54,"column":51}},"29":{"start":{"line":55,"column":2},"end":{"line":55,"column":55}},"30":{"start":{"line":56,"column":2},"end":{"line":56,"column":45}},"31":{"start":{"line":57,"column":2},"end":{"line":57,"column":52}},"32":{"start":{"line":59,"column":2},"end":{"line":59,"column":53}},"33":{"start":{"line":60,"column":2},"end":{"line":60,"column":53}},"34":{"start":{"line":68,"column":0},"end":{"line":68,"column":30}},"35":{"start":{"line":76,"column":0},"end":{"line":82,"column":2}},"36":{"start":{"line":77,"column":2},"end":{"line":79,"column":3}},"37":{"start":{"line":78,"column":4},"end":{"line":78,"column":39}},"38":{"start":{"line":80,"column":2},"end":{"line":80,"column":38}},"39":{"start":{"line":81,"column":2},"end":{"line":81,"column":14}},"40":{"start":{"line":84,"column":0},"end":{"line":91,"column":2}},"41":{"start":{"line":85,"column":2},"end":{"line":87,"column":3}},"42":{"start":{"line":86,"column":4},"end":{"line":86,"column":37}},"43":{"start":{"line":89,"column":2},"end":{"line":89,"column":33}},"44":{"start":{"line":90,"column":2},"end":{"line":90,"column":14}},"45":{"start":{"line":99,"column":0},"end":{"line":116,"column":2}},"46":{"start":{"line":100,"column":2},"end":{"line":100,"column":31}},"47":{"start":{"line":102,"column":2},"end":{"line":102,"column":18}},"48":{"start":{"line":103,"column":2},"end":{"line":103,"column":38}},"49":{"start":{"line":104,"column":2},"end":{"line":104,"column":34}},"50":{"start":{"line":105,"column":2},"end":{"line":111,"column":3}},"51":{"start":{"line":106,"column":4},"end":{"line":110,"column":6}},"52":{"start":{"line":107,"column":6},"end":{"line":107,"column":39}},"53":{"start":{"line":108,"column":6},"end":{"line":108,"column":39}},"54":{"start":{"line":109,"column":6},"end":{"line":109,"column":28}},"55":{"start":{"line":113,"column":2},"end":{"line":113,"column":35}},"56":{"start":{"line":114,"column":2},"end":{"line":114,"column":21}},"57":{"start":{"line":115,"column":2},"end":{"line":115,"column":58}},"58":{"start":{"line":123,"column":0},"end":{"line":125,"column":2}},"59":{"start":{"line":124,"column":2},"end":{"line":124,"column":51}},"60":{"start":{"line":132,"column":0},"end":{"line":147,"column":2}},"61":{"start":{"line":133,"column":2},"end":{"line":145,"column":3}},"62":{"start":{"line":134,"column":4},"end":{"line":144,"column":5}},"63":{"start":{"line":135,"column":6},"end":{"line":135,"column":26}},"64":{"start":{"line":136,"column":6},"end":{"line":136,"column":39}},"65":{"start":{"line":137,"column":11},"end":{"line":144,"column":5}},"66":{"start":{"line":139,"column":6},"end":{"line":143,"column":7}},"67":{"start":{"line":140,"column":8},"end":{"line":140,"column":38}},"68":{"start":{"line":142,"column":8},"end":{"line":142,"column":29}},"69":{"start":{"line":146,"column":2},"end":{"line":146,"column":73}},"70":{"start":{"line":149,"column":0},"end":{"line":151,"column":2}},"71":{"start":{"line":150,"column":2},"end":{"line":150,"column":44}},"72":{"start":{"line":153,"column":0},"end":{"line":155,"column":2}},"73":{"start":{"line":154,"column":2},"end":{"line":154,"column":66}},"74":{"start":{"line":165,"column":0},"end":{"line":191,"column":2}},"75":{"start":{"line":166,"column":2},"end":{"line":168,"column":3}},"76":{"start":{"line":167,"column":4},"end":{"line":167,"column":51}},"77":{"start":{"line":170,"column":2},"end":{"line":185,"column":3}},"78":{"start":{"line":171,"column":4},"end":{"line":171,"column":25}},"79":{"start":{"line":172,"column":4},"end":{"line":172,"column":20}},"80":{"start":{"line":173,"column":4},"end":{"line":173,"column":37}},"81":{"start":{"line":174,"column":4},"end":{"line":174,"column":36}},"82":{"start":{"line":175,"column":4},"end":{"line":181,"column":5}},"83":{"start":{"line":176,"column":6},"end":{"line":180,"column":8}},"84":{"start":{"line":177,"column":8},"end":{"line":177,"column":41}},"85":{"start":{"line":178,"column":8},"end":{"line":178,"column":41}},"86":{"start":{"line":179,"column":8},"end":{"line":179,"column":30}},"87":{"start":{"line":183,"column":4},"end":{"line":183,"column":37}},"88":{"start":{"line":184,"column":4},"end":{"line":184,"column":31}},"89":{"start":{"line":188,"column":2},"end":{"line":188,"column":31}},"90":{"start":{"line":190,"column":2},"end":{"line":190,"column":32}},"91":{"start":{"line":193,"column":0},"end":{"line":202,"column":2}},"92":{"start":{"line":194,"column":2},"end":{"line":194,"column":26}},"93":{"start":{"line":196,"column":2},"end":{"line":196,"column":32}},"94":{"start":{"line":197,"column":2},"end":{"line":201,"column":3}},"95":{"start":{"line":198,"column":4},"end":{"line":198,"column":25}},"96":{"start":{"line":200,"column":4},"end":{"line":200,"column":38}},"97":{"start":{"line":204,"column":0},"end":{"line":218,"column":2}},"98":{"start":{"line":205,"column":2},"end":{"line":205,"column":27}},"99":{"start":{"line":207,"column":2},"end":{"line":207,"column":32}},"100":{"start":{"line":208,"column":2},"end":{"line":211,"column":3}},"101":{"start":{"line":209,"column":4},"end":{"line":209,"column":41}},"102":{"start":{"line":210,"column":4},"end":{"line":210,"column":11}},"103":{"start":{"line":213,"column":2},"end":{"line":216,"column":3}},"104":{"start":{"line":215,"column":4},"end":{"line":215,"column":46}},"105":{"start":{"line":217,"column":2},"end":{"line":217,"column":45}},"106":{"start":{"line":220,"column":0},"end":{"line":230,"column":2}},"107":{"start":{"line":221,"column":2},"end":{"line":221,"column":25}},"108":{"start":{"line":223,"column":2},"end":{"line":223,"column":32}},"109":{"start":{"line":224,"column":2},"end":{"line":227,"column":3}},"110":{"start":{"line":225,"column":4},"end":{"line":225,"column":53}},"111":{"start":{"line":226,"column":4},"end":{"line":226,"column":11}},"112":{"start":{"line":229,"column":2},"end":{"line":229,"column":16}},"113":{"start":{"line":232,"column":0},"end":{"line":244,"column":2}},"114":{"start":{"line":233,"column":2},"end":{"line":233,"column":42}},"115":{"start":{"line":235,"column":2},"end":{"line":235,"column":32}},"116":{"start":{"line":236,"column":2},"end":{"line":239,"column":3}},"117":{"start":{"line":237,"column":4},"end":{"line":237,"column":41}},"118":{"start":{"line":238,"column":4},"end":{"line":238,"column":11}},"119":{"start":{"line":241,"column":2},"end":{"line":241,"column":31}},"120":{"start":{"line":242,"column":2},"end":{"line":242,"column":20}},"121":{"start":{"line":243,"column":2},"end":{"line":243,"column":28}},"122":{"start":{"line":246,"column":0},"end":{"line":257,"column":2}},"123":{"start":{"line":247,"column":2},"end":{"line":247,"column":13}},"124":{"start":{"line":248,"column":2},"end":{"line":256,"column":3}},"125":{"start":{"line":249,"column":4},"end":{"line":249,"column":30}},"126":{"start":{"line":250,"column":4},"end":{"line":250,"column":21}},"127":{"start":{"line":254,"column":4},"end":{"line":254,"column":25}},"128":{"start":{"line":255,"column":4},"end":{"line":255,"column":58}},"129":{"start":{"line":259,"column":0},"end":{"line":271,"column":2}},"130":{"start":{"line":260,"column":2},"end":{"line":262,"column":3}},"131":{"start":{"line":261,"column":4},"end":{"line":261,"column":53}},"132":{"start":{"line":264,"column":2},"end":{"line":264,"column":21}},"133":{"start":{"line":265,"column":2},"end":{"line":267,"column":3}},"134":{"start":{"line":266,"column":4},"end":{"line":266,"column":60}},"135":{"start":{"line":269,"column":2},"end":{"line":269,"column":28}},"136":{"start":{"line":270,"column":2},"end":{"line":270,"column":23}},"137":{"start":{"line":273,"column":0},"end":{"line":282,"column":2}},"138":{"start":{"line":274,"column":2},"end":{"line":274,"column":21}},"139":{"start":{"line":275,"column":2},"end":{"line":278,"column":3}},"140":{"start":{"line":276,"column":4},"end":{"line":276,"column":71}},"141":{"start":{"line":277,"column":4},"end":{"line":277,"column":11}},"142":{"start":{"line":280,"column":2},"end":{"line":280,"column":28}},"143":{"start":{"line":281,"column":2},"end":{"line":281,"column":23}},"144":{"start":{"line":284,"column":0},"end":{"line":286,"column":2}},"145":{"start":{"line":285,"column":2},"end":{"line":285,"column":26}}},"branchMap":{"1":{"line":36,"type":"if","locations":[{"start":{"line":36,"column":2},"end":{"line":36,"column":2}},{"start":{"line":36,"column":2},"end":{"line":36,"column":2}}]},"2":{"line":42,"type":"binary-expr","locations":[{"start":{"line":42,"column":12},"end":{"line":42,"column":19}},{"start":{"line":42,"column":23},"end":{"line":42,"column":25}}]},"3":{"line":77,"type":"if","locations":[{"start":{"line":77,"column":2},"end":{"line":77,"column":2}},{"start":{"line":77,"column":2},"end":{"line":77,"column":2}}]},"4":{"line":85,"type":"if","locations":[{"start":{"line":85,"column":2},"end":{"line":85,"column":2}},{"start":{"line":85,"column":2},"end":{"line":85,"column":2}}]},"5":{"line":105,"type":"if","locations":[{"start":{"line":105,"column":2},"end":{"line":105,"column":2}},{"start":{"line":105,"column":2},"end":{"line":105,"column":2}}]},"6":{"line":133,"type":"if","locations":[{"start":{"line":133,"column":2},"end":{"line":133,"column":2}},{"start":{"line":133,"column":2},"end":{"line":133,"column":2}}]},"7":{"line":134,"type":"if","locations":[{"start":{"line":134,"column":4},"end":{"line":134,"column":4}},{"start":{"line":134,"column":4},"end":{"line":134,"column":4}}]},"8":{"line":137,"type":"if","locations":[{"start":{"line":137,"column":11},"end":{"line":137,"column":11}},{"start":{"line":137,"column":11},"end":{"line":137,"column":11}}]},"9":{"line":139,"type":"if","locations":[{"start":{"line":139,"column":6},"end":{"line":139,"column":6}},{"start":{"line":139,"column":6},"end":{"line":139,"column":6}}]},"10":{"line":154,"type":"binary-expr","locations":[{"start":{"line":154,"column":46},"end":{"line":154,"column":57}},{"start":{"line":154,"column":61},"end":{"line":154,"column":64}}]},"11":{"line":166,"type":"if","locations":[{"start":{"line":166,"column":2},"end":{"line":166,"column":2}},{"start":{"line":166,"column":2},"end":{"line":166,"column":2}}]},"12":{"line":175,"type":"if","locations":[{"start":{"line":175,"column":4},"end":{"line":175,"column":4}},{"start":{"line":175,"column":4},"end":{"line":175,"column":4}}]},"13":{"line":197,"type":"if","locations":[{"start":{"line":197,"column":2},"end":{"line":197,"column":2}},{"start":{"line":197,"column":2},"end":{"line":197,"column":2}}]},"14":{"line":208,"type":"if","locations":[{"start":{"line":208,"column":2},"end":{"line":208,"column":2}},{"start":{"line":208,"column":2},"end":{"line":208,"column":2}}]},"15":{"line":213,"type":"if","locations":[{"start":{"line":213,"column":2},"end":{"line":213,"column":2}},{"start":{"line":213,"column":2},"end":{"line":213,"column":2}}]},"16":{"line":213,"type":"binary-expr","locations":[{"start":{"line":213,"column":6},"end":{"line":213,"column":24}},{"start":{"line":213,"column":28},"end":{"line":213,"column":56}}]},"17":{"line":224,"type":"if","locations":[{"start":{"line":224,"column":2},"end":{"line":224,"column":2}},{"start":{"line":224,"column":2},"end":{"line":224,"column":2}}]},"18":{"line":236,"type":"if","locations":[{"start":{"line":236,"column":2},"end":{"line":236,"column":2}},{"start":{"line":236,"column":2},"end":{"line":236,"column":2}}]},"19":{"line":260,"type":"if","locations":[{"start":{"line":260,"column":2},"end":{"line":260,"column":2}},{"start":{"line":260,"column":2},"end":{"line":260,"column":2}}]},"20":{"line":260,"type":"binary-expr","locations":[{"start":{"line":260,"column":6},"end":{"line":260,"column":19}},{"start":{"line":260,"column":23},"end":{"line":260,"column":39}}]},"21":{"line":265,"type":"if","locations":[{"start":{"line":265,"column":2},"end":{"line":265,"column":2}},{"start":{"line":265,"column":2},"end":{"line":265,"column":2}}]},"22":{"line":275,"type":"if","locations":[{"start":{"line":275,"column":2},"end":{"line":275,"column":2}},{"start":{"line":275,"column":2},"end":{"line":275,"column":2}}]}},"code":["var util = require('util');","var EventEmitter = require('events').EventEmitter;","var bind = require('component-bind');","var IOStream = require('./iostream');","var parser = require('./parser');","var debug = require('debug')('socket.io-stream:socket');","var emit = EventEmitter.prototype.emit;","var on = EventEmitter.prototype.on;","var slice = Array.prototype.slice;","","","exports = module.exports = Socket;","","/**"," * Base event name for messaging."," *"," * @api public"," */","exports.event = '$stream';","","exports.events = [","  'error',","  'newListener',","  'removeListener'","];","","util.inherits(Socket, EventEmitter);","","/**"," * Bidirectional stream socket which wraps Socket.IO."," *"," * @param {socket.io#Socket} socket.io"," * @api public"," */","function Socket(sio, options) {","  if (!(this instanceof Socket)) {","    return new Socket(sio, options);","  }","","  EventEmitter.call(this);","","  options = options || {};","","  this.sio = sio;","  this.forceBase64 = !!options.forceBase64;","  this.streams = {};","  this.encoder = new parser.Encoder();","  this.decoder = new parser.Decoder();","","  var eventName = exports.event;","  sio.on(eventName, bind(this, emit));","  sio.on(eventName + '-read', bind(this, '_onread'));","  sio.on(eventName + '-write', bind(this, '_onwrite'));","  sio.on(eventName + '-end', bind(this, '_onend'));","  sio.on(eventName + '-error', bind(this, '_onerror'));","  sio.on('error', bind(this, emit, 'error'));","  sio.on('disconnect', bind(this, '_ondisconnect'));","","  this.encoder.on('stream', bind(this, '_onencode'));","  this.decoder.on('stream', bind(this, '_ondecode'));","}","","/**"," * Original emit function."," *"," * @api private"," */","Socket.prototype.$emit = emit;","","/**"," * Emits streams to this corresponding server/client."," *"," * @return {Socket} self"," * @api public"," */","Socket.prototype.emit = function(type) {","  if (~exports.events.indexOf(type)) {","    return emit.apply(this, arguments);","  }","  this._stream.apply(this, arguments);","  return this;","};","","Socket.prototype.on = function(type, listener) {","  if (~exports.events.indexOf(type)) {","    return on.apply(this, arguments);","  }","","  this._onstream(type, listener);","  return this;","};","","/**"," * Sends a new stream request."," *"," * @param {String} event type"," * @api private"," */","Socket.prototype._stream = function(type) {","  debug('sending new streams');","","  var self = this;","  var args = slice.call(arguments, 1);","  var ack = args[args.length - 1];","  if ('function' == typeof ack) {","    args[args.length - 1] = function() {","      var args = slice.call(arguments);","      args = self.decoder.decode(args);","      ack.apply(this, args);","    };","  }","","  args = this.encoder.encode(args);","  var sio = this.sio;","  sio.emit.apply(sio, [exports.event, type].concat(args));","};","","/**"," * Notifies the read event."," *"," * @api private"," */","Socket.prototype._read = function(id, size) {","  this.sio.emit(exports.event + '-read', id, size);","};","","/**"," * Requests to write a chunk."," *"," * @api private"," */","Socket.prototype._write = function(id, chunk, encoding, callback) {","  if (Buffer.isBuffer(chunk)) {","    if (this.forceBase64) {","      encoding = 'base64';","      chunk = chunk.toString(encoding);","    } else if (!global.Buffer) {","      // socket.io can't handle Buffer when using browserify.","      if (chunk.toArrayBuffer) {","        chunk = chunk.toArrayBuffer();","      } else {","        chunk = chunk.buffer;","      }","    }","  }","  this.sio.emit(exports.event + '-write', id, chunk, encoding, callback);","};","","Socket.prototype._end = function(id) {","  this.sio.emit(exports.event + '-end', id);","};","","Socket.prototype._error = function(id, err) {","  this.sio.emit(exports.event + '-error', id, err.message || err);","};","","/**"," * Handles a new stream request."," *"," * @param {String} event type"," * @param {Function} listener"," *"," * @api private"," */","Socket.prototype._onstream = function(type, listener) {","  if ('function' != typeof listener) {","    throw TypeError('listener must be a function');","  }","","  function onstream() {","    debug('new streams');","    var self = this;","    var args = slice.call(arguments);","    var ack = args[args.length - 1];","    if ('function' == typeof ack) {","      args[args.length - 1] = function() {","        var args = slice.call(arguments);","        args = self.encoder.encode(args);","        ack.apply(this, args);","      };","    }","","    args = this.decoder.decode(args);","    listener.apply(this, args);","  }","","  // for removeListener","  onstream.listener = listener;","","  on.call(this, type, onstream);","};","","Socket.prototype._onread = function(id, size) {","  debug('read: \"%s\"', id);","","  var stream = this.streams[id];","  if (stream) {","    stream._onread(size);","  } else {","    debug('ignore invalid stream id');","  }","};","","Socket.prototype._onwrite = function(id, chunk, encoding, callback) {","  debug('write: \"%s\"', id);","","  var stream = this.streams[id];","  if (!stream) {","    callback('invalid stream id: ' + id);","    return;","  }","","  if (global.ArrayBuffer && chunk instanceof ArrayBuffer) {","    // make sure that chunk is a buffer for stream","    chunk = new Buffer(new Uint8Array(chunk));","  }","  stream._onwrite(chunk, encoding, callback);","};","","Socket.prototype._onend = function(id) {","  debug('end: \"%s\"', id);","","  var stream = this.streams[id];","  if (!stream) {","    debug('ignore non-existent stream id: \"%s\"', id);","    return;","  }","","  stream._end();","};","","Socket.prototype._onerror = function(id, message) {","  debug('error: \"%s\", \"%s\"', id, message);","","  var stream = this.streams[id];","  if (!stream) {","    debug('invalid stream id: \"%s\"', id);","    return;","  }","","  var err = new Error(message);","  err.remote = true;","  stream.emit('error', err);","};","","Socket.prototype._ondisconnect = function() {","  var stream;","  for (var id in this.streams) {","    stream = this.streams[id];","    stream.destroy();","","    // Close streams when the underlaying","    // socket.io connection is closed (regardless why)","    stream.emit('close');","    stream.emit('error', new Error('Connection aborted'));","  }","};","","Socket.prototype._onencode = function(stream) {","  if (stream.socket || stream.destroyed) {","    throw new Error('stream has already been sent.');","  }","","  var id = stream.id;","  if (this.streams[id]) {","    throw new Error('Encoded stream already exists: ' + id);","  }","","  this.streams[id] = stream;","  stream.socket = this;","};","","Socket.prototype._ondecode = function(stream) {","  var id = stream.id;","  if (this.streams[id]) {","    this._error(id, new Error('Decoded stream already exists: ' + id));","    return;","  }","","  this.streams[id] = stream;","  stream.socket = this;","};","","Socket.prototype.cleanup = function(id) {","  delete this.streams[id];","};","",""],"l":{"1":1,"2":1,"3":1,"4":1,"5":1,"6":1,"7":1,"8":1,"9":1,"12":1,"19":1,"21":1,"27":1,"35":1,"36":0,"37":0,"40":0,"42":0,"44":0,"45":0,"46":0,"47":0,"48":0,"50":0,"51":0,"52":0,"53":0,"54":0,"55":0,"56":0,"57":0,"59":0,"60":0,"68":1,
[...]
392":0,"2393":0,"2394":0,"2399":1,"2400":0,"2401":0,"2402":0,"2403":0,"2404":0,"2405":0,"2407":0,"2409":0,"2412":1,"2413":0,"2414":0,"2415":0,"2416":0,"2417":0,"2418":0,"2420":0,"2422":0,"2425":1,"2426":0,"2427":0,"2428":0,"2432":1,"2433":0,"2434":0,"2435":0,"2436":0,"2437":0,"2438":0,"2439":0,"2440":0,"2442":0,"2444":0,"2447":1,"2448":0,"2449":0,"2450":0,"2451":0,"2452":0,"2453":0,"2454":0,"2455":0,"2457":0,"2459":0,"2462":1,"2463":0,"2464":0,"2465":0,"2466":0,"2468":0,"2471":0,"2472":0,"2473":0,"2474":0,"2475":0,"2476":0,"2477":0,"2479":0,"2482":0,"2485":1,"2486":0,"2487":0,"2488":0,"2489":0,"2491":0,"2494":0,"2495":0,"2496":0,"2497":0,"2498":0,"2499":0,"2500":0,"2502":0,"2505":0,"2508":1,"2509":0,"2510":0,"2511":0,"2512":0,"2513":0,"2514":0,"2515":0,"2518":1,"2519":0,"2520":0,"2521":0,"2522":0,"2523":0,"2524":0,"2526":0,"2528":0,"2531":1,"2532":0,"2533":0,"2534":0,"2535":0,"2536":0,"2537":0,"2539":0,"2541":0,"2544":1,"2545":0,"2546":0,"2547":0,"2548":0,"2549":0,"2550":0,"2551":0,"2552":0,"2554":0,"2556":0,"2559":1,"2560":0,"2561":0,"2562":0,"2563":0,"2564":0,"2565":0,"2566":0,"2567":0,"2568":0,"2570":0,"2572":0,"2575":1,"2576":0,"2577":0,"2580":1,"2581":0,"2582":0,"2584":0,"2585":0,"2588":1,"2589":0,"2592":1,"2593":0,"2596":1,"2597":0,"2598":0,"2600":0,"2601":0,"2604":1,"2605":0,"2608":1,"2609":0,"2613":1,"2614":0,"2615":0,"2616":0,"2617":0,"2618":0,"2621":0,"2622":0,"2625":0,"2626":0,"2628":0,"2629":0,"2632":0,"2633":0,"2634":0,"2637":0,"2638":0,"2640":0,"2642":0,"2643":0,"2645":0,"2647":0,"2648":0,"2651":0,"2658":0,"2665":1,"2667":0,"2668":0,"2669":0,"2670":0,"2671":0,"2672":0,"2673":0,"2674":0,"2676":0,"2677":0,"2678":0,"2679":0,"2682":0,"2683":0,"2685":0,"2686":0,"2688":0,"2689":0,"2693":0,"2694":0,"2697":0,"2698":0,"2701":0,"2702":0,"2704":0,"2706":0,"2707":0,"2708":0,"2709":0,"2712":0,"2715":0,"2716":0,"2717":0,"2721":0,"2727":1,"2729":1,"2731":0,"2733":0,"2735":0,"2736":0,"2738":0,"2741":1,"2742":0,"2743":0,"2746":1,"2747":0,"2748":0,"2751":1,"2752":0,"2753":0,"2754":0,"2755":0,"2756":0,"2758":0,"2759":0,"2762":0,"2764":0,"2766":0,"2768":0,"2769":0,"2770":0,"2772":0,"2773":0,"2777":0,"2779":0,"2783":0,"2784":0,"2785":0,"2786":0,"2790":0,"2791":0,"2793":0,"2796":0,"2799":0,"2800":0,"2801":0,"2802":0,"2803":0,"2804":0,"2808":0,"2809":0,"2810":0,"2815":0,"2816":0,"2817":0,"2824":0,"2828":0,"2831":1,"2832":0,"2833":0,"2835":0,"2837":0,"2840":1,"2841":0,"2842":0,"2843":0,"2844":0,"2846":0,"2847":0,"2848":0,"2849":0,"2850":0,"2853":0,"2856":1,"2857":0,"2860":1,"2861":0,"2862":0,"2863":0,"2865":0,"2868":1,"2869":0,"2878":1,"2889":1,"2890":0,"2891":0,"2892":0,"2893":0,"2894":0,"2899":1,"2924":1,"2925":0,"2926":0,"2928":0,"2930":1,"2932":1,"2933":0,"2935":1,"2937":1,"2938":0,"2940":1,"2942":1,"2943":0,"2945":1,"2947":1,"2948":0,"2950":1,"2952":1,"2953":0,"2955":1,"2957":1,"2958":0,"2960":1,"2962":1,"2963":0,"2965":1,"2967":1,"2968":0,"2970":1,"2972":1,"2973":0,"2975":1,"2977":1,"2978":0,"2980":1,"2982":1,"2983":0,"2985":1,"2987":1,"2988":0,"2990":1,"2992":1,"2993":0,"3000":1,"3002":1,"3004":1,"3005":0,"3017":1,"3018":1,"3019":1,"3020":1,"3021":1,"3022":1,"3023":1,"3032":1,"3049":1,"3051":0,"3063":1,"3064":0,"3074":1,"3075":0,"3076":0,"3078":0,"3085":0,"3087":0,"3088":0,"3093":0,"3094":0,"3095":0,"3096":0,"3097":0,"3098":0,"3101":0,"3105":0,"3106":0,"3116":1,"3119":0,"3131":1,"3132":1,"3133":1,"3134":1,"3136":0,"3148":1,"3149":1,"3150":1,"3151":1,"3153":1,"3160":1,"3173":1,"3174":1,"3175":1,"3188":1,"3189":1,"3190":1,"3191":1,"3192":1,"3193":1,"3199":1,"3200":1,"3208":1,"3214":1,"3220":1,"3229":1,"3230":0,"3241":1,"3244":1,"3246":2,"3249":1,"3251":0,"3254":0,"3255":0,"3256":0,"3257":0,"3258":0,"3259":0,"3262":0,"3263":0,"3265":0,"3267":0,"3269":0,"3271":0,"3275":0,"3276":0,"3278":0,"3279":0,"3280":0,"3281":0,"3282":0,"3283":0,"3286":0,"3287":0,"3289":0,"3292":0,"3293":0,"3295":0,"3296":0,"3298":2,"3300":2,"3302":2,"3304":2,"3315":1,"3316":1,"3318":1,"3319":1,"3321":1,"3322":1,"3323":0,"3324":0,"3325":0,"3327":0,"3338":1,"3339":0,"3350":1,"3351":2,"3352":2,"3353":0,"3354":0,"3357":2,"3358":0,"3359":0,"3362":2,"3373":1,"3374":0,"3375":0,"3400":1,"3401":0,"3402":0,"3404":1,"3407":1,"3409":1,"3410":1,"3414":1,"3418":1,"3419":0,"3420":0,"3421":0,"3422":0,"3425":1,"3426":0,"3428":0,"3429":0,"3432":0,"3433":0,"3435":0,"3436":0,"3437":0,"3440":0,"3441":0,"3442":0,"3447":0,"3449":0,"3450":0,"3452":0,"3453":0,"3456":0,"3457":0,"3459":0,"3460":0,"3462":0,"3463":0,"3466":0,"3467":0,"3469":0,"3470":0,"3471":0,"3472":0,"3473":0,"3474":0,"3477":0,"3480":1,"3481":0,"3483":0,"3484":0,"3486":0,"3487":0,"3491":0,"3492":0,"3496":0,"3498":0,"3499":0,"3501":0,"3504":0,"3507":0,"3508":0,"3509":0,"3511":0,"3514":0,"3515":0,"3516":0,"3520":0,"3522":0,"3527":0,"3530":1,"3532":1,"3533":0,"3534":0,"3536":0,"3538":1,"3539":0,"3541":0,"3542":0,"3543":0,"3547":0,"3548":0,"3550":0,"3554":1,"3555":0,"3557":0,"3558":0,"3560":0,"3561":0,"3563":0,"3564":0,"3565":0,"3567":0,"3569":0,"3570":0,"3571":0,"3573":0,"3574":0,"3575":0,"3577":0,"3578":0,"3582":0,"3583":0,"3585":0,"3586":0,"3587":0,"3589":0,"3592":0,"3593":0,"3596":0,"3599":1,"3600":0,"3602":0,"3603":0,"3606":0,"3607":0,"3608":0,"3609":0,"3610":0,"3611":0,"3615":0,"3616":0,"3617":0,"3618":0,"3620":0,"3621":0,"3622":0,"3625":0,"3627":0,"3628":0,"3629":0,"3631":0,"3632":0,"3634":0,"3636":0,"3639":1,"3640":0,"3641":0,"3642":0,"3643":0,"3644":0,"3646":0,"3647":0,"3650":1,"3651":0,"3652":0,"3654":0,"3655":0,"3656":0,"3657":0,"3659":0,"3662":1,"3663":0,"3666":1,"3667":0,"3670":1,"3671":0,"3674":1,"3675":0,"3678":1,"3679":0,"3683":1,"3684":0,"3685":0,"3686":0,"3687":0,"3688":0,"3689":0,"3690":0,"3691":0,"3693":0,"3695":0,"3696":0,"3697":0,"3698":0,"3700":0,"3701":0,"3702":0,"3703":0,"3705":0,"3706":0,"3707":0,"3708":0,"3710":0,"3711":0,"3713":0,"3716":1,"3717":0,"3718":0,"3719":0,"3720":0,"3721":0,"3722":0,"3723":0,"3724":0,"3726":0,"3728":0,"3729":0,"3730":0,"3732":0,"3733":0,"3734":0,"3735":0,"3737":0,"3738":0,"3740":0,"3742":0,"3743":0,"3744":0,"3747":0,"3748":0,"3749":0,"3750":0,"3751":0,"3752":0,"3754":0,"3755":0,"3759":0,"3761":0,"3762":0,"3763":0,"3765":0,"3769":2,"3771":2,"3772":11,"3773":11,"3784":0,"3785":0,"3786":0,"3787":0,"3788":0,"3789":0,"3803":1,"3804":0,"3807":1,"3808":0,"3812":1,"3813":0,"3817":1,"3819":1,"3820":0,"3828":1,"3829":1,"3830":1,"3831":1,"3832":1,"3847":1,"3848":0,"3849":0,"3850":0,"3863":1,"3864":0,"3865":0,"3866":0,"3867":0,"3868":0,"3869":0,"3870":0,"3876":0,"3880":0,"3886":0,"3892":0,"3898":0,"3904":0,"3916":1,"3917":0,"3918":0,"3919":0,"3920":0,"3921":0,"3932":1,"3933":0,"3944":1,"3945":0,"3946":0,"3947":0,"3951":1,"3954":1,"3957":1,"3959":0,"3962":1,"3963":0,"3964":0,"3966":0,"3967":0,"3968":0,"3971":0,"3973":0,"3974":0,"3977":0,"3978":0,"3981":0,"3982":0,"3985":0,"3986":0,"3987":0,"3988":0,"3990":0,"3991":0,"3999":1,"4006":1,"4007":1,"4009":1,"4010":0,"4012":1,"4013":0,"4015":1,"4016":1,"4017":1,"4018":1,"4020":0,"4023":0,"4025":1,"4026":1,"4027":1,"4029":0,"4032":0,"4035":1,"4036":0,"4038":0,"4041":0,"4042":0,"4043":0,"4045":0,"4047":0,"4049":0,"4051":0,"4054":0,"4060":1,"4061":0,"4063":0,"4066":0,"4067":0,"4068":0,"4070":0,"4072":0,"4074":0,"4076":0,"4080":0,"4087":1,"4088":1,"4089":1,"4090":1,"4092":1,"4093":0,"4094":0,"4096":0,"4097":0,"4098":0,"4100":0,"4102":0,"4103":0,"4107":1,"4108":0,"4109":0,"4111":0,"4112":0,"4114":0,"4115":0,"4116":0,"4117":0,"4118":0,"4119":0,"4120":0,"4123":0,"4124":0,"4126":0,"4127":0,"4128":0,"4131":1,"4132":0,"4133":0,"4134":0,"4135":0,"4138":0,"4139":0,"4140":0,"4145":1,"4146":0,"4147":0,"4149":1,"4150":0,"4152":1,"4153":1,"4154":1,"4155":1,"4156":1,"4157":1,"4159":1,"4161":1,"4162":1,"4163":1,"4164":1,"4165":1,"4166":1,"4167":1,"4169":1,"4170":0,"4173":1,"4174":1,"4175":0,"4177":1,"4180":1,"4192":1,"4193":0,"4194":0,"4195":0,"4196":0,"4200":1,"4203":1,"4207":1,"4208":1,"4211":1,"4212":1,"4214":1,"4216":1,"4217":1,"4218":8,"4219":8,"4222":1,"4223":0,"4225":0,"4226":0,"4228":0,"4230":0,"4232":0,"4233":0,"4235":0,"4239":1,"4242":0,"4246":0,"4249":1,"4250":0,"4253":1,"4254":0,"4255":0,"4265":1,"4267":1,"4270":1,"4271":1,"4274":1,"4276":1,"4277":0,"4279":0,"4282":1,"4283":0,"4286":1,"4289":1,"4292":1,"4296":1,"4299":1,"4302":1,"4304":1,"4305":0,"4310":1,"4311":1,"4312":1,"4313":1,"4315":1,"4320":1,"4322":1,"4326":1,"4327":1,"4331":1,"4332":1,"4333":1,"4334":0,"4336":1,"4340":1,"4341":1,"4343":1,"4345":1,"4346":0,"4347":0,"4353":0,"4357":1,"4358":1,"4359":0,"4361":0,"4365":0,"4367":0,"4371":0,"4372":0,"4373":0,"4376":0,"4381":0,"4382":0,"4383":0,"4384":0,"4385":0,"4386":0,"4387":0,"4388":0,"4394":0,"4398":0,"4399":0,"4400":0,"4401":0,"4406":0,"4410":0,"4413":0,"4416":0,"4418":0,"4419":0,"4420":0,"4421":0,"4422":0,"4423":0,"4427":1,"4428":1,"4429":0,"4431":0,"4433":0,"4436":0,"4438":0,"4440":0,"4447":1,"4448":0,"4450":0,"4451":0,"4452":0,"4453":0,"4454":0,"4458":0,"4462":1,"4463":0,"4464":0,"4467":1,"4468":0,"4471":1,"4472":0,"4473":0,"4474":0,"4475":0,"4476":0,"4477":0,"4478":0,"4479":0,"4480":0,"4481":0,"4482":0,"4483":0,"4484":0,"4486":0,"4487":0,"4488":0,"4489":0,"4492":0,"4496":0,"4498":0,"4499":0,"4500":0,"4503":0,"4504":0,"4506":0,"4510":0,"4512":0,"4513":0,"4516":0,"4526":1,"4527":0,"4531":1,"4532":0,"4533":0,"4534":0,"4535":0,"4539":1,"4540":1,"4541":0,"4542":0,"4546":0,"4547":0,"4548":0,"4549":0,"4550":0,"4551":0,"4552":0,"4554":0,"4559":1,"4560":0,"4561":0,"4562":0,"4564":0,"4567":0,"4568":0,"4570":0,"4571":0,"4572":0,"4574":0,"4578":1,"4579":0,"4580":0,"4581":0,"4582":0,"4584":0,"4589":0,"4590":0,"4591":0,"4592":0,"4595":0,"4598":0,"4599":0,"4600":0,"4626":0,"4627":0,"4630":0,"4631":0,"4632":0,"4637":0,"4638":0,"4639":0,"4640":0,"4641":0,"4642":0,"4643":0,"4645":0,"4647":0,"4648":0,"4651":0,"4654":0,"4655":0,"4657":0,"4658":0,"4659":0,"4661":0,"4664":0,"4667":0,"4670":0,"4673":0,"4675":0,"4678":1,"4679":0,"4680":0,"4681":0,"4683":0,"4686":1,"4687":0,"4688":0,"4689":0,"4690":0,"4691":0,"4692":0,"4695":0,"4698":0,"4704":1,"4705":0,"4706":0,"4707":0,"4708":0,"4709":0,"4710":0,"4714":1,"4715":0,"4716":0,"4717":0,"4726":1,"4727":0,"4728":0,"4729":0,"4733":1,"4734":0,"4735":0,"4736":0,"4737":0,"4738":0,"4740":0,"4742":0,"4749":1,"4750":0,"4753":1,"4754":0,"4755":0,"4757":0,"4759":0,"4760":0,"4762":0,"4763":0,"4765":0,"4766":0,"4768":0,"4769":0,"4771":0,"4773":0,"4774":0,"4776":0,"4777":1,"4778":0,"4779":0,"4780":0,"4784":1,"4785":0,"4786":0,"4793":0,"4794":0,"4796":0,"4797":1,"4798":0,"4800":0,"4801":0,"4802":0,"4803":0,"4804":0,"4805":0,"4806":0,"4807":0,"4809":0,"4816":0,"4823":0,"4824":0,"4825":1,"4826":0,"4827":0,"4828":0,"4829":0,"4834":0,"4835":0,"4836":0,"4837":0,"4839":0,"4845":1,"4846":0,"4847":0,"4848":0,"4849":0,"4853":0,"4856":1,"4857":0,"4858":0,"4860":0,"4861":1,"4862":0,"4863":0,"4864":0,"4866":0,"4868":1,"4869":0,"4870":0,"4874":0,"4877":0,"4878":0,"4879":0,"4882":0,"4885":1,"4886":0,"4887":0,"4888":0,"4889":0,"4890":0,"4891":0,"4892":0,"4897":1,"4898":0,"4901":0,"4904":0,"4906":0,"4908":0,"4911":0,"4912":0,"4913":0,"4914":0,"4915":0,"4920":0,"4922":0,"4923":0,"4924":0,"4925":0,"4926":0,"4928":0,"4929":0,"4930":0,"4934":0,"4935":0,"4937":0,"4938":0,"4939":0,"4941":0,"4943":0,"4948":1,"4949":0,"4951":0,"4953":0,"4954":0,"4955":0,"4956":0,"4957":0,"4958":0,"4959":0,"4960":0,"4961":0,"4962":0,"4967":0,"4969":1,"4971":1,"4972":0,"4973":0,"4978":1,"4979":0,"4980":0,"4981":0,"4982":0,"4983":0,"4985":0,"4988":1,"4989":0,"4990":0,"4991":0,"4995":1,"4996":0,"4997":0,"4998":0,"5001":0,"5002":0,"5003":0,"5004":0,"5005":0,"5008":1,"5009":0,"5010":0,"5011":0,"5012":0,"5013":0,"5015":0,"5018":1,"5019":0,"5020":0,"5021":0,"5027":1,"5028":0,"5029":0,"5031":0,"5032":0,"5033":0,"5034":0,"5035":0,"5036":0,"5039":0,"5042":0,"5043":0,"5044":0,"5047":0,"5049":0,"5050":0,"5051":0,"5052":0,"5058":0,"5059":0,"5060":0,"5061":0,"5062":0,"5069":0,"5070":0,"5071":0,"5076":0,"5077":0,"5078":0,"5079":0,"5080":0,"5084":0,"5088":1,"5094":1,"5096":0,"5098":0,"5099":0,"5101":0,"5102":0,"5105":0,"5108":0,"5114":1,"5115":0,"5116":0,"5118":0,"5119":0,"5120":0,"5122":0,"5125":0,"5127":0,"5134":1,"5135":0,"5136":0,"5137":0,"5138":0,"5139":0,"5140":0,"5141":0,"5142":0,"5143":0,"5144":0,"5145":0,"5146":0,"5147":0,"5149":0,"5150":0,"5152":0,"5154":0,"5156":0,"5157":0,"5163":1,"5164":0,"5165":0,"5166":0,"5167":0,"5168":0,"5169":0,"5170":0,"5171":0,"5172":0,"5173":0,"5174":0,"5175":0,"5176":0,"5177":0,"5179":0,"5180":0,"5182":0,"5184":0,"5186":0,"5187":0,"5190":1,"5191":0,"5195":0,"5197":0,"5198":0,"5199":0,"5203":1,"5205":0,"5206":0,"5207":0,"5208":0,"5212":1,"5213":0,"5214":0,"5218":1,"5219":0,"5220":0,"5222":0,"5270":1,"5272":1,"5275":1,"5276":1,"5279":1,"5281":1,"5282":0,"5283":0,"5286":0,"5287":0,"5288":0,"5289":0,"5290":0,"5293":1,"5294":0,"5295":0,"5297":0,"5299":0,"5301":0,"5302":0,"5304":0,"5306":0,"5308":0,"5309":0,"5310":0,"5311":0,"5315":1,"5316":0,"5318":0,"5320":0,"5323":0,"5326":0,"5331":0,"5333":0,"5334":0,"5336":0,"5339":0,"5340":0,"5341":0,"5342":0,"5346":1,"5347":0,"5348":0,"5361":1,"5362":0,"5365":1,"5366":0,"5367":0,"5368":0,"5369":0,"5370":0,"5371":0,"5372":0,"5379":1,"5380":0,"5382":0,"5383":0,"5384":0,"5388":0,"5392":1,"5393":0,"5397":0,"5398":0,"5400":0,"5402":0,"5404":0,"5407":1,"5414":1,"5417":1,"5421":1,"5424":1,"5427":1,"5428":1,"5432":1,"5438":1,"5439":1,"5440":1,"5441":1,"5443":1,"5448":1,"5450":1,"5453":1,"5455":1,"5457":1,"5458":0,"5459":0,"5460":0,"5461":0,"5464":1,"5465":1,"5466":0,"5468":0,"5472":0,"5474":0,"5479":0,"5480":0,"5481":0,"5484":0,"5486":0,"5488":0,"5490":0,"5492":0,"5497":0,"5498":0,"5503":0,"5508":0,"5511":0,"5514":0,"5520":0,"5525":0,"5528":0,"5529":0,"5533":0,"5536":0,"5538":0,"5539":0,"5543":0,"5547":0,"5550":0,"5553":0,"5557":0,"5560":1,"5561":0,"5562":0,"5563":0,"5564":0,"5565":0,"5567":0,"5570":1,"5571":1,"5572":1,"5574":0,"5580":1,"5581":1,"5582":0,"5586":0,"5588":0,"5591":0,"5593":0,"5594":0,"5596":0,"5599":0,"5603":1,"5604":0,"5607":1,"5608":0,"5610":0,"5611":0,"5619":1,"5620":0,"5621":0,"5625":0,"5626":0,"5627":0,"5628":0,"5630":0,"5631":0,"5632":0,"5633":0,"5635":0,"5638":1,"5639":0,"5640":0,"5642":0,"5643":0,"5644":0,"5647":0,"5649":0,"5651":0,"5652":0,"5653":0,"5656":0,"5659":1,"5660":0,"5662":0,"5665":1,"5666":0,"5668":0,"5669":0,"5671":0,"5675":1,"5677":0,"5678":0,"5679":0,"5680":0,"5683":1,"5684":0,"5685":0,"5687":0,"5693":1,"5694":0,"5696":0,"5697":0,"5699":0,"5701":0,"5703":0,"5705":0,"5706":0,"5707":0,"5708":0,"5709":0,"5711":0,"5713":0,"5715":0,"5718":0,"5721":1,"5722":0,"5723":0,"5724":0,"5725":0,"5726":0,"5727":0,"5730":1,"5731":0,"5732":0,"5734":0,"5735":0,"5738":1,"5739":0,"5740":0,"5741":0,"5742":0,"5745":1,"5746":0,"5747":0,"5748":0,"5750":0,"5752":0,"5754":0,"5756":0,"5757":0,"5760":0,"5762":0,"5765":0,"5770":1,"5771":0,"5772":0,"5773":0,"5774":0,"5780":1,"5781":0,"5782":0,"5783":0,"5788":1,"5789":0,"5790":0,"5792":0,"5794":0,"5795":0,"5796":0,"5797":0,"5799":0,"5800":0,"5801":0,"5802":0,"5803":0,"5806":0,"5810":0,"5811":0,"5812":0,"5813":0,"5814":0,"5816":0,"5820":0,"5821":0,"5822":0,"5823":0,"5824":0,"5826":0,"5827":0,"5832":0,"5833":0,"5837":0,"5840":0,"5841":0,"5842":0,"5845":1,"5846":0,"5849":1,"5851":1,"5852":0,"5854":0,"5855":0,"5856":0,"5857":0,"5858":0,"5859":0,"5860":0,"5863":0,"5866":0,"5867":0,"5868":0,"5872":0,"5875":1,"5876":0,"5879":1,"5880":0,"5881":0,"5882":0,"5886":1,"5887":0,"5888":0,"5889":0,"5890":0,"5891":0,"5892":0,"5894":0,"5897":0,"5900":1,"5901":0,"5902":0,"5903":0,"5904":0,"5906":0,"5907":0,"5912":1,"5913":0,"5915":0,"5916":0,"5918":0,"5919":0,"5920":0,"5921":0,"5922":0,"5923":0,"5924":0,"5925":0,"5927":0,"5928":0,"5930":0,"5938":1,"5940":1,"5943":1,"5945":1,"5946":0,"5947":0,"5948":0,"5951":1,"5952":0,"5953":0,"5954":0,"5955":0,"5958":1,"5959":0,"5960":0,"5961":0,"5962":0,"5965":1,"5966":0,"5967":0,"5968":0,"5969":0,"5970":0,"5973":1,"5974":0,"5975":0,"5978":1,"5979":0,"5980":0,"5981":0,"5982":0,"5983":0,"5984":0,"5987":1,"5988":0,"5989":0,"5990":0,"5991":0,"5992":0,"5993":0,"5994":0,"5995":0,"5996":0,"5998":0,"6001":1,"6004":1,"6005":1,"6006":1,"6007":1,"6010":1,"6011":1,"6012":1,"6013":1,"6014":1,"6015":1,"6016":1,"6018":1,"6019":0,"6024":1,"6027":1,"6051":1,"6053":1,"6054":1,"6056":1,"6057":1,"6058":1,"6059":1,"6060":1,"6061":1,"6064":1,"6071":1,"6072":0,"6075":1,"6076":0,"6078":1,"6079":0,"6080":0,"6081":0,"6086":0,"6088":1,"6089":0,"6090":0,"6094":0,"6098":0,"6099":0,"6100":0,"6103":0,"6104":1,"6105":0,"6106":0,"6108":0,"6112":1,"6113":0,"6114":0,"6116":0,"6120":1,"6121":0,"6122":0,"6123":0,"6127":0,"6128":0,"6131":1,"6132":0,"6133":0,"6135":0,"6136":0,"6138":0,"6139":0,"6141":0,"6142":0,"6144":0,"6147":0,"6148":0,"6150":0,"6152":0,"6155":0,"6180":0,"6182":0,"6184":0,"6185":0,"6186":0,"6191":1,"6192":0,"6193":0,"6205":0,"6206":0,"6207":0,"6208":0,"6211":0,"6212":0,"6216":0,"6217":0,"6218":0,"6221":0,"6222":0,"6223":0,"6225":0,"6226":0,"6231":0,"6233":0,"6235":0,"6248":0,"6249":0,"6251":0,"6253":0,"6258":0,"6259":0,"6261":0,"6263":0,"6267":0,"6270":0,"6273":0,"6274":0,"6275":0,"6276":0,"6277":0,"6279":0,"6282":0,"6283":0,"6285":0,"6289":0,"6291":0,"6292":0,"6294":0,"6295":0,"6298":0,"6300":0,"6301":0,"6303":0,"6304":0,"6305":0,"6306":0,"6307":0,"6308":0,"6309":0,"6313":0,"6320":0,"6322":0,"6326":0,"6327":0,"6332":0,"6333":0,"6334":0,"6338":0,"6339":0,"6340":0,"6344":0,"6345":0,"6346":0,"6349":0,"6352":0,"6353":0,"6354":0,"6355":0,"6357":0,"6358":0,"6359":0,"6360":0,"6361":0,"6364":0,"6367":1,"6368":0,"6371":1,"6372":0,"6373":0,"6376":1,"6377":0,"6378":0,"6382":1,"6388":1,"6408":1,"6409":1,"6410":0,"6413":1,"6414":1,"6415":0,"6416":0,"6417":0,"6418":0,"6419":0,"6421":0,"6423":0,"6425":0,"6428":1,"6439":1,"6441":1,"6442":1,"6444":0,"6446":0,"6447":0,"6448":0,"6453":1,"6455":1,"6456":0,"6462":1,"6484":1,"6485":1,"6486":0,"6487":0,"6488":0,"6489":0,"6491":0,"6494":0,"6495":0,"6496":0,"6497":0,"6498":0,"6499":0,"6500":0,"6501":0,"6502":0,"6504":0,"6505":0,"6507":0,"6510":0,"6513":0,"6514":0,"6515":0,"6517":0,"6520":0,"6527":1,"6529":0,"6530":0,"6531":0,"6535":0,"6536":0,"6539":0,"6540":1,"6541":0,"6542":0,"6543":0,"6544":0,"6545":0,"6547":0,"6549":0,"6551":0,"6554":0,"6558":1,"6559":1,"6560":1,"6561":0,"6562":0,"6563":0,"6564":0,"6565":0,"6566":0,"6567":0,"6568":0,"6569":0,"6572":0,"6575":0,"6587":1,"6589":0,"6594":0,"6595":0,"6596":0,"6598":0,"6599":0,"6601":0,"6604":0,"6605":0,"6606":0,"6607":0,"6608":0,"6609":0,"6611":1,"6615":1,"6632":1,"6645":1,"6646":0,"6648":0,"6649":0,"6652":0,"6657":1,"6658":0,"6662":1,"6663":0,"6665":0,"6666":0,"6669":0,"6673":1,"6676":0,"6683":0,"6684":0,"6685":0,"6687":0,"6691":0,"6692":0,"6693":0,"6697":0,"6698":0,"6700":0,"6701":0,"6706":0,"6708":0,"6712":0,"6713":0,"6714":0,"6715":0,"6717":0,"6718":0,"6720":0,"6721":0,"6723":0,"6724":0,"6728":0,"6731":0,"6732":0,"6733":0,"6737":0,"6738":0,"6739":0,"6743":0,"6744":0,"6748":0,"6749":0,"6753":0,"6754":0,"6757":0,"6758":0,"6761":0,"6762":0,"6763":0,"6765":0,"6769":0,"6771":0,"6772":0,"6773":0,"6775":0,"6776":0,"6780":0,"6782":0,"6786":1,"6787":0,"6788":0,"6789":0,"6790":0,"6793":0,"6795":0,"6796":0,"6797":0,"6798":0,"6800":0,"6801":0,"6805":1,"6806":0,"6810":1,"6811":0,"6812":0,"6813":0,"6814":0,"6817":0,"6820":0,"6821":0,"6822":0,"6826":0,"6830":1,"6831":0,"6832":0,"6833":0,"6834":0,"6835":0,"6837":0,"6840":0,"6841":0,"6844":0,"6845":0,"6847":0,"6848":0,"6849":0,"6850":0,"6852":0,"6854":0,"6855":0,"6856":0,"6857":0,"6860":0,"6861":0,"6866":0,"6869":0,"6870":0,"6871":0,"6873":0,"6874":0,"6875":0,"6876":0,"6878":0,"6881":0,"6885":0,"6889":1,"6890":0,"6891":0,"6892":0,"6893":0,"6894":0,"6897":0,"6898":0,"6906":0,"6912":1,"6913":0,"6915":1,"6917":1,"6918":0,"6920":1,"6922":1,"6923":0,"6925":1,"6927":1,"6928":0,"6930":1,"6932":1,"6933":0,"6935":1,"6937":1,"6938":0,"6940":1,"6942":1,"6943":0,"6945":1,"6947":1,"6948":0,"6950":1,"6952":1,"6953":0,"6955":1,"6957":1,"6958":0,"6960":1,"6962":1,"6963":0,"6965":1,"6967":1,"6968":0,"6971":1,"6973":1,"6974":0,"6976":1,"6978":1,"6979":0,"6986":1,"6988":1,"6990":1,"6991":0,"6995":1,"6996":0,"7000":1,"7004":1,"7005":0,"7006":0,"7009":0,"7014":1,"7015":0,"7032":1,"7034":1,"7036":0,"7038":0,"7039":0,"7040":0,"7041":0,"7043":0,"7046":1,"7047":0}}}