{"/home/travis/build/npmtest/node-npmtest-socket.io-stream/test.js":{"path":"/home/travis/build/npmtest/node-npmtest-socket.io-stream/test.js","s":{"1":2,"2":2,"3":2,"4":2,"5":2,"6":2,"7":2,"8":1,"9":2,"10":2,"11":1,"12":1,"13":1,"14":1,"15":2,"16":2,"17":2,"18":2,"19":1,"20":1,"21":2,"22":2,"23":2,"24":1,"25":1,"26":1,"27":1,"28":1,"29":1,"30":1,"31":1,"32":1,"33":1,"34":1,"35":1,"36":1,"37":2,"38":2,"39":1,"40":2,"41":2,"42":1,"43":2,"44":2,"45":1,"46":2,"47":2,"48":1,"49":1,"50":1,"51":1,"52":1},"b":{"1":[2,1,1,1],"2":[1,1,1,1],"3":[1,1],"4":[1,1],"5":[1,1],"6":[1,1],"7":[1,1],"8":[1,1],"9":[1,1,1],"10":[1,1],"11":[1,1],"12":[1,1],"13":[1,1],"14":[1,1],"15":[1,1],"16":[1,1]},"f":{"1":2,"2":2,"3":2,"4":2,"5":2,"6":1,"7":1,"8":2,"9":2,"10":2,"11":2,"12":1},"fnMap":{"1":{"name":"(anonymous_1)","line":12,"loc":{"start":{"line":12,"column":1},"end":{"line":12,"column":13}}},"2":{"name":"(anonymous_2)","line":19,"loc":{"start":{"line":19,"column":5},"end":{"line":19,"column":17}}},"3":{"name":"(anonymous_3)","line":23,"loc":{"start":{"line":23,"column":24},"end":{"line":23,"column":36}}},"4":{"name":"(anonymous_4)","line":61,"loc":{"start":{"line":61,"column":5},"end":{"line":61,"column":17}}},"5":{"name":"(anonymous_5)","line":82,"loc":{"start":{"line":82,"column":5},"end":{"line":82,"column":17}}},"6":{"name":"(anonymous_6)","line":102,"loc":{"start":{"line":102,"column":83},"end":{"line":105,"column":10}},"skip":true},"7":{"name":"(anonymous_7)","line":113,"loc":{"start":{"line":113,"column":77},"end":{"line":116,"column":10}},"skip":true},"8":{"name":"(anonymous_8)","line":129,"loc":{"start":{"line":129,"column":12},"end":{"line":129,"column":40}},"skip":true},"9":{"name":"(anonymous_9)","line":137,"loc":{"start":{"line":137,"column":77},"end":{"line":140,"column":10}},"skip":true},"10":{"name":"(anonymous_10)","line":148,"loc":{"start":{"line":148,"column":83},"end":{"line":151,"column":10}},"skip":true},"11":{"name":"(anonymous_11)","line":159,"loc":{"start":{"line":159,"column":79},"end":{"line":162,"column":10}},"skip":true},"12":{"name":"(anonymous_12)","line":170,"loc":{"start":{"line":170,"column":75},"end":{"line":173,"column":10}},"skip":true}},"statementMap":{"1":{"start":{"line":12,"column":0},"end":{"line":185,"column":5}},"2":{"start":{"line":14,"column":4},"end":{"line":14,"column":14}},"3":{"start":{"line":19,"column":4},"end":{"line":56,"column":9}},"4":{"start":{"line":21,"column":8},"end":{"line":21,"column":19}},"5":{"start":{"line":23,"column":8},"end":{"line":35,"column":13}},"6":{"start":{"line":24,"column":12},"end":{"line":34,"column":13}},"7":{"start":{"line":25,"column":16},"end":{"line":28,"column":30}},"8":{"start":{"line":30,"column":16},"end":{"line":33,"column":27}},"9":{"start":{"line":37,"column":8},"end":{"line":39,"column":21}},"10":{"start":{"line":40,"column":8},"end":{"line":53,"column":9}},"11":{"start":{"line":43,"column":12},"end":{"line":46,"column":14}},"12":{"start":{"line":47,"column":12},"end":{"line":47,"column":18}},"13":{"start":{"line":50,"column":12},"end":{"line":51,"column":46}},"14":{"start":{"line":52,"column":12},"end":{"line":52,"column":18}},"15":{"start":{"line":55,"column":8},"end":{"line":55,"column":35}},"16":{"start":{"line":61,"column":4},"end":{"line":63,"column":9}},"17":{"start":{"line":62,"column":8},"end":{"line":62,"column":15}},"18":{"start":{"line":64,"column":4},"end":{"line":77,"column":5}},"19":{"start":{"line":70,"column":8},"end":{"line":70,"column":14}},"20":{"start":{"line":76,"column":8},"end":{"line":76,"column":14}},"21":{"start":{"line":82,"column":4},"end":{"line":84,"column":9}},"22":{"start":{"line":83,"column":8},"end":{"line":83,"column":15}},"23":{"start":{"line":85,"column":4},"end":{"line":184,"column":5}},"24":{"start":{"line":92,"column":8},"end":{"line":94,"column":63}},"25":{"start":{"line":95,"column":8},"end":{"line":95,"column":14}},"26":{"start":{"line":102,"column":8},"end":{"line":111,"column":10},"skip":true},"27":{"start":{"line":109,"column":12},"end":{"line":109,"column":55},"skip":true},"28":{"start":{"line":110,"column":12},"end":{"line":110,"column":48},"skip":true},"29":{"start":{"line":113,"column":8},"end":{"line":126,"column":10},"skip":true},"30":{"start":{"line":120,"column":12},"end":{"line":120,"column":76},"skip":true},"31":{"start":{"line":121,"column":12},"end":{"line":121,"column":73},"skip":true},"32":{"start":{"line":122,"column":12},"end":{"line":122,"column":74},"skip":true},"33":{"start":{"line":123,"column":12},"end":{"line":123,"column":79},"skip":true},"34":{"start":{"line":124,"column":12},"end":{"line":124,"column":25},"skip":true},"35":{"start":{"line":125,"column":12},"end":{"line":125,"column":45},"skip":true},"36":{"start":{"line":128,"column":8},"end":{"line":135,"column":14},"skip":true},"37":{"start":{"line":133,"column":16},"end":{"line":133,"column":29},"skip":true},"38":{"start":{"line":134,"column":16},"end":{"line":134,"column":55},"skip":true},"39":{"start":{"line":137,"column":8},"end":{"line":146,"column":10},"skip":true},"40":{"start":{"line":144,"column":12},"end":{"line":144,"column":25},"skip":true},"41":{"start":{"line":145,"column":12},"end":{"line":145,"column":45},"skip":true},"42":{"start":{"line":148,"column":8},"end":{"line":157,"column":10},"skip":true},"43":{"start":{"line":155,"column":12},"end":{"line":155,"column":25},"skip":true},"44":{"start":{"line":156,"column":12},"end":{"line":156,"column":48},"skip":true},"45":{"start":{"line":159,"column":8},"end":{"line":168,"column":10},"skip":true},"46":{"start":{"line":166,"column":12},"end":{"line":166,"column":25},"skip":true},"47":{"start":{"line":167,"column":12},"end":{"line":167,"column":46},"skip":true},"48":{"start":{"line":170,"column":8},"end":{"line":179,"column":10},"skip":true},"49":{"start":{"line":177,"column":12},"end":{"line":177,"column":94},"skip":true},"50":{"start":{"line":178,"column":12},"end":{"line":178,"column":48},"skip":true},"51":{"start":{"line":182,"column":8},"end":{"line":182,"column":35},"skip":true},"52":{"start":{"line":183,"column":8},"end":{"line":183,"column":14},"skip":true}},"branchMap":{"1":{"line":25,"type":"binary-expr","locations":[{"start":{"line":25,"column":23},"end":{"line":25,"column":62}},{"start":{"line":26,"column":20},"end":{"line":26,"column":70}},{"start":{"line":27,"column":20},"end":{"line":27,"column":71}},{"start":{"line":28,"column":20},"end":{"line":28,"column":29}}]},"2":{"line":30,"type":"binary-expr","locations":[{"start":{"line":30,"column":23},"end":{"line":30,"column":37}},{"start":{"line":31,"column":20},"end":{"line":31,"column":61}},{"start":{"line":32,"column":20},"end":{"line":32,"column":70}},{"start":{"line":33,"column":20},"end":{"line":33,"column":26}}]},"3":{"line":37,"type":"cond-expr","locations":[{"start":{"line":38,"column":14},"end":{"line":38,"column":20}},{"start":{"line":39,"column":14},"end":{"line":39,"column":20}}]},"4":{"line":40,"type":"switch","locations":[{"start":{"line":42,"column":8},"end":{"line":47,"column":18}},{"start":{"line":49,"column":8},"end":{"line":52,"column":18}}]},"5":{"line":44,"type":"binary-expr","locations":[{"start":{"line":44,"column":16},"end":{"line":44,"column":44}},{"start":{"line":44,"column":48},"end":{"line":44,"column":66}}]},"6":{"line":50,"type":"binary-expr","locations":[{"start":{"line":50,"column":21},"end":{"line":50,"column":49}},{"start":{"line":50,"column":53},"end":{"line":50,"column":72}}]},"7":{"line":64,"type":"switch","locations":[{"start":{"line":69,"column":4},"end":{"line":70,"column":14}},{"start":{"line":75,"column":4},"end":{"line":76,"column":14}}]},"8":{"line":85,"type":"switch","locations":[{"start":{"line":90,"column":4},"end":{"line":95,"column":14}},{"start":{"line":101,"column":4},"end":{"line":183,"column":14},"skip":true}]},"9":{"line":92,"type":"binary-expr","locations":[{"start":{"line":92,"column":18},"end":{"line":92,"column":32}},{"start":{"line":93,"column":12},"end":{"line":93,"column":53}},{"start":{"line":94,"column":12},"end":{"line":94,"column":61}}]},"10":{"line":102,"type":"binary-expr","locations":[{"start":{"line":102,"column":45},"end":{"line":102,"column":79},"skip":true},{"start":{"line":102,"column":83},"end":{"line":111,"column":9},"skip":true}]},"11":{"line":113,"type":"binary-expr","locations":[{"start":{"line":113,"column":42},"end":{"line":113,"column":73},"skip":true},{"start":{"line":113,"column":77},"end":{"line":126,"column":9},"skip":true}]},"12":{"line":128,"type":"binary-expr","locations":[{"start":{"line":128,"column":48},"end":{"line":128,"column":85},"skip":true},{"start":{"line":129,"column":12},"end":{"line":135,"column":13},"skip":true}]},"13":{"line":137,"type":"binary-expr","locations":[{"start":{"line":137,"column":42},"end":{"line":137,"column":73},"skip":true},{"start":{"line":137,"column":77},"end":{"line":146,"column":9},"skip":true}]},"14":{"line":148,"type":"binary-expr","locations":[{"start":{"line":148,"column":45},"end":{"line":148,"column":79},"skip":true},{"start":{"line":148,"column":83},"end":{"line":157,"column":9},"skip":true}]},"15":{"line":159,"type":"binary-expr","locations":[{"start":{"line":159,"column":43},"end":{"line":159,"column":75},"skip":true},{"start":{"line":159,"column":79},"end":{"line":168,"column":9},"skip":true}]},"16":{"line":170,"type":"binary-expr","locations":[{"start":{"line":170,"column":41},"end":{"line":170,"column":71},"skip":true},{"start":{"line":170,"column":75},"end":{"line":179,"column":9},"skip":true}]}},"code":["/* istanbul instrument in package npmtest_socket_io_stream */","/*jslint","    bitwise: true,","    browser: true,","    maxerr: 8,","    maxlen: 96,","    node: true,","    nomen: true,","    regexp: true,","    stupid: true","*/","(function () {","    'use strict';","    var local;","","","","    // run shared js-env code - pre-init","    (function () {","        // init local","        local = {};","        // init modeJs","        local.modeJs = (function () {","            try {","                return typeof navigator.userAgent === 'string' &&","                    typeof document.querySelector('body') === 'object' &&","                    typeof XMLHttpRequest.prototype.open === 'function' &&","                    'browser';","            } catch (errorCaughtBrowser) {","                return module.exports &&","                    typeof process.versions.node === 'string' &&","                    typeof require('http').createServer === 'function' &&","                    'node';","            }","        }());","        // init global","        local.global = local.modeJs === 'browser'","            ? window","            : global;","        switch (local.modeJs) {","        // re-init local from window.local","        case 'browser':","            local = local.global.utility2.objectSetDefault(","                local.global.utility2_rollup || local.global.local,","                local.global.utility2","            );","            break;","        // re-init local from example.js","        case 'node':","            local = (local.global.utility2_rollup || require('utility2'))","                .requireExampleJsFromReadme();","            break;","        }","        // export local","        local.global.local = local;","    }());","","","","    // run shared js-env code - function","    (function () {","        return;","    }());","    switch (local.modeJs) {","","","","    // run browser js-env code - function","    case 'browser':","        break;","","","","    // run node js-env code - function","    case 'node':","        break;","    }","","","","    // run shared js-env code - post-init","    (function () {","        return;","    }());","    switch (local.modeJs) {","","","","    // run browser js-env code - post-init","    case 'browser':","        // run tests","        local.nop(local.modeTest &&","            document.querySelector('#testRunButton1') &&","            document.querySelector('#testRunButton1').click());","        break;","","","","    // run node js-env code - post-init","    /* istanbul ignore next */","    case 'node':","        local.testCase_buildApidoc_default = local.testCase_buildApidoc_default || function (","            options,","            onError","        ) {","        /*","         * this function will test buildApidoc's default handling-behavior-behavior","         */","            options = { modulePathList: module.paths };","            local.buildApidoc(options, onError);","        };","","        local.testCase_buildApp_default = local.testCase_buildApp_default || function (","            options,","            onError","        ) {","        /*","         * this function will test buildApp's default handling-behavior-behavior","         */","            local.testCase_buildReadme_default(options, local.onErrorThrow);","            local.testCase_buildLib_default(options, local.onErrorThrow);","            local.testCase_buildTest_default(options, local.onErrorThrow);","            local.testCase_buildCustomOrg_default(options, local.onErrorThrow);","            options = [];","            local.buildApp(options, onError);","        };","","        local.testCase_buildCustomOrg_default = local.testCase_buildCustomOrg_default ||","            function (options, onError) {","            /*","             * this function will test buildCustomOrg's default handling-behavior","             */","                options = {};","                local.buildCustomOrg(options, onError);","            };","","        local.testCase_buildLib_default = local.testCase_buildLib_default || function (","            options,","            onError","        ) {","        /*","         * this function will test buildLib's default handling-behavior","         */","            options = {};","            local.buildLib(options, onError);","        };","","        local.testCase_buildReadme_default = local.testCase_buildReadme_default || function (","            options,","            onError","        ) {","        /*","         * this function will test buildReadme's default handling-behavior-behavior","         */","            options = {};","            local.buildReadme(options, onError);","        };","","        local.testCase_buildTest_default = local.testCase_buildTest_default || function (","            options,","            onError","        ) {","        /*","         * this function will test buildTest's default handling-behavior","         */","            options = {};","            local.buildTest(options, onError);","        };","","        local.testCase_webpage_default = local.testCase_webpage_default || function (","            options,","            onError","        ) {","        /*","         * this function will test webpage's default handling-behavior","         */","            options = { modeCoverageMerge: true, url: local.serverLocalHost + '?modeTest=1' };","            local.browserTest(options, onError);","        };","","        // run test-server","        local.testRunServer(local);","        break;","    }","}());",""],"l":{"12":2,"14":2,"19":2,"21":2,"23":2,"24":2,"25":2,"30":1,"37":2,"40":2,"43":1,"47":1,"50":1,"52":1,"55":2,"61":2,"62":2,"64":2,"70":1,"76":1,"82":2,"83":2,"85":2,"92":1,"95":1,"102":1,"109":1,"110":1,"113":1,"120":1,"121":1,"122":1,"123":1,"124":1,"125":1,"128":1,"133":2,"134":2,"137":1,"144":2,"145":2,"148":1,"155":2,"156":2,"159":1,"166":2,"167":2,"170":1,"177":1,"178":1,"182":1,"183":1}},"/home/travis/build/npmtest/node-npmtest-socket.io-stream/lib.npmtest_socket.io_stream.js":{"path":"/home/travis/build/npmtest/node-npmtest-socket.io-stream/lib.npmtest_socket.io_stream.js","s":{"1":2,"2":2,"3":2,"4":2,"5":2,"6":2,"7":2,"8":1,"9":2,"10":2,"11":2,"12":2,"13":1,"14":1,"15":1,"16":1},"b":{"1":[2,1,1,1],"2":[1,1,1,1],"3":[1,1],"4":[2,2],"5":[1,1]},"f":{"1":2,"2":2,"3":2},"fnMap":{"1":{"name":"(anonymous_1)","line":12,"loc":{"start":{"line":12,"column":1},"end":{"line":12,"column":13}}},"2":{"name":"(anonymous_2)","line":19,"loc":{"start":{"line":19,"column":5},"end":{"line":19,"column":17}}},"3":{"name":"(anonymous_3)","line":23,"loc":{"start":{"line":23,"column":24},"end":{"line":23,"column":36}}}},"statementMap":{"1":{"start":{"line":12,"column":0},"end":{"line":53,"column":5}},"2":{"start":{"line":14,"column":4},"end":{"line":14,"column":14}},"3":{"start":{"line":19,"column":4},"end":{"line":52,"column":9}},"4":{"start":{"line":21,"column":8},"end":{"line":21,"column":19}},"5":{"start":{"line":23,"column":8},"end":{"line":35,"column":13}},"6":{"start":{"line":24,"column":12},"end":{"line":34,"column":13}},"7":{"start":{"line":25,"column":16},"end":{"line":28,"column":30}},"8":{"start":{"line":30,"column":16},"end":{"line":33,"column":27}},"9":{"start":{"line":37,"column":8},"end":{"line":39,"column":21}},"10":{"start":{"line":41,"column":8},"end":{"line":41,"column":54}},"11":{"start":{"line":43,"column":8},"end":{"line":43,"column":61}},"12":{"start":{"line":45,"column":8},"end":{"line":51,"column":9}},"13":{"start":{"line":46,"column":12},"end":{"line":46,"column":67}},"14":{"start":{"line":48,"column":12},"end":{"line":48,"column":35}},"15":{"start":{"line":49,"column":12},"end":{"line":49,"column":49}},"16":{"start":{"line":50,"column":12},"end":{"line":50,"column":43}}},"branchMap":{"1":{"line":25,"type":"binary-expr","locations":[{"start":{"line":25,"column":23},"end":{"line":25,"column":62}},{"start":{"line":26,"column":20},"end":{"line":26,"column":70}},{"start":{"line":27,"column":20},"end":{"line":27,"column":71}},{"start":{"line":28,"column":20},"end":{"line":28,"column":29}}]},"2":{"line":30,"type":"binary-expr","locations":[{"start":{"line":30,"column":23},"end":{"line":30,"column":37}},{"start":{"line":31,"column":20},"end":{"line":31,"column":61}},{"start":{"line":32,"column":20},"end":{"line":32,"column":70}},{"start":{"line":33,"column":20},"end":{"line":33,"column":26}}]},"3":{"line":37,"type":"cond-expr","locations":[{"start":{"line":38,"column":14},"end":{"line":38,"column":20}},{"start":{"line":39,"column":14},"end":{"line":39,"column":20}}]},"4":{"line":41,"type":"binary-expr","locations":[{"start":{"line":41,"column":16},"end":{"line":41,"column":44}},{"start":{"line":41,"column":48},"end":{"line":41,"column":53}}]},"5":{"line":45,"type":"if","locations":[{"start":{"line":45,"column":8},"end":{"line":45,"column":8}},{"start":{"line":45,"column":8},"end":{"line":45,"column":8}}]}},"code":["/* istanbul instrument in package npmtest_socket_io_stream */","/*jslint","    bitwise: true,","    browser: true,","    maxerr: 8,","    maxlen: 96,","    node: true,","    nomen: true,","    regexp: true,","    stupid: true","*/","(function () {","    'use strict';","    var local;","","","","    // run shared js-env code - pre-init","    (function () {","        // init local","        local = {};","        // init modeJs","        local.modeJs = (function () {","            try {","                return typeof navigator.userAgent === 'string' &&","                    typeof document.querySelector('body') === 'object' &&","                    typeof XMLHttpRequest.prototype.open === 'function' &&","                    'browser';","            } catch (errorCaughtBrowser) {","                return module.exports &&","                    typeof process.versions.node === 'string' &&","                    typeof require('http').createServer === 'function' &&","                    'node';","            }","        }());","        // init global","        local.global = local.modeJs === 'browser'","            ? window","            : global;","        // init utility2_rollup","        local = local.global.utility2_rollup || local;","        // init lib","        local.local = local.npmtest_socket_io_stream = local;","        // init exports","        if (local.modeJs === 'browser') {","            local.global.utility2_npmtest_socket_io_stream = local;","        } else {","            module.exports = local;","            module.exports.__dirname = __dirname;","            module.exports.module = module;","        }","    }());","}());",""],"l":{"12":2,"14":2,"19":2,"21":2,"23":2,"24":2,"25":2,"30":1,"37":2,"41":2,"43":2,"45":2,"46":1,"48":1,"49":1,"50":1}},"/home/travis/build/npmtest/node-npmtest-socket.io-stream/example.js":{"path":"/home/travis/build/npmtest/node-npmtest-socket.io-stream/example.js","s":{"1":2,"2":2,"3":2,"4":2,"5":2,"6":2,"7":2,"8":1,"9":2,"10":2,"11":2,"12":2,"13":1,"14":2,"15":2,"16":2,"17":2,"18":2,"19":0,"20":2,"21":1,"22":1,"23":1,"24":1,"25":1,"26":0,"27":0,"28":1,"29":1,"30":2,"31":0,"32":0,"33":0,"34":1,"35":2,"36":2,"37":2,"38":2,"39":2,"40":2,"41":0,"42":2,"43":2,"44":2,"45":1,"46":3,"47":1,"48":1,"49":1,"50":1,"51":1,"52":1,"53":1,"54":1,"55":1,"56":1,"57":0,"58":1,"59":6,"60":6,"61":1,"62":2,"63":0,"64":2,"65":1,"66":1,"67":0,"68":0,"69":0,"70":0,"71":0,"72":0,"73":0,"74":0,"75":0,"76":0,"77":0,"78":0,"79":0,"80":0,"81":0,"82":0,"83":0},"b":{"1":[2,1,1,1],"2":[1,1,1,1],"3":[1,1],"4":[2,2],"5":[1,1],"6":[1,1],"7":[2,0],"8":[2,1,1,1,1,1],"9":[0,2,0],"10":[1,1],"11":[2,1,1],"12":[1,0],"13":[0,2],"14":[2,0,0,0,0,0,0],"15":[0,2],"16":[2,0],"17":[1,1],"18":[0,1],"19":[1,2,0,2],"20":[1,0],"21":[1,1],"22":[0,0],"23":[0,0],"24":[0,0],"25":[0,0],"26":[0,0],"27":[0,0],"28":[0,0]},"f":{"1":2,"2":2,"3":2,"4":2,"5":2,"6":2,"7":2,"8":2,"9":3,"10":1,"11":6,"12":0},"fnMap":{"1":{"name":"(anonymous_1)","line":26,"loc":{"start":{"line":26,"column":1},"end":{"line":26,"column":13}}},"2":{"name":"(anonymous_2)","line":33,"loc":{"start":{"line":33,"column":5},"end":{"line":33,"column":17}}},"3":{"name":"(anonymous_3)","line":37,"loc":{"start":{"line":37,"column":24},"end":{"line":37,"column":36}}},"4":{"name":"(anonymous_4)","line":69,"loc":{"start":{"line":69,"column":31},"end":{"line":69,"column":48}},"skip":true},"5":{"name":"(anonymous_5)","line":78,"loc":{"start":{"line":78,"column":26},"end":{"line":78,"column":45}},"skip":true},"6":{"name":"(anonymous_6)","line":123,"loc":{"start":{"line":123,"column":33},"end":{"line":123,"column":48}},"skip":true},"7":{"name":"(anonymous_7)","line":125,"loc":{"start":{"line":125,"column":27},"end":{"line":125,"column":39}},"skip":true},"8":{"name":"(anonymous_8)","line":133,"loc":{"start":{"line":133,"column":59},"end":{"line":133,"column":74}},"skip":true},"9":{"name":"(anonymous_9)","line":143,"loc":{"start":{"line":143,"column":45},"end":{"line":143,"column":62}},"skip":true},"10":{"name":"(anonymous_10)","line":144,"loc":{"start":{"line":144,"column":73},"end":{"line":144,"column":92}},"skip":true},"11":{"name":"(anonymous_11)","line":272,"loc":{"start":{"line":272,"column":51},"end":{"line":272,"column":77}},"skip":true},"12":{"name":"(anonymous_12)","line":314,"loc":{"start":{"line":314,"column":32},"end":{"line":314,"column":61}},"skip":true}},"statementMap":{"1":{"start":{"line":26,"column":0},"end":{"line":325,"column":5}},"2":{"start":{"line":28,"column":4},"end":{"line":28,"column":14}},"3":{"start":{"line":33,"column":4},"end":{"line":60,"column":9}},"4":{"start":{"line":35,"column":8},"end":{"line":35,"column":19}},"5":{"start":{"line":37,"column":8},"end":{"line":49,"column":13}},"6":{"start":{"line":38,"column":12},"end":{"line":48,"column":13}},"7":{"start":{"line":39,"column":16},"end":{"line":42,"column":30}},"8":{"start":{"line":44,"column":16},"end":{"line":47,"column":27}},"9":{"start":{"line":51,"column":8},"end":{"line":53,"column":21}},"10":{"start":{"line":55,"column":8},"end":{"line":57,"column":45}},"11":{"start":{"line":59,"column":8},"end":{"line":59,"column":35}},"12":{"start":{"line":61,"column":4},"end":{"line":324,"column":5}},"13":{"start":{"line":69,"column":8},"end":{"line":121,"column":10},"skip":true},"14":{"start":{"line":70,"column":12},"end":{"line":88,"column":13},"skip":true},"15":{"start":{"line":76,"column":16},"end":{"line":87,"column":19},"skip":true},"16":{"start":{"line":79,"column":20},"end":{"line":86,"column":21},"skip":true},"17":{"start":{"line":82,"column":24},"end":{"line":82,"column":43},"skip":true},"18":{"start":{"line":83,"column":24},"end":{"line":83,"column":30},"skip":true},"19":{"start":{"line":85,"column":24},"end":{"line":85,"column":49},"skip":true},"20":{"start":{"line":89,"column":12},"end":{"line":107,"column":13},"skip":true},"21":{"start":{"line":92,"column":16},"end":{"line":102,"column":17},"skip":true},"22":{"start":{"line":93,"column":20},"end":{"line":93,"column":86},"skip":true},"23":{"start":{"line":94,"column":20},"end":{"line":95,"column":45},"skip":true},"24":{"start":{"line":96,"column":20},"end":{"line":96,"column":42},"skip":true},"25":{"start":{"line":97,"column":20},"end":{"line":97,"column":48},"skip":true},"26":{"start":{"line":100,"column":20},"end":{"line":100,"column":85},"skip":true},"27":{"start":{"line":101,"column":20},"end":{"line":101,"column":96},"skip":true},"28":{"start":{"line":103,"column":16},"end":{"line":103,"column":22},"skip":true},"29":{"start":{"line":106,"column":16},"end":{"line":106,"column":22},"skip":true},"30":{"start":{"line":108,"column":12},"end":{"line":120,"column":13},"skip":true},"31":{"start":{"line":114,"column":16},"end":{"line":119,"column":17},"skip":true},"32":{"start":{"line":116,"column":20},"end":{"line":116,"column":78},"skip":true},"33":{"start":{"line":118,"column":20},"end":{"line":118,"column":53},"skip":true},"34":{"start":{"line":123,"column":8},"end":{"line":141,"column":11},"skip":true},"35":{"start":{"line":124,"column":12},"end":{"line":124,"column":54},"skip":true},"36":{"start":{"line":125,"column":12},"end":{"line":140,"column":14},"skip":true},"37":{"start":{"line":126,"column":16},"end":{"line":126,"column":28},"skip":true},"38":{"start":{"line":127,"column":16},"end":{"line":127,"column":69},"skip":true},"39":{"start":{"line":128,"column":16},"end":{"line":128,"column":75},"skip":true},"40":{"start":{"line":129,"column":16},"end":{"line":131,"column":17},"skip":true},"41":{"start":{"line":130,"column":20},"end":{"line":130,"column":27},"skip":true},"42":{"start":{"line":133,"column":16},"end":{"line":137,"column":36},"skip":true},"43":{"start":{"line":134,"column":20},"end":{"line":136,"column":55},"skip":true},"44":{"start":{"line":139,"column":16},"end":{"line":139,"column":57},"skip":true},"45":{"start":{"line":143,"column":8},"end":{"line":147,"column":11},"skip":true},"46":{"start":{"line":144,"column":12},"end":{"line":146,"column":15},"skip":true},"47":{"start":{"line":145,"column":16},"end":{"line":145,"column":70},"skip":true},"48":{"start":{"line":149,"column":8},"end":{"line":149,"column":31},"skip":true},"49":{"start":{"line":150,"column":8},"end":{"line":150,"column":14},"skip":true},"50":{"start":{"line":158,"column":8},"end":{"line":158,"column":31},"skip":true},"51":{"start":{"line":160,"column":8},"end":{"line":160,"column":33},"skip":true},"52":{"start":{"line":161,"column":8},"end":{"line":161,"column":37},"skip":true},"53":{"start":{"line":162,"column":8},"end":{"line":162,"column":35},"skip":true},"54":{"start":{"line":164,"column":8},"end":{"line":164,"column":50},"skip":true},"55":{"start":{"line":166,"column":8},"end":{"line":256,"column":2},"skip":true},"56":{"start":{"line":258,"column":8},"end":{"line":286,"column":9},"skip":true},"57":{"start":{"line":259,"column":12},"end":{"line":269,"column":14},"skip":true},"58":{"start":{"line":271,"column":12},"end":{"line":285,"column":19},"skip":true},"59":{"start":{"line":274,"column":20},"end":{"line":274,"column":35},"skip":true},"60":{"start":{"line":275,"column":20},"end":{"line":284,"column":21},"skip":true},"61":{"start":{"line":277,"column":24},"end":{"line":277,"column":64},"skip":true},"62":{"start":{"line":279,"column":24},"end":{"line":279,"column":40},"skip":true},"63":{"start":{"line":281,"column":24},"end":{"line":281,"column":40},"skip":true},"64":{"start":{"line":283,"column":24},"end":{"line":283,"column":39},"skip":true},"65":{"start":{"line":288,"column":8},"end":{"line":290,"column":9},"skip":true},"66":{"start":{"line":289,"column":12},"end":{"line":289,"column":18},"skip":true},"67":{"start":{"line":291,"column":8},"end":{"line":293,"column":54},"skip":true},"68":{"start":{"line":294,"column":8},"end":{"line":301,"column":37},"skip":true},"69":{"start":{"line":302,"column":8},"end":{"line":302,"column":82},"skip":true},"70":{"start":{"line":305,"column":8},"end":{"line":307,"column":9},"skip":true},"71":{"start":{"line":306,"column":12},"end":{"line":306,"column":82},"skip":true},"72":{"start":{"line":309,"column":8},"end":{"line":311,"column":9},"skip":true},"73":{"start":{"line":310,"column":12},"end":{"line":310,"column":18},"skip":true},"74":{"start":{"line":312,"column":8},"end":{"line":312,"column":54},"skip":true},"75":{"start":{"line":313,"column":8},"end":{"line":313,"column":69},"skip":true},"76":{"start":{"line":314,"column":8},"end":{"line":322,"column":36},"skip":true},"77":{"start":{"line":315,"column":12},"end":{"line":315,"column":61},"skip":true},"78":{"start":{"line":316,"column":12},"end":{"line":319,"column":13},"skip":true},"79":{"start":{"line":317,"column":16},"end":{"line":317,"column":75},"skip":true},"80":{"start":{"line":318,"column":16},"end":{"line":318,"column":23},"skip":true},"81":{"start":{"line":320,"column":12},"end":{"line":320,"column":38},"skip":true},"82":{"start":{"line":321,"column":12},"end":{"line":321,"column":27},"skip":true},"83":{"start":{"line":323,"column":8},"end":{"line":323,"column":14},"skip":true}},"branchMap":{"1":{"line":39,"type":"binary-expr","locations":[{"start":{"line":39,"column":23},"end":{"line":39,"column":62}},{"start":{"line":40,"column":20},"end":{"line":40,"column":70}},{"start":{"line":41,"column":20},"end":{"line":41,"column":71}},{"start":{"line":42,"column":20},"end":{"line":42,"column":29}}]},"2":{"line":44,"type":"binary-expr","locations":[{"start":{"line":44,"column":23},"end":{"line":44,"column":37}},{"start":{"line":45,"column":20},"end":{"line":45,"column":61}},{"start":{"line":46,"column":20},"end":{"line":46,"column":70}},{"start":{"line":47,"column":20},"end":{"line":47,"column":26}}]},"3":{"line":51,"type":"cond-expr","locations":[{"start":{"line":52,"column":14},"end":{"line":52,"column":20}},{"start":{"line":53,"column":14},"end":{"line":53,"column":20}}]},"4":{"line":55,"type":"binary-expr","locations":[{"start":{"line":55,"column":16},"end":{"line":55,"column":44}},{"start":{"line":55,"column":49},"end":{"line":57,"column":43}}]},"5":{"line":55,"type":"cond-expr","locations":[{"start":{"line":56,"column":14},"end":{"line":56,"column":60}},{"start":{"line":57,"column":14},"end":{"line":57,"column":43}}]},"6":{"line":61,"type":"switch","locations":[{"start":{"line":68,"column":4},"end":{"line":150,"column":14},"skip":true},{"start":{"line":156,"column":4},"end":{"line":323,"column":14},"skip":true}]},"7":{"line":70,"type":"if","locations":[{"start":{"line":70,"column":12},"end":{"line":70,"column":12},"skip":true},{"start":{"line":70,"column":12},"end":{"line":70,"column":12},"skip":true}]},"8":{"line":70,"type":"binary-expr","locations":[{"start":{"line":70,"column":16},"end":{"line":70,"column":22},"skip":true},{"start":{"line":70,"column":27},"end":{"line":70,"column":32},"skip":true},{"start":{"line":71,"column":20},"end":{"line":71,"column":39},"skip":true},{"start":{"line":72,"column":20},"end":{"line":72,"column":49},"skip":true},{"start":{"line":73,"column":20},"end":{"line":73,"column":58},"skip":true},{"start":{"line":74,"column":20},"end":{"line":74,"column":69},"skip":true}]},"9":{"line":79,"type":"switch","locations":[{"start":{"line":80,"column":20},"end":{"line":80,"column":33},"skip":true},{"start":{"line":81,"column":20},"end":{"line":83,"column":30},"skip":true},{"start":{"line":84,"column":20},"end":{"line":85,"column":49},"skip":true}]},"10":{"line":89,"type":"switch","locations":[{"start":{"line":90,"column":12},"end":{"line":103,"column":22},"skip":true},{"start":{"line":105,"column":12},"end":{"line":106,"column":22},"skip":true}]},"11":{"line":89,"type":"binary-expr","locations":[{"start":{"line":89,"column":20},"end":{"line":89,"column":25},"skip":true},{"start":{"line":89,"column":29},"end":{"line":89,"column":48},"skip":true},{"start":{"line":89,"column":52},"end":{"line":89,"column":74},"skip":true}]},"12":{"line":92,"type":"if","locations":[{"start":{"line":92,"column":16},"end":{"line":92,"column":16},"skip":true},{"start":{"line":92,"column":16},"end":{"line":92,"column":16},"skip":true}]},"13":{"line":108,"type":"if","locations":[{"start":{"line":108,"column":12},"end":{"line":108,"column":12},"skip":true},{"start":{"line":108,"column":12},"end":{"line":108,"column":12},"skip":true}]},"14":{"line":108,"type":"binary-expr","locations":[{"start":{"line":108,"column":16},"end":{"line":108,"column":61},"skip":true},{"start":{"line":108,"column":66},"end":{"line":108,"column":72},"skip":true},{"start":{"line":108,"column":77},"end":{"line":108,"column":82},"skip":true},{"start":{"line":109,"column":20},"end":{"line":109,"column":39},"skip":true},{"start":{"line":110,"column":20},"end":{"line":110,"column":49},"skip":true},{"start":{"line":111,"column":20},"end":{"line":111,"column":58},"skip":true},{"start":{"line":112,"column":20},"end":{"line":112,"column":68},"skip":true}]},"15":{"line":129,"type":"if","locations":[{"start":{"line":129,"column":16},"end":{"line":129,"column":16},"skip":true},{"start":{"line":129,"column":16},"end":{"line":129,"column":16},"skip":true}]},"16":{"line":134,"type":"cond-expr","locations":[{"start":{"line":135,"column":26},"end":{"line":135,"column":29},"skip":true},{"start":{"line":136,"column":26},"end":{"line":136,"column":54},"skip":true}]},"17":{"line":164,"type":"binary-expr","locations":[{"start":{"line":164,"column":27},"end":{"line":164,"column":43},"skip":true},{"start":{"line":164,"column":47},"end":{"line":164,"column":49},"skip":true}]},"18":{"line":258,"type":"if","locations":[{"start":{"line":258,"column":8},"end":{"line":258,"column":8},"skip":true},{"start":{"line":258,"column":8},"end":{"line":258,"column":8},"skip":true}]},"19":{"line":275,"type":"switch","locations":[{"start":{"line":276,"column":20},"end":{"line":277,"column":64},"skip":true},{"start":{"line":278,"column":20},"end":{"line":279,"column":40},"skip":true},{"start":{"line":280,"column":20},"end":{"line":281,"column":40},"skip":true},{"start":{"line":282,"column":20},"end":{"line":283,"column":39},"skip":true}]},"20":{"line":288,"type":"if","locations":[{"start":{"line":288,"column":8},"end":{"line":288,"column":8},"skip":true},{"start":{"line":288,"column":8},"end":{"line":288,"column":8},"skip":true}]},"21":{"line":288,"type":"binary-expr","locations":[{"start":{"line":288,"column":12},"end":{"line":288,"column":40},"skip":true},{"start":{"line":288,"column":44},"end":{"line":288,"column":67},"skip":true}]},"22":{"line":292,"type":"binary-expr","locations":[{"start":{"line":292,"column":12},"end":{"line":292,"column":50},"skip":true},{"start":{"line":293,"column":12},"end":{"line":293,"column":53},"skip":true}]},"23":{"line":295,"type":"binary-expr","locations":[{"start":{"line":295,"column":12},"end":{"line":295,"column":74},"skip":true},{"start":{"line":296,"column":12},"end":{"line":301,"column":36},"skip":true}]},"24":{"line":302,"type":"binary-expr","locations":[{"start":{"line":302,"column":43},"end":{"line":302,"column":75},"skip":true},{"start":{"line":302,"column":79},"end":{"line":302,"column":81},"skip":true}]},"25":{"line":305,"type":"if","locations":[{"start":{"line":305,"column":8},"end":{"line":305,"column":8},"skip":true},{"start":{"line":305,"column":8},"end":{"line":305,"column":8},"skip":true}]},"26":{"line":309,"type":"if","locations":[{"start":{"line":309,"column":8},"end":{"line":309,"column":8},"skip":true},{"start":{"line":309,"column":8},"end":{"line":309,"column":8},"skip":true}]},"27":{"line":312,"type":"binary-expr","locations":[{"start":{"line":312,"column":27},"end":{"line":312,"column":43},"skip":true},{"start":{"line":312,"column":47},"end":{"line":312,"column":53},"skip":true}]},"28":{"line":316,"type":"if","locations":[{"start":{"line":316,"column":12},"end":{"line":316,"column":12},"skip":true},{"start":{"line":316,"column":12},"end":{"line":316,"column":12},"skip":true}]}},"code":["/*","example.js","","quickstart example","","instruction","    1. save this script as example.js","    2. run the shell command:","        $ npm install npmtest-socket.io-stream && PORT=8081 node example.js","    3. play with the browser-demo on http://127.0.0.1:8081","*/","","","","/* istanbul instrument in package npmtest_socket_io_stream */","/*jslint","    bitwise: true,","    browser: true,","    maxerr: 8,","    maxlen: 96,","    node: true,","    nomen: true,","    regexp: true,","    stupid: true","*/","(function () {","    'use strict';","    var local;","","","","    // run shared js-env code - pre-init","    (function () {","        // init local","        local = {};","        // init modeJs","        local.modeJs = (function () {","            try {","                return typeof navigator.userAgent === 'string' &&","                    typeof document.querySelector('body') === 'object' &&","                    typeof XMLHttpRequest.prototype.open === 'function' &&","                    'browser';","            } catch (errorCaughtBrowser) {","                return module.exports &&","                    typeof process.versions.node === 'string' &&","                    typeof require('http').createServer === 'function' &&","                    'node';","            }","        }());","        // init global","        local.global = local.modeJs === 'browser'","            ? window","            : global;","        // init utility2_rollup","        local = local.global.utility2_rollup || (local.modeJs === 'browser'","            ? local.global.utility2_npmtest_socket_io_stream","            : global.utility2_moduleExports);","        // export local","        local.global.local = local;","    }());","    switch (local.modeJs) {","","","","    // post-init","    // run browser js-env code - post-init","    /* istanbul ignore next */","    case 'browser':","        local.testRunBrowser = function (event) {","            if (!event || (event &&","                    event.currentTarget &&","                    event.currentTarget.className &&","                    event.currentTarget.className.includes &&","                    event.currentTarget.className.includes('onreset'))) {","                // reset output","                Array.from(","                    document.querySelectorAll('body > .resettable')","                ).forEach(function (element) {","                    switch (element.tagName) {","                    case 'INPUT':","                    case 'TEXTAREA':","                        element.value = '';","                        break;","                    default:","                        element.textContent = '';","                    }","                });","            }","            switch (event && event.currentTarget && event.currentTarget.id) {","            case 'testRunButton1':","                // show tests","                if (document.querySelector('#testReportDiv1').style.display === 'none') {","                    document.querySelector('#testReportDiv1').style.display = 'block';","                    document.querySelector('#testRunButton1').textContent =","                        'hide internal test';","                    local.modeTest = true;","                    local.testRunDefault(local);","                // hide tests","                } else {","                    document.querySelector('#testReportDiv1').style.display = 'none';","                    document.querySelector('#testRunButton1').textContent = 'run internal test';","                }","                break;","            // custom-case","            default:","                break;","            }","            if (document.querySelector('#inputTextareaEval1') && (!event || (event &&","                    event.currentTarget &&","                    event.currentTarget.className &&","                    event.currentTarget.className.includes &&","                    event.currentTarget.className.includes('oneval')))) {","                // try to eval input-code","                try {","                    /*jslint evil: true*/","                    eval(document.querySelector('#inputTextareaEval1').value);","                } catch (errorCaught) {","                    console.error(errorCaught.stack);","                }","            }","        };","        // log stderr and stdout to #outputTextareaStdout1","        ['error', 'log'].forEach(function (key) {","            console[key + '_original'] = console[key];","            console[key] = function () {","                var element;","                console[key + '_original'].apply(console, arguments);","                element = document.querySelector('#outputTextareaStdout1');","                if (!element) {","                    return;","                }","                // append text to #outputTextareaStdout1","                element.value += Array.from(arguments).map(function (arg) {","                    return typeof arg === 'string'","                        ? arg","                        : JSON.stringify(arg, null, 4);","                }).join(' ') + '\\n';","                // scroll textarea to bottom","                element.scrollTop = element.scrollHeight;","            };","        });","        // init event-handling","        ['change', 'click', 'keyup'].forEach(function (event) {","            Array.from(document.querySelectorAll('.on' + event)).forEach(function (element) {","                element.addEventListener(event, local.testRunBrowser);","            });","        });","        // run tests","        local.testRunBrowser();","        break;","","","","    // run node js-env code - post-init","    /* istanbul ignore next */","    case 'node':","        // export local","        module.exports = local;","        // require modules","        local.fs = require('fs');","        local.http = require('http');","        local.url = require('url');","        // init assets","        local.assetsDict = local.assetsDict || {};","        /* jslint-ignore-begin */","        local.assetsDict['/assets.index.template.html'] = '\\","<!doctype html>\\n\\","<html lang=\"en\">\\n\\","<head>\\n\\","<meta charset=\"UTF-8\">\\n\\","<meta name=\"viewport\" content=\"width=device-width, initial-scale=1\">\\n\\","<title>{{env.npm_package_name}} (v{{env.npm_package_version}})</title>\\n\\","<style>\\n\\","/*csslint\\n\\","    box-sizing: false,\\n\\","    universal-selector: false\\n\\","*/\\n\\","* {\\n\\","    box-sizing: border-box;\\n\\","}\\n\\","body {\\n\\","    background: #dde;\\n\\","    font-family: Arial, Helvetica, sans-serif;\\n\\","    margin: 2rem;\\n\\","}\\n\\","body > * {\\n\\","    margin-bottom: 1rem;\\n\\","}\\n\\",".utility2FooterDiv {\\n\\","    margin-top: 20px;\\n\\","    text-align: center;\\n\\","}\\n\\","</style>\\n\\","<style>\\n\\","/*csslint\\n\\","*/\\n\\","textarea {\\n\\","    font-family: monospace;\\n\\","    height: 10rem;\\n\\","    width: 100%;\\n\\","}\\n\\","textarea[readonly] {\\n\\","    background: #ddd;\\n\\","}\\n\\","</style>\\n\\","</head>\\n\\","<body>\\n\\","<!-- utility2-comment\\n\\","<div id=\"ajaxProgressDiv1\" style=\"background: #d00; height: 2px; left: 0; margin: 0; padding: 0; position: fixed; top: 0; transition: background 0.5s, width 1.5s; width: 25%;\"></div>\\n\\","utility2-comment -->\\n\\","<h1>\\n\\","<!-- utility2-comment\\n\\","    <a\\n\\","        {{#if env.npm_package_homepage}}\\n\\","        href=\"{{env.npm_package_homepage}}\"\\n\\","        {{/if env.npm_package_homepage}}\\n\\","        target=\"_blank\"\\n\\","    >\\n\\","utility2-comment -->\\n\\","        {{env.npm_package_name}} (v{{env.npm_package_version}})\\n\\","<!-- utility2-comment\\n\\","    </a>\\n\\","utility2-comment -->\\n\\","</h1>\\n\\","<h3>{{env.npm_package_description}}</h3>\\n\\","<!-- utility2-comment\\n\\","<h4><a download href=\"assets.app.js\">download standalone app</a></h4>\\n\\","<button class=\"onclick onreset\" id=\"testRunButton1\">run internal test</button><br>\\n\\","<div id=\"testReportDiv1\" style=\"display: none;\"></div>\\n\\","utility2-comment -->\\n\\","\\n\\","\\n\\","\\n\\","<label>stderr and stdout</label>\\n\\","<textarea class=\"resettable\" id=\"outputTextareaStdout1\" readonly></textarea>\\n\\","<!-- utility2-comment\\n\\","{{#if isRollup}}\\n\\","<script src=\"assets.app.js\"></script>\\n\\","{{#unless isRollup}}\\n\\","utility2-comment -->\\n\\","<script src=\"assets.utility2.rollup.js\"></script>\\n\\","<script src=\"jsonp.utility2._stateInit?callback=window.utility2._stateInit\"></script>\\n\\","<script src=\"assets.npmtest_socket_io_stream.rollup.js\"></script>\\n\\","<script src=\"assets.example.js\"></script>\\n\\","<script src=\"assets.test.js\"></script>\\n\\","<!-- utility2-comment\\n\\","{{/if isRollup}}\\n\\","utility2-comment -->\\n\\","<div class=\"utility2FooterDiv\">\\n\\","    [ this app was created with\\n\\","    <a href=\"https://github.com/kaizhu256/node-utility2\" target=\"_blank\">utility2</a>\\n\\","    ]\\n\\","</div>\\n\\","</body>\\n\\","</html>\\n\\","';","        /* jslint-ignore-end */","        if (local.templateRender) {","            local.assetsDict['/'] = local.templateRender(","                local.assetsDict['/assets.index.template.html'],","                {","                    env: local.objectSetDefault(local.env, {","                        npm_package_description: 'the greatest app in the world!',","                        npm_package_name: 'my-app',","                        npm_package_nameAlias: 'my_app',","                        npm_package_version: '0.0.1'","                    })","                }","            );","        } else {","            local.assetsDict['/'] = local.assetsDict['/assets.index.template.html']","                .replace((/\\{\\{env\\.(\\w+?)\\}\\}/g), function (match0, match1) {","                    // jslint-hack","                    String(match0);","                    switch (match1) {","                    case 'npm_package_description':","                        return 'the greatest app in the world!';","                    case 'npm_package_name':","                        return 'my-app';","                    case 'npm_package_nameAlias':","                        return 'my_app';","                    case 'npm_package_version':","                        return '0.0.1';","                    }","                });","        }","        // run the cli","        if (local.global.utility2_rollup || module !== require.main) {","            break;","        }","        local.assetsDict['/assets.example.js'] =","            local.assetsDict['/assets.example.js'] ||","            local.fs.readFileSync(__filename, 'utf8');","        local.assetsDict['/assets.npmtest_socket_io_stream.rollup.js'] =","            local.assetsDict['/assets.npmtest_socket_io_stream.rollup.js'] ||","            local.fs.readFileSync(","                // buildCustomOrg-hack","                local.npmtest_socket_io_stream.__dirname +","                    '/lib.npmtest_socket_io_stream.js',","                'utf8'","            ).replace((/^#!/), '//');","        local.assetsDict['/favicon.ico'] = local.assetsDict['/favicon.ico'] || '';","        // if $npm_config_timeout_exit exists,","        // then exit this process after $npm_config_timeout_exit ms","        if (Number(process.env.npm_config_timeout_exit)) {","            setTimeout(process.exit, Number(process.env.npm_config_timeout_exit));","        }","        // start server","        if (local.global.utility2_serverHttp1) {","            break;","        }","        process.env.PORT = process.env.PORT || '8081';","        console.error('server starting on port ' + process.env.PORT);","        local.http.createServer(function (request, response) {","            request.urlParsed = local.url.parse(request.url);","            if (local.assetsDict[request.urlParsed.pathname] !== undefined) {","                response.end(local.assetsDict[request.urlParsed.pathname]);","                return;","            }","            response.statusCode = 404;","            response.end();","        }).listen(process.env.PORT);","        break;","    }","}());",""],"l":{"26":2,"28":2,"33":2,"35":2,"37":2,"38":2,"39":2,"44":1,"51":2,"55":2,"59":2,"61":2,"69":1,"70":2,"76":2,"79":2,"82":2,"83":2,"85":1,"89":2,"92":1,"93":1,"94":1,"96":1,"97":1,"100":1,"101":1,"103":1,"106":1,"108":2,"114":1,"116":1,"118":1,"123":1,"124":2,"125":2,"126":2,"127":2,"128":2,"129":2,"130":1,"133":2,"134":2,"139":2,"143":1,"144":3,"145":1,"149":1,"150":1,"158":1,"160":1,"161":1,"162":1,"164":1,"166":1,"258":1,"259":1,"271":1,"274":6,"275":6,"277":1,"279":2,"281":1,"283":2,"288":1,"289":1,"291":1,"294":1,"302":1,"305":1,"306":1,"309":1,"310":1,"312":1,"313":1,"314":1,"315":1,"316":1,"317":1,"318":1,"320":1,"321":1,"323":1}},"/home/travis/build/npmtest/node-npmtest-socket.io-stream/socket.io-stream/index.js":{"path":"/home/travis/build/npmtest/node-npmtest-socket.io-stream/socket.io-stream/index.js","s":{"1":1},"b":{},"f":{},"fnMap":{},"statementMap":{"1":{"start":{"line":2,"column":0},"end":{"line":2,"column":34}}},"branchMap":{},"code":["","module.exports = require('./lib');","",""],"l":{"2":1}},"/home/travis/build/npmtest/node-npmtest-socket.io-stream/socket.io-stream/lib/index.js":{"path":"/home/travis/build/npmtest/node-npmtest-socket.io-stream/socket.io-stream/lib/index.js","s":{"1":1,"2":1,"3":1,"4":1,"5":1,"6":1,"7":1,"8":1,"9":1,"10":0,"11":0,"12":0,"13":0,"14":0,"15":0,"16":1,"17":0,"18":1,"19":0},"b":{"1":[0,0],"2":[0,0],"3":[0,0]},"f":{"1":0,"2":0,"3":0},"fnMap":{"1":{"name":"lookup","line":44,"loc":{"start":{"line":44,"column":0},"end":{"line":44,"column":30}}},"2":{"name":"(anonymous_2)","line":63,"loc":{"start":{"line":63,"column":23},"end":{"line":63,"column":41}}},"3":{"name":"(anonymous_3)","line":75,"loc":{"start":{"line":75,"column":31},"end":{"line":75,"column":55}}}},"statementMap":{"1":{"start":{"line":1,"column":0},"end":{"line":1,"column":33}},"2":{"start":{"line":2,"column":0},"end":{"line":2,"column":37}},"3":{"start":{"line":3,"column":0},"end":{"line":3,"column":51}},"4":{"start":{"line":6,"column":0},"end":{"line":6,"column":34}},"5":{"start":{"line":13,"column":0},"end":{"line":13,"column":24}},"6":{"start":{"line":20,"column":0},"end":{"line":20,"column":24}},"7":{"start":{"line":27,"column":0},"end":{"line":27,"column":28}},"8":{"start":{"line":34,"column":0},"end":{"line":34,"column":28}},"9":{"start":{"line":44,"column":0},"end":{"line":54,"column":1}},"10":{"start":{"line":45,"column":2},"end":{"line":45,"column":26}},"11":{"start":{"line":46,"column":2},"end":{"line":48,"column":3}},"12":{"start":{"line":47,"column":4},"end":{"line":47,"column":46}},"13":{"start":{"line":50,"column":2},"end":{"line":52,"column":3}},"14":{"start":{"line":51,"column":4},"end":{"line":51,"column":49}},"15":{"start":{"line":53,"column":2},"end":{"line":53,"column":27}},"16":{"start":{"line":63,"column":0},"end":{"line":65,"column":2}},"17":{"start":{"line":64,"column":2},"end":{"line":64,"column":31}},"18":{"start":{"line":75,"column":0},"end":{"line":77,"column":2}},"19":{"start":{"line":76,"column":2},"end":{"line":76,"column":43}}},"branchMap":{"1":{"line":45,"type":"binary-expr","locations":[{"start":{"line":45,"column":12},"end":{"line":45,"column":19}},{"start":{"line":45,"column":23},"end":{"line":45,"column":25}}]},"2":{"line":46,"type":"if","locations":[{"start":{"line":46,"column":2},"end":{"line":46,"column":2}},{"start":{"line":46,"column":2},"end":{"line":46,"column":2}}]},"3":{"line":50,"type":"if","locations":[{"start":{"line":50,"column":2},"end":{"line":50,"column":2}},{"start":{"line":50,"column":2},"end":{"line":50,"column":2}}]}},"code":["var Socket = require('./socket');","var IOStream = require('./iostream');","var BlobReadStream = require('./blob-read-stream');","","","exports = module.exports = lookup;","","/**"," * Expose Node Buffer for browser."," *"," * @api public"," */","exports.Buffer = Buffer;","","/**"," * Expose Socket constructor."," *"," * @api public"," */","exports.Socket = Socket;","","/**"," * Expose IOStream constructor."," *"," * @api public"," */","exports.IOStream = IOStream;","","/**"," * Forces base 64 encoding when emitting. Must be set to true for Socket.IO v0.9 or lower."," *"," * @api public"," */","exports.forceBase64 = false;","","/**"," * Look up an existing Socket."," *"," * @param {socket.io#Socket} socket.io"," * @param {Object} options"," * @return {Socket} Socket instance"," * @api public"," */","function lookup(sio, options) {","  options = options || {};","  if (null == options.forceBase64) {","    options.forceBase64 = exports.forceBase64;","  }","","  if (!sio._streamSocket) {","    sio._streamSocket = new Socket(sio, options);","  }","  return sio._streamSocket;","}","","/**"," * Creates a new duplex stream."," *"," * @param {Object} options"," * @return {IOStream} duplex stream"," * @api public"," */","exports.createStream = function(options) {","  return new IOStream(options);","};","","/**"," * Creates a new readable stream for Blob/File on browser."," *"," * @param {Blob} blob"," * @param {Object} options"," * @return {BlobReadStream} stream"," * @api public"," */","exports.createBlobReadStream = function(blob, options) {","  return new BlobReadStream(blob, options);","};",""],"l":{"1":1,"2":1,"3":1,"6":1,"13":1,"20":1,"27":1,"34":1,"44":1,"45":0,"46":0,"47":0,"50":0,"51":0,"53":0,"63":1,"64":0,"75":1,"76":0}},"/home/travis/build/npmtest/node-npmtest-socket.io-stream/socket.io-stream/lib/socket.js":{"path":"/home/travis/build/npmtest/node-npmtest-socket.io-stream/socket.io-stream/lib/socket.js","s":{"1":1,"2":1,"3":1,"4":1,"5":1,"6":1,"7":1,"8":1,"9":1,"10":1,"11":1,"12":1,"13":1,"14":1,"15":0,"16":0,"17":0,"18":0,"19":0,"20":0,"21":0,"22":0,"23":0,"24":0,"25":0,"26":0,"27":0,"28":0,"29":0,"30":0,"31":0,"32":0,"33":0,"34":1,"35":1,"36":0,"37":0,"38":0,"39":0,"40":1,"41":0,"42":0,"43":0,"44":0,"45":1,"46":0,"47":0,"48":0,"49":0,"50":0,"51":0,"52":0,"53":0,"54":0,"55":0,"56":0,"57":0,"58":1,"59":0,"60":1,"61":0,"62":0,"63":0,"64":0,"65":0,"66":0,"67":0,"68":0,"69":0,"70":1,"71":0,"72":1,"73":0,"74":1,"75":0,"76":0,"77":1,"78":0,"79":0,"80":0,"81":0,"82":0,"83":0,"84":0,"85":0,"86":0,"87":0,"88":0,"89":0,"90":0,"91":1,"92":0,"93":0,"94":0,"95":0,"96":0,"97":1,"98":0,"99":0,"100":0,"101":0,"102":0,"103":0,"104":0,"105":0,"106":1,"107":0,"108":0,"109":0,"110":0,"111":0,"112":0,"113":1,"114":0,"115":0,"116":0,"117":0,"118":0,"119":0,"120":0,"121":0,"122":1,"123":0,"124":0,"125":0,"126":0,"127":0,"128":0,"129":1,"130":0,"131":0,"132":0,"133":0,"134":0,"135":0,"136":0,"137":1,"138":0,"139":0,"140":0,"141":0,"142":0,"143":0,"144":1,"145":0},"b":{"1":[0,0],"2":[0,0],"3":[0,0],"4":[0,0],"5":[0,0],"6":[0,0],"7":[0,0],"8":[0,0],"9":[0,0],"10":[0,0],"11":[0,0],"12":[0,0],"13":[0,0],"14":[0,0],"15":[0,0],"16":[0,0],"17":[0,0],"18":[0,0],"19":[0,0],"20":[0,0],"21":[0,0],"22":[0,0]},"f":{"1":0,"2":0,"3":0,"4":0,"5":0,"6":0,"7":0,"8":0,"9":0,"10":0,"11":0,"12":0,"13":0,"14":0,"15":0,"16":0,"17":0,"18":0,"19":0,"20":0},"fnMap":{"1":{"name":"Socket","line":35,"loc":{"start":{"line":35,"column":0},"end":{"line":35,"column":30}}},"2":{"name":"(anonymous_2)","line":76,"loc":{"start":{"line":76,"column":24},"end":{"line":76,"column":39}}},"3":{"name":"(anonymous_3)","line":84,"loc":{"start":{"line":84,"column":22},"end":{"line":84,"column":47}}},"4":{"name":"(anonymous_4)","line":99,"loc":{"start":{"line":99,"column":27},"end":{"line":99,"column":42}}},"5":{"name":"(anonymous_5)","line":106,"loc":{"start":{"line":106,"column":28},"end":{"line":106,"column":39}}},"6":{"name":"(anonymous_6)","line":123,"loc":{"start":{"line":123,"column":25},"end":{"line":123,"column":44}}},"7":{"name":"(anonymous_7)","line":132,"loc":{"start":{"line":132,"column":26},"end":{"line":132,"column":66}}},"8":{"name":"(anonymous_8)","line":149,"loc":{"start":{"line":149,"column":24},"end":{"line":149,"column":37}}},"9":{"name":"(anonymous_9)","line":153,"loc":{"start":{"line":153,"column":26},"end":{"line":153,"column":44}}},"10":{"name":"(anonymous_10)","line":165,"loc":{"start":{"line":165,"column":29},"end":{"line":165,"column":54}}},"11":{"name":"onstream","line":170,"loc":{"start":{"line":170,"column":2},"end":{"line":170,"column":22}}},"12":{"name":"(anonymous_12)","line":176,"loc":{"start":{"line":176,"column":30},"end":{"line":176,"column":41}}},"13":{"name":"(anonymous_13)","line":193,"loc":{"start":{"line":193,"column":27},"end":{"line":193,"column":46}}},"14":{"name":"(anonymous_14)","line":204,"loc":{"start":{"line":204,"column":28},"end":{"line":204,"column":68}}},"15":{"name":"(anonymous_15)","line":220,"loc":{"start":{"line":220,"column":26},"end":{"line":220,"column":39}}},"16":{"name":"(anonymous_16)","line":232,"loc":{"start":{"line":232,"column":28},"end":{"line":232,"column":50}}},"17":{"name":"(anonymous_17)","line":246,"loc":{"start":{"line":246,"column":33},"end":{"line":246,"column":44}}},"18":{"name":"(anonymous_18)","line":259,"loc":{"start":{"line":259,"column":29},"end":{"line":259,"column":46}}},"19":{"name":"(anonymous_19)","line":273,"loc":{"start":{"line":273,"column":29},"end":{"line":273,"column":46}}},"20":{"name":"(anonymous_20)","line":284,"loc":{"start":{"line":284,"column":27},"end":{"line":284,"column":40}}}},"statementMap":{"1":{"start":{"line":1,"column":0},"end":{"line":1,"column":27}},"2":{"start":{"line":2,"column":0},"end":{"line":2,"column":50}},"3":{"start":{"line":3,"column":0},"end":{"line":3,"column":37}},"4":{"start":{"line":4,"column":0},"end":{"line":4,"column":37}},"5":{"start":{"line":5,"column":0},"end":{"line":5,"column":33}},"6":{"start":{"line":6,"column":0},"end":{"line":6,"column":56}},"7":{"start":{"line":7,"column":0},"end":{"line":7,"column":39}},"8":{"start":{"line":8,"column":0},"end":{"line":8,"column":35}},"9":{"start":{"line":9,"column":0},"end":{"line":9,"column":34}},"10":{"start":{"line":12,"column":0},"end":{"line":12,"column":34}},"11":{"start":{"line":19,"column":0},"end":{"line":19,"column":26}},"12":{"start":{"line":21,"column":0},"end":{"line":25,"column":2}},"13":{"start":{"line":27,"column":0},"end":{"line":27,"column":36}},"14":{"start":{"line":35,"column":0},"end":{"line":61,"column":1}},"15":{"start":{"line":36,"column":2},"end":{"line":38,"column":3}},"16":{"start":{"line":37,"column":4},"end":{"line":37,"column":36}},"17":{"start":{"line":40,"column":2},"end":{"line":40,"column":26}},"18":{"start":{"line":42,"column":2},"end":{"line":42,"column":26}},"19":{"start":{"line":44,"column":2},"end":{"line":44,"column":17}},"20":{"start":{"line":45,"column":2},"end":{"line":45,"column":43}},"21":{"start":{"line":46,"column":2},"end":{"line":46,"column":20}},"22":{"start":{"line":47,"column":2},"end":{"line":47,"column":38}},"23":{"start":{"line":48,"column":2},"end":{"line":48,"column":38}},"24":{"start":{"line":50,"column":2},"end":{"line":50,"column":32}},"25":{"start":{"line":51,"column":2},"end":{"line":51,"column":38}},"26":{"start":{"line":52,"column":2},"end":{"line":52,"column":53}},"27":{"start":{"line":53,"column":2},"end":{"line":53,"column":55}},"28":{"start":{"line":54,"column":2},"end":{"line":54,"column":51}},"29":{"start":{"line":55,"column":2},"end":{"line":55,"column":55}},"30":{"start":{"line":56,"column":2},"end":{"line":56,"column":45}},"31":{"start":{"line":57,"column":2},"end":{"line":57,"column":52}},"32":{"start":{"line":59,"column":2},"end":{"line":59,"column":53}},"33":{"start":{"line":60,"column":2},"end":{"line":60,"column":53}},"34":{"start":{"line":68,"column":0},"end":{"line":68,"column":30}},"35":{"start":{"line":76,"column":0},"end":{"line":82,"column":2}},"36":{"start":{"line":77,"column":2},"end":{"line":79,"column":3}},"37":{"start":{"line":78,"column":4},"end":{"line":78,"column":39}},"38":{"start":{"line":80,"column":2},"end":{"line":80,"column":38}},"39":{"start":{"line":81,"column":2},"end":{"line":81,"column":14}},"40":{"start":{"line":84,"column":0},"end":{"line":91,"column":2}},"41":{"start":{"line":85,"column":2},"end":{"line":87,"column":3}},"42":{"start":{"line":86,"column":4},"end":{"line":86,"column":37}},"43":{"start":{"line":89,"column":2},"end":{"line":89,"column":33}},"44":{"start":{"line":90,"column":2},"end":{"line":90,"column":14}},"45":{"start":{"line":99,"column":0},"end":{"line":116,"column":2}},"46":{"start":{"line":100,"column":2},"end":{"line":100,"column":31}},"47":{"start":{"line":102,"column":2},"end":{"line":102,"column":18}},"48":{"start":{"line":103,"column":2},"end":{"line":103,"column":38}},"49":{"start":{"line":104,"column":2},"end":{"line":104,"column":34}},"50":{"start":{"line":105,"column":2},"end":{"line":111,"column":3}},"51":{"start":{"line":106,"column":4},"end":{"line":110,"column":6}},"52":{"start":{"line":107,"column":6},"end":{"line":107,"column":39}},"53":{"start":{"line":108,"column":6},"end":{"line":108,"column":39}},"54":{"start":{"line":109,"column":6},"end":{"line":109,"column":28}},"55":{"start":{"line":113,"column":2},"end":{"line":113,"column":35}},"56":{"start":{"line":114,"column":2},"end":{"line":114,"column":21}},"57":{"start":{"line":115,"column":2},"end":{"line":115,"column":58}},"58":{"start":{"line":123,"column":0},"end":{"line":125,"column":2}},"59":{"start":{"line":124,"column":2},"end":{"line":124,"column":51}},"60":{"start":{"line":132,"column":0},"end":{"line":147,"column":2}},"61":{"start":{"line":133,"column":2},"end":{"line":145,"column":3}},"62":{"start":{"line":134,"column":4},"end":{"line":144,"column":5}},"63":{"start":{"line":135,"column":6},"end":{"line":135,"column":26}},"64":{"start":{"line":136,"column":6},"end":{"line":136,"column":39}},"65":{"start":{"line":137,"column":11},"end":{"line":144,"column":5}},"66":{"start":{"line":139,"column":6},"end":{"line":143,"column":7}},"67":{"start":{"line":140,"column":8},"end":{"line":140,"column":38}},"68":{"start":{"line":142,"column":8},"end":{"line":142,"column":29}},"69":{"start":{"line":146,"column":2},"end":{"line":146,"column":73}},"70":{"start":{"line":149,"column":0},"end":{"line":151,"column":2}},"71":{"start":{"line":150,"column":2},"end":{"line":150,"column":44}},"72":{"start":{"line":153,"column":0},"end":{"line":155,"column":2}},"73":{"start":{"line":154,"column":2},"end":{"line":154,"column":66}},"74":{"start":{"line":165,"column":0},"end":{"line":191,"column":2}},"75":{"start":{"line":166,"column":2},"end":{"line":168,"column":3}},"76":{"start":{"line":167,"column":4},"end":{"line":167,"column":51}},"77":{"start":{"line":170,"column":2},"end":{"line":185,"column":3}},"78":{"start":{"line":171,"column":4},"end":{"line":171,"column":25}},"79":{"start":{"line":172,"column":4},"end":{"line":172,"column":20}},"80":{"start":{"line":173,"column":4},"end":{"line":173,"column":37}},"81":{"start":{"line":174,"column":4},"end":{"line":174,"column":36}},"82":{"start":{"line":175,"column":4},"end":{"line":181,"column":5}},"83":{"start":{"line":176,"column":6},"end":{"line":180,"column":8}},"84":{"start":{"line":177,"column":8},"end":{"line":177,"column":41}},"85":{"start":{"line":178,"column":8},"end":{"line":178,"column":41}},"86":{"start":{"line":179,"column":8},"end":{"line":179,"column":30}},"87":{"start":{"line":183,"column":4},"end":{"line":183,"column":37}},"88":{"start":{"line":184,"column":4},"end":{"line":184,"column":31}},"89":{"start":{"line":188,"column":2},"end":{"line":188,"column":31}},"90":{"start":{"line":190,"column":2},"end":{"line":190,"column":32}},"91":{"start":{"line":193,"column":0},"end":{"line":202,"column":2}},"92":{"start":{"line":194,"column":2},"end":{"line":194,"column":26}},"93":{"start":{"line":196,"column":2},"end":{"line":196,"column":32}},"94":{"start":{"line":197,"column":2},"end":{"line":201,"column":3}},"95":{"start":{"line":198,"column":4},"end":{"line":198,"column":25}},"96":{"start":{"line":200,"column":4},"end":{"line":200,"column":38}},"97":{"start":{"line":204,"column":0},"end":{"line":218,"column":2}},"98":{"start":{"line":205,"column":2},"end":{"line":205,"column":27}},"99":{"start":{"line":207,"column":2},"end":{"line":207,"column":32}},"100":{"start":{"line":208,"column":2},"end":{"line":211,"column":3}},"101":{"start":{"line":209,"column":4},"end":{"line":209,"column":41}},"102":{"start":{"line":210,"column":4},"end":{"line":210,"column":11}},"103":{"start":{"line":213,"column":2},"end":{"line":216,"column":3}},"104":{"start":{"line":215,"column":4},"end":{"line":215,"column":46}},"105":{"start":{"line":217,"column":2},"end":{"line":217,"column":45}},"106":{"start":{"line":220,"column":0},"end":{"line":230,"column":2}},"107":{"start":{"line":221,"column":2},"end":{"line":221,"column":25}},"108":{"start":{"line":223,"column":2},"end":{"line":223,"column":32}},"109":{"start":{"line":224,"column":2},"end":{"line":227,"column":3}},"110":{"start":{"line":225,"column":4},"end":{"line":225,"column":53}},"111":{"start":{"line":226,"column":4},"end":{"line":226,"column":11}},"112":{"start":{"line":229,"column":2},"end":{"line":229,"column":16}},"113":{"start":{"line":232,"column":0},"end":{"line":244,"column":2}},"114":{"start":{"line":233,"column":2},"end":{"line":233,"column":42}},"115":{"start":{"line":235,"column":2},"end":{"line":235,"column":32}},"116":{"start":{"line":236,"column":2},"end":{"line":239,"column":3}},"117":{"start":{"line":237,"column":4},"end":{"line":237,"column":41}},"118":{"start":{"line":238,"column":4},"end":{"line":238,"column":11}},"119":{"start":{"line":241,"column":2},"end":{"line":241,"column":31}},"120":{"start":{"line":242,"column":2},"end":{"line":242,"column":20}},"121":{"start":{"line":243,"column":2},"end":{"line":243,"column":28}},"122":{"start":{"line":246,"column":0},"end":{"line":257,"column":2}},"123":{"start":{"line":247,"column":2},"end":{"line":247,"column":13}},"124":{"start":{"line":248,"column":2},"end":{"line":256,"column":3}},"125":{"start":{"line":249,"column":4},"end":{"line":249,"column":30}},"126":{"start":{"line":250,"column":4},"end":{"line":250,"column":21}},"127":{"start":{"line":254,"column":4},"end":{"line":254,"column":25}},"128":{"start":{"line":255,"column":4},"end":{"line":255,"column":58}},"129":{"start":{"line":259,"column":0},"end":{"line":271,"column":2}},"130":{"start":{"line":260,"column":2},"end":{"line":262,"column":3}},"131":{"start":{"line":261,"column":4},"end":{"line":261,"column":53}},"132":{"start":{"line":264,"column":2},"end":{"line":264,"column":21}},"133":{"start":{"line":265,"column":2},"end":{"line":267,"column":3}},"134":{"start":{"line":266,"column":4},"end":{"line":266,"column":60}},"135":{"start":{"line":269,"column":2},"end":{"line":269,"column":28}},"136":{"start":{"line":270,"column":2},"end":{"line":270,"column":23}},"137":{"start":{"line":273,"column":0},"end":{"line":282,"column":2}},"138":{"start":{"line":274,"column":2},"end":{"line":274,"column":21}},"139":{"start":{"line":275,"column":2},"end":{"line":278,"column":3}},"140":{"start":{"line":276,"column":4},"end":{"line":276,"column":71}},"141":{"start":{"line":277,"column":4},"end":{"line":277,"column":11}},"142":{"start":{"line":280,"column":2},"end":{"line":280,"column":28}},"143":{"start":{"line":281,"column":2},"end":{"line":281,"column":23}},"144":{"start":{"line":284,"column":0},"end":{"line":286,"column":2}},"145":{"start":{"line":285,"column":2},"end":{"line":285,"column":26}}},"branchMap":{"1":{"line":36,"type":"if","locations":[{"start":{"line":36,"column":2},"end":{"line":36,"column":2}},{"start":{"line":36,"column":2},"end":{"line":36,"column":2}}]},"2":{"line":42,"type":"binary-expr","locations":[{"start":{"line":42,"column":12},"end":{"line":42,"column":19}},{"start":{"line":42,"column":23},"end":{"line":42,"column":25}}]},"3":{"line":77,"type":"if","locations":[{"start":{"line":77,"column":2},"end":{"line":77,"column":2}},{"start":{"line":77,"column":2},"end":{"line":77,"column":2}}]},"4":{"line":85,"type":"if","locations":[{"start":{"line":85,"column":2},"end":{"line":85,"column":2}},{"start":{"line":85,"column":2},"end":{"line":85,"column":2}}]},"5":{"line":105,"type":"if","locations":[{"start":{"line":105,"column":2},"end":{"line":105,"column":2}},{"start":{"line":105,"column":2},"end":{"line":105,"column":2}}]},"6":{"line":133,"type":"if","locations":[{"start":{"line":133,"column":2},"end":{"line":133,"column":2}},{"start":{"line":133,"column":2},"end":{"line":133,"column":2}}]},"7":{"line":134,"type":"if","locations":[{"start":{"line":134,"column":4},"end":{"line":134,"column":4}},{"start":{"line":134,"column":4},"end":{"line":134,"column":4}}]},"8":{"line":137,"type":"if","locations":[{"start":{"line":137,"column":11},"end":{"line":137,"column":11}},{"start":{"line":137,"column":11},"end":{"line":137,"column":11}}]},"9":{"line":139,"type":"if","locations":[{"start":{"line":139,"column":6},"end":{"line":139,"column":6}},{"start":{"line":139,"column":6},"end":{"line":139,"column":6}}]},"10":{"line":154,"type":"binary-expr","locations":[{"start":{"line":154,"column":46},"end":{"line":154,"column":57}},{"start":{"line":154,"column":61},"end":{"line":154,"column":64}}]},"11":{"line":166,"type":"if","locations":[{"start":{"line":166,"column":2},"end":{"line":166,"column":2}},{"start":{"line":166,"column":2},"end":{"line":166,"column":2}}]},"12":{"line":175,"type":"if","locations":[{"start":{"line":175,"column":4},"end":{"line":175,"column":4}},{"start":{"line":175,"column":4},"end":{"line":175,"column":4}}]},"13":{"line":197,"type":"if","locations":[{"start":{"line":197,"column":2},"end":{"line":197,"column":2}},{"start":{"line":197,"column":2},"end":{"line":197,"column":2}}]},"14":{"line":208,"type":"if","locations":[{"start":{"line":208,"column":2},"end":{"line":208,"column":2}},{"start":{"line":208,"column":2},"end":{"line":208,"column":2}}]},"15":{"line":213,"type":"if","locations":[{"start":{"line":213,"column":2},"end":{"line":213,"column":2}},{"start":{"line":213,"column":2},"end":{"line":213,"column":2}}]},"16":{"line":213,"type":"binary-expr","locations":[{"start":{"line":213,"column":6},"end":{"line":213,"column":24}},{"start":{"line":213,"column":28},"end":{"line":213,"column":56}}]},"17":{"line":224,"type":"if","locations":[{"start":{"line":224,"column":2},"end":{"line":224,"column":2}},{"start":{"line":224,"column":2},"end":{"line":224,"column":2}}]},"18":{"line":236,"type":"if","locations":[{"start":{"line":236,"column":2},"end":{"line":236,"column":2}},{"start":{"line":236,"column":2},"end":{"line":236,"column":2}}]},"19":{"line":260,"type":"if","locations":[{"start":{"line":260,"column":2},"end":{"line":260,"column":2}},{"start":{"line":260,"column":2},"end":{"line":260,"column":2}}]},"20":{"line":260,"type":"binary-expr","locations":[{"start":{"line":260,"column":6},"end":{"line":260,"column":19}},{"start":{"line":260,"column":23},"end":{"line":260,"column":39}}]},"21":{"line":265,"type":"if","locations":[{"start":{"line":265,"column":2},"end":{"line":265,"column":2}},{"start":{"line":265,"column":2},"end":{"line":265,"column":2}}]},"22":{"line":275,"type":"if","locations":[{"start":{"line":275,"column":2},"end":{"line":275,"column":2}},{"start":{"line":275,"column":2},"end":{"line":275,"column":2}}]}},"code":["var util = require('util');","var EventEmitter = require('events').EventEmitter;","var bind = require('component-bind');","var IOStream = require('./iostream');","var parser = require('./parser');","var debug = require('debug')('socket.io-stream:socket');","var emit = EventEmitter.prototype.emit;","var on = EventEmitter.prototype.on;","var slice = Array.prototype.slice;","","","exports = module.exports = Socket;","","/**"," * Base event name for messaging."," *"," * @api public"," */","exports.event = '$stream';","","exports.events = [","  'error',","  'newListener',","  'removeListener'","];","","util.inherits(Socket, EventEmitter);","","/**"," * Bidirectional stream socket which wraps Socket.IO."," *"," * @param {socket.io#Socket} socket.io"," * @api public"," */","function Socket(sio, options) {","  if (!(this instanceof Socket)) {","    return new Socket(sio, options);","  }","","  EventEmitter.call(this);","","  options = options || {};","","  this.sio = sio;","  this.forceBase64 = !!options.forceBase64;","  this.streams = {};","  this.encoder = new parser.Encoder();","  this.decoder = new parser.Decoder();","","  var eventName = exports.event;","  sio.on(eventName, bind(this, emit));","  sio.on(eventName + '-read', bind(this, '_onread'));","  sio.on(eventName + '-write', bind(this, '_onwrite'));","  sio.on(eventName + '-end', bind(this, '_onend'));","  sio.on(eventName + '-error', bind(this, '_onerror'));","  sio.on('error', bind(this, emit, 'error'));","  sio.on('disconnect', bind(this, '_ondisconnect'));","","  this.encoder.on('stream', bind(this, '_onencode'));","  this.decoder.on('stream', bind(this, '_ondecode'));","}","","/**"," * Original emit function."," *"," * @api private"," */","Socket.prototype.$emit = emit;","","/**"," * Emits streams to this corresponding server/client."," *"," * @return {Socket} self"," * @api public"," */","Socket.prototype.emit = function(type) {","  if (~exports.events.indexOf(type)) {","    return emit.apply(this, arguments);","  }","  this._stream.apply(this, arguments);","  return this;","};","","Socket.prototype.on = function(type, listener) {","  if (~exports.events.indexOf(type)) {","    return on.apply(this, arguments);","  }","","  this._onstream(type, listener);","  return this;","};","","/**"," * Sends a new stream request."," *"," * @param {String} event type"," * @api private"," */","Socket.prototype._stream = function(type) {","  debug('sending new streams');","","  var self = this;","  var args = slice.call(arguments, 1);","  var ack = args[args.length - 1];","  if ('function' == typeof ack) {","    args[args.length - 1] = function() {","      var args = slice.call(arguments);","      args = self.decoder.decode(args);","      ack.apply(this, args);","    };","  }","","  args = this.encoder.encode(args);","  var sio = this.sio;","  sio.emit.apply(sio, [exports.event, type].concat(args));","};","","/**"," * Notifies the read event."," *"," * @api private"," */","Socket.prototype._read = function(id, size) {","  this.sio.emit(exports.event + '-read', id, size);","};","","/**"," * Requests to write a chunk."," *"," * @api private"," */","Socket.prototype._write = function(id, chunk, encoding, callback) {","  if (Buffer.isBuffer(chunk)) {","    if (this.forceBase64) {","      encoding = 'base64';","      chunk = chunk.toString(encoding);","    } else if (!global.Buffer) {","      // socket.io can't handle Buffer when using browserify.","      if (chunk.toArrayBuffer) {","        chunk = chunk.toArrayBuffer();","      } else {","        chunk = chunk.buffer;","      }","    }","  }","  this.sio.emit(exports.event + '-write', id, chunk, encoding, callback);","};","","Socket.prototype._end = function(id) {","  this.sio.emit(exports.event + '-end', id);","};","","Socket.prototype._error = function(id, err) {","  this.sio.emit(exports.event + '-error', id, err.message || err);","};","","/**"," * Handles a new stream request."," *"," * @param {String} event type"," * @param {Function} listener"," *"," * @api private"," */","Socket.prototype._onstream = function(type, listener) {","  if ('function' != typeof listener) {","    throw TypeError('listener must be a function');","  }","","  function onstream() {","    debug('new streams');","    var self = this;","    var args = slice.call(arguments);","    var ack = args[args.length - 1];","    if ('function' == typeof ack) {","      args[args.length - 1] = function() {","        var args = slice.call(arguments);","        args = self.encoder.encode(args);","        ack.apply(this, args);","      };","    }","","    args = this.decoder.decode(args);","    listener.apply(this, args);","  }","","  // for removeListener","  onstream.listener = listener;","","  on.call(this, type, onstream);","};","","Socket.prototype._onread = function(id, size) {","  debug('read: \"%s\"', id);","","  var stream = this.streams[id];","  if (stream) {","    stream._onread(size);","  } else {","    debug('ignore invalid stream id');","  }","};","","Socket.prototype._onwrite = function(id, chunk, encoding, callback) {","  debug('write: \"%s\"', id);","","  var stream = this.streams[id];","  if (!stream) {","    callback('invalid stream id: ' + id);","    return;","  }","","  if (global.ArrayBuffer && chunk instanceof ArrayBuffer) {","    // make sure that chunk is a buffer for stream","    chunk = new Buffer(new Uint8Array(chunk));","  }","  stream._onwrite(chunk, encoding, callback);","};","","Socket.prototype._onend = function(id) {","  debug('end: \"%s\"', id);","","  var stream = this.streams[id];","  if (!stream) {","    debug('ignore non-existent stream id: \"%s\"', id);","    return;","  }","","  stream._end();","};","","Socket.prototype._onerror = function(id, message) {","  debug('error: \"%s\", \"%s\"', id, message);","","  var stream = this.streams[id];","  if (!stream) {","    debug('invalid stream id: \"%s\"', id);","    return;","  }","","  var err = new Error(message);","  err.remote = true;","  stream.emit('error', err);","};","","Socket.prototype._ondisconnect = function() {","  var stream;","  for (var id in this.streams) {","    stream = this.streams[id];","    stream.destroy();","","    // Close streams when the underlaying","    // socket.io connection is closed (regardless why)","    stream.emit('close');","    stream.emit('error', new Error('Connection aborted'));","  }","};","","Socket.prototype._onencode = function(stream) {","  if (stream.socket || stream.destroyed) {","    throw new Error('stream has already been sent.');","  }","","  var id = stream.id;","  if (this.streams[id]) {","    throw new Error('Encoded stream already exists: ' + id);","  }","","  this.streams[id] = stream;","  stream.socket = this;","};","","Socket.prototype._ondecode = function(stream) {","  var id = stream.id;","  if (this.streams[id]) {","    this._error(id, new Error('Decoded stream already exists: ' + id));","    return;","  }","","  this.streams[id] = stream;","  stream.socket = this;","};","","Socket.prototype.cleanup = function(id) {","  delete this.streams[id];","};","",""],"l":{"1":1,"2":1,"3":1,"4":1,"5":1,"6":1,"7":1,"8":1,"9":1,"12":1,"19":1,"21":1,"27":1,"35":1,"36":0,"37":0,"40":0,"42":0,"44":0,"45":0,"46":0,"47":0,"48":0,"50":0,"51":0,"52":0,"53":0,"54":0,"55":0,"56":0,"57":0,"59":0,"60":0,"68":1,"76":1,"77":0,"78":0,"80":0,"81":0,"84":1,"85":0,"86":0,"89":0,"90":0,"99":1,"100":0,"102":0,"103":0,"104":0,"105":0,"106":0,"107":0,"108":0,"109":0,"113":0,"114":0,"115":0,"123":1,"124":0,"132":1,"133":0,"134":0,"135":0,"136":0,"137":0,"139":0,"140":0,"142":0,"146":0,"149":1,"150":0,"153":1,"154":0,"165":1,"166":0,"167":0,"170":1,"171":0,"172":0,"173":0,"174":0,"175":0,"176":0,"177":0,"178":0,"179":0,"183":0,"184":0,"188":0,"190":0,"193":1,"194":0,"196":0,"197":0,"198":0,"200":0,"204":1,"205":0,"207":0,"208":0,"209":0,"210":0,"213":0,"215":0,"217":0,"220":1,"221":0,"223":0,"224":0,"225":0,"226":0,"229":0,"232":1,"233":0,"235":0,"236":0,"237":0,"238":0,"241":0,"242":0,"243":0,"246":1,"247":0,"248":0,"249":0,"250":0,"254":0,"255":0,"259":1,"260":0,"261":0,"264":0,"265":0,"266":0,"269":0,"270":0,"273":1,"274":0,"275":0,"276":0,"277":0,"280":0,"281":0,"284":1,"285":0}},"/home/travis/build/npmtest/node-npmtest-socket.io-stream/socket.
[...]
,"2":1,"3":1,"4":1,"5":1,"8":1,"10":1,"18":1,"19":0,"20":0,"23":0,"25":0,"26":0,"27":0,"30":0,"31":0,"34":0,"35":0,"36":0,"39":0,"41":0,"42":0,"43":0,"52":1,"53":0,"55":0,"56":0,"57":0,"60":0,"62":0,"63":0,"64":0,"65":0,"68":0,"76":1,"77":0,"80":0,"82":0,"84":0,"85":0,"87":0,"90":0,"97":0,"106":1,"107":0,"108":0,"110":0,"120":1,"121":0,"123":1,"125":0,"127":0,"128":0,"131":0,"132":0,"134":0,"144":1,"145":0,"147":1,"148":0,"149":0,"150":0,"151":0,"154":0,"155":0,"157":0,"166":1,"167":0,"169":0,"171":0,"180":1,"181":0,"184":0,"197":1,"198":0,"201":0,"202":0,"205":0,"206":0,"208":0,"209":0,"210":0,"213":0,"215":0,"216":0,"219":0,"220":0,"232":1,"233":0,"234":0,"235":0,"237":0,"238":0,"239":0,"242":0,"244":0,"245":0,"257":1,"259":0,"261":0,"264":0}},"/home/travis/build/npmtest/node-npmtest-socket.io-stream/socket.io-stream/lib/uuid.js":{"path":"/home/travis/build/npmtest/node-npmtest-socket.io-stream/socket.io-stream/lib/uuid.js","s":{"1":1,"2":0,"3":1},"b":{"1":[0,0]},"f":{"1":0},"fnMap":{"1":{"name":"b","line":3,"loc":{"start":{"line":3,"column":0},"end":{"line":5,"column":1}}}},"statementMap":{"1":{"start":{"line":3,"column":0},"end":{"line":23,"column":1}},"2":{"start":{"line":6,"column":2},"end":{"line":22,"column":7}},"3":{"start":{"line":25,"column":0},"end":{"line":25,"column":19}}},"branchMap":{"1":{"line":6,"type":"cond-expr","locations":[{"start":{"line":7,"column":6},"end":{"line":12,"column":20}},{"start":{"line":13,"column":6},"end":{"line":22,"column":7}}]}},"code":["// UUID function from https://gist.github.com/jed/982883","// More lightweight than node-uuid","function b(","  a                  // placeholder","){","  return a           // if the placeholder was passed, return","    ? (              // a random number from 0 to 15","      a ^            // unless b is 8,","      Math.random()  // in which case","      * 16           // a random number from","      >> a/4         // 8 to 11","      ).toString(16) // in hexadecimal","    : (              // or otherwise a concatenated string:","      [1e7] +        // 10000000 +","      -1e3 +         // -1000 +","      -4e3 +         // -4000 +","      -8e3 +         // -80000000 +","      -1e11          // -100000000000,","      ).replace(     // replacing","        /[018]/g,    // zeroes, ones, and eights with","        b            // random hex digits","      )","}","","module.exports = b;",""],"l":{"3":1,"6":0,"25":1}},"/home/travis/build/npmtest/node-npmtest-socket.io-stream/socket.io-stream/lib/parser.js":{"path":"/home/travis/build/npmtest/node-npmtest-socket.io-stream/socket.io-stream/lib/parser.js","s":{"1":1,"2":1,"3":1,"4":1,"5":1,"6":1,"7":1,"8":1,"9":0,"10":1,"11":0,"12":0,"13":0,"14":0,"15":0,"16":0,"17":0,"18":1,"19":0,"20":0,"21":0,"22":0,"23":0,"24":1,"25":0,"26":0,"27":0,"28":0,"29":1,"30":0,"31":0,"32":0,"33":0,"34":0,"35":1,"36":1,"37":0,"38":1,"39":0,"40":0,"41":0,"42":0,"43":0,"44":0,"45":0,"46":1,"47":0,"48":0,"49":0,"50":0,"51":1,"52":0,"53":0,"54":0,"55":0,"56":1,"57":0,"58":0,"59":0,"60":0,"61":0},"b":{"1":[0,0],"2":[0,0],"3":[0,0],"4":[0,0],"5":[0,0],"6":[0,0],"7":[0,0],"8":[0,0],"9":[0,0],"10":[0,0],"11":[0,0],"12":[0,0]},"f":{"1":0,"2":0,"3":0,"4":0,"5":0,"6":0,"7":0,"8":0,"9":0,"10":0},"fnMap":{"1":{"name":"Encoder","line":11,"loc":{"start":{"line":11,"column":0},"end":{"line":11,"column":19}}},"2":{"name":"(anonymous_2)","line":20,"loc":{"start":{"line":20,"column":27},"end":{"line":20,"column":39}}},"3":{"name":"(anonymous_3)","line":31,"loc":{"start":{"line":31,"column":33},"end":{"line":31,"column":50}}},"4":{"name":"(anonymous_4)","line":42,"loc":{"start":{"line":42,"column":32},"end":{"line":42,"column":46}}},"5":{"name":"(anonymous_5)","line":50,"loc":{"start":{"line":50,"column":33},"end":{"line":50,"column":47}}},"6":{"name":"Decoder","line":62,"loc":{"start":{"line":62,"column":0},"end":{"line":62,"column":19}}},"7":{"name":"(anonymous_7)","line":71,"loc":{"start":{"line":71,"column":27},"end":{"line":71,"column":39}}},"8":{"name":"(anonymous_8)","line":82,"loc":{"start":{"line":82,"column":33},"end":{"line":82,"column":47}}},"9":{"name":"(anonymous_9)","line":89,"loc":{"start":{"line":89,"column":32},"end":{"line":89,"column":46}}},"10":{"name":"(anonymous_10)","line":97,"loc":{"start":{"line":97,"column":33},"end":{"line":97,"column":47}}}},"statementMap":{"1":{"start":{"line":1,"column":0},"end":{"line":1,"column":27}},"2":{"start":{"line":2,"column":0},"end":{"line":2,"column":50}},"3":{"start":{"line":3,"column":0},"end":{"line":3,"column":37}},"4":{"start":{"line":4,"column":0},"end":{"line":4,"column":34}},"5":{"start":{"line":6,"column":0},"end":{"line":6,"column":26}},"6":{"start":{"line":7,"column":0},"end":{"line":7,"column":26}},"7":{"start":{"line":9,"column":0},"end":{"line":9,"column":37}},"8":{"start":{"line":11,"column":0},"end":{"line":13,"column":1}},"9":{"start":{"line":12,"column":2},"end":{"line":12,"column":26}},"10":{"start":{"line":20,"column":0},"end":{"line":29,"column":1}},"11":{"start":{"line":21,"column":2},"end":{"line":27,"column":3}},"12":{"start":{"line":22,"column":4},"end":{"line":22,"column":32}},"13":{"start":{"line":23,"column":9},"end":{"line":27,"column":3}},"14":{"start":{"line":24,"column":4},"end":{"line":24,"column":31}},"15":{"start":{"line":25,"column":9},"end":{"line":27,"column":3}},"16":{"start":{"line":26,"column":4},"end":{"line":26,"column":32}},"17":{"start":{"line":28,"column":2},"end":{"line":28,"column":11}},"18":{"start":{"line":31,"column":0},"end":{"line":40,"column":1}},"19":{"start":{"line":32,"column":2},"end":{"line":32,"column":30}},"20":{"start":{"line":35,"column":2},"end":{"line":35,"column":33}},"21":{"start":{"line":36,"column":2},"end":{"line":38,"column":3}},"22":{"start":{"line":37,"column":4},"end":{"line":37,"column":31}},"23":{"start":{"line":39,"column":2},"end":{"line":39,"column":11}},"24":{"start":{"line":42,"column":0},"end":{"line":48,"column":1}},"25":{"start":{"line":43,"column":2},"end":{"line":43,"column":13}},"26":{"start":{"line":44,"column":2},"end":{"line":46,"column":3}},"27":{"start":{"line":45,"column":4},"end":{"line":45,"column":32}},"28":{"start":{"line":47,"column":2},"end":{"line":47,"column":11}},"29":{"start":{"line":50,"column":0},"end":{"line":58,"column":1}},"30":{"start":{"line":51,"column":2},"end":{"line":51,"column":13}},"31":{"start":{"line":52,"column":2},"end":{"line":56,"column":3}},"32":{"start":{"line":53,"column":4},"end":{"line":55,"column":5}},"33":{"start":{"line":54,"column":6},"end":{"line":54,"column":33}},"34":{"start":{"line":57,"column":2},"end":{"line":57,"column":11}},"35":{"start":{"line":60,"column":0},"end":{"line":60,"column":37}},"36":{"start":{"line":62,"column":0},"end":{"line":64,"column":1}},"37":{"start":{"line":63,"column":2},"end":{"line":63,"column":26}},"38":{"start":{"line":71,"column":0},"end":{"line":80,"column":1}},"39":{"start":{"line":72,"column":2},"end":{"line":78,"column":3}},"40":{"start":{"line":73,"column":4},"end":{"line":73,"column":32}},"41":{"start":{"line":74,"column":9},"end":{"line":78,"column":3}},"42":{"start":{"line":75,"column":4},"end":{"line":75,"column":31}},"43":{"start":{"line":76,"column":9},"end":{"line":78,"column":3}},"44":{"start":{"line":77,"column":4},"end":{"line":77,"column":32}},"45":{"start":{"line":79,"column":2},"end":{"line":79,"column":11}},"46":{"start":{"line":82,"column":0},"end":{"line":87,"column":1}},"47":{"start":{"line":83,"column":2},"end":{"line":83,"column":41}},"48":{"start":{"line":84,"column":2},"end":{"line":84,"column":26}},"49":{"start":{"line":85,"column":2},"end":{"line":85,"column":30}},"50":{"start":{"line":86,"column":2},"end":{"line":86,"column":16}},"51":{"start":{"line":89,"column":0},"end":{"line":95,"column":1}},"52":{"start":{"line":90,"column":2},"end":{"line":90,"column":13}},"53":{"start":{"line":91,"column":2},"end":{"line":93,"column":3}},"54":{"start":{"line":92,"column":4},"end":{"line":92,"column":32}},"55":{"start":{"line":94,"column":2},"end":{"line":94,"column":11}},"56":{"start":{"line":97,"column":0},"end":{"line":105,"column":1}},"57":{"start":{"line":98,"column":2},"end":{"line":98,"column":13}},"58":{"start":{"line":99,"column":2},"end":{"line":103,"column":3}},"59":{"start":{"line":100,"column":4},"end":{"line":102,"column":5}},"60":{"start":{"line":101,"column":6},"end":{"line":101,"column":33}},"61":{"start":{"line":104,"column":2},"end":{"line":104,"column":11}}},"branchMap":{"1":{"line":21,"type":"if","locations":[{"start":{"line":21,"column":2},"end":{"line":21,"column":2}},{"start":{"line":21,"column":2},"end":{"line":21,"column":2}}]},"2":{"line":23,"type":"if","locations":[{"start":{"line":23,"column":9},"end":{"line":23,"column":9}},{"start":{"line":23,"column":9},"end":{"line":23,"column":9}}]},"3":{"line":25,"type":"if","locations":[{"start":{"line":25,"column":9},"end":{"line":25,"column":9}},{"start":{"line":25,"column":9},"end":{"line":25,"column":9}}]},"4":{"line":25,"type":"binary-expr","locations":[{"start":{"line":25,"column":13},"end":{"line":25,"column":14}},{"start":{"line":25,"column":18},"end":{"line":25,"column":38}}]},"5":{"line":36,"type":"if","locations":[{"start":{"line":36,"column":2},"end":{"line":36,"column":2}},{"start":{"line":36,"column":2},"end":{"line":36,"column":2}}]},"6":{"line":53,"type":"if","locations":[{"start":{"line":53,"column":4},"end":{"line":53,"column":4}},{"start":{"line":53,"column":4},"end":{"line":53,"column":4}}]},"7":{"line":72,"type":"if","locations":[{"start":{"line":72,"column":2},"end":{"line":72,"column":2}},{"start":{"line":72,"column":2},"end":{"line":72,"column":2}}]},"8":{"line":72,"type":"binary-expr","locations":[{"start":{"line":72,"column":6},"end":{"line":72,"column":7}},{"start":{"line":72,"column":11},"end":{"line":72,"column":20}}]},"9":{"line":74,"type":"if","locations":[{"start":{"line":74,"column":9},"end":{"line":74,"column":9}},{"start":{"line":74,"column":9},"end":{"line":74,"column":9}}]},"10":{"line":76,"type":"if","locations":[{"start":{"line":76,"column":9},"end":{"line":76,"column":9}},{"start":{"line":76,"column":9},"end":{"line":76,"column":9}}]},"11":{"line":76,"type":"binary-expr","locations":[{"start":{"line":76,"column":13},"end":{"line":76,"column":14}},{"start":{"line":76,"column":18},"end":{"line":76,"column":38}}]},"12":{"line":100,"type":"if","locations":[{"start":{"line":100,"column":4},"end":{"line":100,"column":4}},{"start":{"line":100,"column":4},"end":{"line":100,"column":4}}]}},"code":["var util = require('util');","var EventEmitter = require('events').EventEmitter;","var IOStream = require('./iostream');","var slice = Array.prototype.slice;","","exports.Encoder = Encoder;","exports.Decoder = Decoder;","","util.inherits(Encoder, EventEmitter);","","function Encoder() {","  EventEmitter.call(this);","}","","/**"," * Encode streams to placeholder objects."," *"," * @api public"," */","Encoder.prototype.encode = function(v) {","  if (v instanceof IOStream) {","    return this.encodeStream(v);","  } else if (util.isArray(v)) {","    return this.encodeArray(v);","  } else if (v && 'object' == typeof v) {","    return this.encodeObject(v);","  }","  return v;","}","","Encoder.prototype.encodeStream = function(stream) {","  this.emit('stream', stream);","","  // represent a stream in an object.","  var v = { $stream: stream.id };","  if (stream.options) {","    v.options = stream.options;","  }","  return v;","}","","Encoder.prototype.encodeArray = function(arr) {","  var v = [];","  for (var i = 0, len = arr.length; i < len; i++) {","    v.push(this.encode(arr[i]));","  }","  return v;","}","","Encoder.prototype.encodeObject = function(obj) {","  var v = {};","  for (var k in obj) {","    if (obj.hasOwnProperty(k)) {","      v[k] = this.encode(obj[k]);","    }","  }","  return v;","}","","util.inherits(Decoder, EventEmitter);","","function Decoder() {","  EventEmitter.call(this);","}","","/**"," * Decode placeholder objects to streams."," *"," * @api public"," */","Decoder.prototype.decode = function(v) {","  if (v && v.$stream) {","    return this.decodeStream(v);","  } else if (util.isArray(v)) {","    return this.decodeArray(v);","  } else if (v && 'object' == typeof v) {","    return this.decodeObject(v);","  }","  return v;","}","","Decoder.prototype.decodeStream = function(obj) {","  var stream = new IOStream(obj.options);","  stream.id = obj.$stream;","  this.emit('stream', stream);","  return stream;","}","","Decoder.prototype.decodeArray = function(arr) {","  var v = [];","  for (var i = 0, len = arr.length; i < len; i++) {","    v.push(this.decode(arr[i]));","  }","  return v;","}","","Decoder.prototype.decodeObject = function(obj) {","  var v = {};","  for (var k in obj) {","    if (obj.hasOwnProperty(k)) {","      v[k] = this.decode(obj[k]);","    }","  }","  return v;","}",""],"l":{"1":1,"2":1,"3":1,"4":1,"6":1,"7":1,"9":1,"11":1,"12":0,"20":1,"21":0,"22":0,"23":0,"24":0,"25":0,"26":0,"28":0,"31":1,"32":0,"35":0,"36":0,"37":0,"39":0,"42":1,"43":0,"44":0,"45":0,"47":0,"50":1,"51":0,"52":0,"53":0,"54":0,"57":0,"60":1,"62":1,"63":0,"71":1,"72":0,"73":0,"74":0,"75":0,"76":0,"77":0,"79":0,"82":1,"83":0,"84":0,"85":0,"86":0,"89":1,"90":0,"91":0,"92":0,"94":0,"97":1,"98":0,"99":0,"100":0,"101":0,"104":0}},"/home/travis/build/npmtest/node-npmtest-socket.io-stream/socket.io-stream/lib/blob-read-stream.js":{"path":"/home/travis/build/npmtest/node-npmtest-socket.io-stream/socket.io-stream/lib/blob-read-stream.js","s":{"1":1,"2":1,"3":1,"4":1,"5":1,"6":1,"7":0,"8":0,"9":0,"10":0,"11":0,"12":0,"13":0,"14":0,"15":0,"16":0,"17":0,"18":0,"19":0,"20":0,"21":1,"22":0,"23":0,"24":0,"25":0,"26":0,"27":0,"28":0,"29":0,"30":0,"31":1,"32":0,"33":0,"34":1,"35":0,"36":0},"b":{"1":[0,0],"2":[0,0],"3":[0,0,0],"4":[0,0],"5":[0,0],"6":[0,0],"7":[0,0]},"f":{"1":0,"2":0,"3":0,"4":0},"fnMap":{"1":{"name":"BlobReadStream","line":16,"loc":{"start":{"line":16,"column":0},"end":{"line":16,"column":39}}},"2":{"name":"(anonymous_2)","line":41,"loc":{"start":{"line":41,"column":33},"end":{"line":41,"column":48}}},"3":{"name":"(anonymous_3)","line":58,"loc":{"start":{"line":58,"column":35},"end":{"line":58,"column":47}}},"4":{"name":"(anonymous_4)","line":63,"loc":{"start":{"line":63,"column":36},"end":{"line":63,"column":48}}}},"statementMap":{"1":{"start":{"line":1,"column":0},"end":{"line":1,"column":27}},"2":{"start":{"line":2,"column":0},"end":{"line":2,"column":42}},"3":{"start":{"line":3,"column":0},"end":{"line":3,"column":37}},"4":{"start":{"line":6,"column":0},"end":{"line":6,"column":32}},"5":{"start":{"line":8,"column":0},"end":{"line":8,"column":40}},"6":{"start":{"line":16,"column":0},"end":{"line":39,"column":1}},"7":{"start":{"line":17,"column":2},"end":{"line":19,"column":3}},"8":{"start":{"line":18,"column":4},"end":{"line":18,"column":45}},"9":{"start":{"line":21,"column":2},"end":{"line":21,"column":31}},"10":{"start":{"line":23,"column":2},"end":{"line":23,"column":26}},"11":{"start":{"line":24,"column":2},"end":{"line":24,"column":19}},"12":{"start":{"line":25,"column":2},"end":{"line":25,"column":63}},"13":{"start":{"line":26,"column":2},"end":{"line":26,"column":17}},"14":{"start":{"line":27,"column":2},"end":{"line":27,"column":43}},"15":{"start":{"line":29,"column":2},"end":{"line":29,"column":17}},"16":{"start":{"line":31,"column":2},"end":{"line":35,"column":3}},"17":{"start":{"line":32,"column":4},"end":{"line":32,"column":56}},"18":{"start":{"line":34,"column":4},"end":{"line":34,"column":52}},"19":{"start":{"line":37,"column":2},"end":{"line":37,"column":44}},"20":{"start":{"line":38,"column":2},"end":{"line":38,"column":46}},"21":{"start":{"line":41,"column":0},"end":{"line":56,"column":1}},"22":{"start":{"line":42,"column":2},"end":{"line":42,"column":25}},"23":{"start":{"line":43,"column":2},"end":{"line":43,"column":43}},"24":{"start":{"line":44,"column":2},"end":{"line":44,"column":53}},"25":{"start":{"line":46,"column":2},"end":{"line":55,"column":3}},"26":{"start":{"line":47,"column":4},"end":{"line":52,"column":5}},"27":{"start":{"line":48,"column":6},"end":{"line":48,"column":93}},"28":{"start":{"line":49,"column":6},"end":{"line":49,"column":29}},"29":{"start":{"line":51,"column":6},"end":{"line":51,"column":47}},"30":{"start":{"line":54,"column":4},"end":{"line":54,"column":20}},"31":{"start":{"line":58,"column":0},"end":{"line":61,"column":2}},"32":{"start":{"line":59,"column":2},"end":{"line":59,"column":58}},"33":{"start":{"line":60,"column":2},"end":{"line":60,"column":19}},"34":{"start":{"line":63,"column":0},"end":{"line":66,"column":2}},"35":{"start":{"line":64,"column":2},"end":{"line":64,"column":27}},"36":{"start":{"line":65,"column":2},"end":{"line":65,"column":26}}},"branchMap":{"1":{"line":17,"type":"if","locations":[{"start":{"line":17,"column":2},"end":{"line":17,"column":2}},{"start":{"line":17,"column":2},"end":{"line":17,"column":2}}]},"2":{"line":23,"type":"binary-expr","locations":[{"start":{"line":23,"column":12},"end":{"line":23,"column":19}},{"start":{"line":23,"column":23},"end":{"line":23,"column":25}}]},"3":{"line":25,"type":"binary-expr","locations":[{"start":{"line":25,"column":15},"end":{"line":25,"column":25}},{"start":{"line":25,"column":29},"end":{"line":25,"column":45}},{"start":{"line":25,"column":49},"end":{"line":25,"column":62}}]},"4":{"line":27,"type":"binary-expr","locations":[{"start":{"line":27,"column":14},"end":{"line":27,"column":33}},{"start":{"line":27,"column":37},"end":{"line":27,"column":42}}]},"5":{"line":31,"type":"if","locations":[{"start":{"line":31,"column":2},"end":{"line":31,"column":2}},{"start":{"line":31,"column":2},"end":{"line":31,"column":2}}]},"6":{"line":46,"type":"if","locations":[{"start":{"line":46,"column":2},"end":{"line":46,"column":2}},{"start":{"line":46,"column":2},"end":{"line":46,"column":2}}]},"7":{"line":47,"type":"if","locations":[{"start":{"line":47,"column":4},"end":{"line":47,"column":4}},{"start":{"line":47,"column":4},"end":{"line":47,"column":4}}]}},"code":["var util = require('util');","var Readable = require('stream').Readable;","var bind = require('component-bind');","","","module.exports = BlobReadStream;","","util.inherits(BlobReadStream, Readable);","","/**"," * Readable stream for Blob and File on browser."," *"," * @param {Object} options"," * @api private"," */","function BlobReadStream(blob, options) {","  if (!(this instanceof BlobReadStream)) {","    return new BlobReadStream(blob, options);","  }","","  Readable.call(this, options);","","  options = options || {};","  this.blob = blob;","  this.slice = blob.slice || blob.webkitSlice || blob.mozSlice;","  this.start = 0;","  this.sync = options.synchronous || false;","","  var fileReader;","","  if (options.synchronous) {","    fileReader = this.fileReader = new FileReaderSync();","  } else {","    fileReader = this.fileReader = new FileReader();","  }","","  fileReader.onload = bind(this, '_onload');","  fileReader.onerror = bind(this, '_onerror');","}","","BlobReadStream.prototype._read = function(size) {","  var start = this.start;","  var end = this.start = this.start + size;","  var chunk = this.slice.call(this.blob, start, end);","","  if (chunk.size) {","    if (this.sync) {","      var bufferChunk = new Buffer(new Uint8Array(this.fileReader.readAsArrayBuffer(chunk)));","      this.push(bufferChunk);","    } else {","      this.fileReader.readAsArrayBuffer(chunk);","    }","  } else {","    this.push(null);","  }","}","","BlobReadStream.prototype._onload = function(e) {","  var chunk = new Buffer(new Uint8Array(e.target.result));","  this.push(chunk);","};","","BlobReadStream.prototype._onerror = function(e) {","  var err = e.target.error;","  this.emit('error', err);","};","",""],"l":{"1":1,"2":1,"3":1,"6":1,"8":1,"16":1,"17":0,"18":0,"21":0,"23":0,"24":0,"25":0,"26":0,"27":0,"29":0,"31":0,"32":0,"34":0,"37":0,"38":0,"41":1,"42":0,"43":0,"44":0,"46":0,"47":0,"48":0,"49":0,"51":0,"54":0,"58":1,"59":0,"60":0,"63":1,"64":0,"65":0}}}